[[1;34mINFO[m] Error stacktraces are turned on.
[[1;34mINFO[m] Scanning for projects...
[[1;34mINFO[m] [1m------------------------------------------------------------------------[m
[[1;34mINFO[m] [1mReactor Build Order:[m
[[1;34mINFO[m] 
[[1;34mINFO[m] FSCrawler                                                          [pom]
[[1;34mINFO[m] FSCrawler Test Framework                                           [jar]
[[1;34mINFO[m] FSCrawler Framework                                                [jar]
[[1;34mINFO[m] FSCrawler Settings                                                 [jar]
[[1;34mINFO[m] FSCrawler Test Documents                                           [jar]
[[1;34mINFO[m] FSCrawler Beans                                                    [jar]
[[1;34mINFO[m] FSCrawler 3rd Party libraries                                      [pom]
[[1;34mINFO[m] FSCrawler Workplace Search Client                                  [jar]
[[1;34mINFO[m] FSCrawler Elasticsearch Client                                     [jar]
[[1;34mINFO[m] FSCrawler Tika                                                     [jar]
[[1;34mINFO[m] FSCrawler Crawlers                                                 [pom]
[[1;34mINFO[m] FSCrawler Abstract Crawler                                         [jar]
[[1;34mINFO[m] FSCrawler Crawlers: FS                                             [jar]
[[1;34mINFO[m] FSCrawler Crawlers: FTP                                            [jar]
[[1;34mINFO[m] FSCrawler Crawlers: SSH                                            [jar]
[[1;34mINFO[m] FSCrawler Core                                                     [jar]
[[1;34mINFO[m] FSCrawler Rest Server                                              [jar]
[[1;34mINFO[m] FSCrawler Integration Tests                                        [jar]
[[1;34mINFO[m] FSCrawler Cli                                                      [jar]
[[1;34mINFO[m] FSCrawler ZIP Distribution                                         [jar]
[[1;34mINFO[m] FSCrawler Documentation                                            [pom]
[[1;34mINFO[m] FSCrawler Contribution Examples                                    [pom]
[[1;34mINFO[m] 
[[1;34mINFO[m] [1m----------< [0;36mfr.pilato.elasticsearch.crawler:fscrawler-parent[0;1m >----------[m
[[1;34mINFO[m] [1mBuilding FSCrawler 2.10-SNAPSHOT                                  [1/22][m
[[1;34mINFO[m] [1m--------------------------------[ pom ]---------------------------------[m
[[1;34mINFO[m] 
[[1;34mINFO[m] [1m--- [0;32mmaven-clean-plugin:2.5:clean[m [1m(default-clean)[m @ [36mfscrawler-parent[0;1m ---[m
[[1;34mINFO[m] 
[[1;34mINFO[m] [1m--- [0;32mossindex-maven-plugin:3.2.0:audit[m [1m(audit-dependencies)[m @ [36mfscrawler-parent[0;1m ---[m
[[1;34mINFO[m] Skipping; POM module
[[1;34mINFO[m] 
[[1;34mINFO[m] [1m--- [0;32mmaven-install-plugin:3.1.1:install[m [1m(default-install)[m @ [36mfscrawler-parent[0;1m ---[m
[[1;34mINFO[m] Installing /usr/local/programming/fscrawler/pom.xml to /home/chris/.m2/repository/fr/pilato/elasticsearch/crawler/fscrawler-parent/2.10-SNAPSHOT/fscrawler-parent-2.10-SNAPSHOT.pom
[[1;34mINFO[m] 
[[1;34mINFO[m] [1m------< [0;36mfr.pilato.elasticsearch.crawler:fscrawler-test-framework[0;1m >------[m
[[1;34mINFO[m] [1mBuilding FSCrawler Test Framework 2.10-SNAPSHOT                   [2/22][m
[[1;34mINFO[m] [1m--------------------------------[ jar ]---------------------------------[m
[[1;34mINFO[m] 
[[1;34mINFO[m] [1m--- [0;32mmaven-clean-plugin:2.5:clean[m [1m(default-clean)[m @ [36mfscrawler-test-framework[0;1m ---[m
[[1;34mINFO[m] Deleting /usr/local/programming/fscrawler/test-framework/target
[[1;34mINFO[m] 
[[1;34mINFO[m] [1m--- [0;32mmaven-enforcer-plugin:3.3.0:enforce[m [1m(enforce)[m @ [36mfscrawler-test-framework[0;1m ---[m
[[1;34mINFO[m] Rule 0: org.apache.maven.enforcer.rules.version.RequireJavaVersion passed
[[1;34mINFO[m] Rule 1: org.apache.maven.enforcer.rules.dependency.DependencyConvergence passed
[[1;34mINFO[m] Rule 2: org.apache.maven.enforcer.rules.version.RequireMavenVersion passed
[[1;34mINFO[m] 
[[1;34mINFO[m] [1m--- [0;32mmaven-resources-plugin:3.3.1:resources[m [1m(default-resources)[m @ [36mfscrawler-test-framework[0;1m ---[m
[[1;34mINFO[m] skip non existing resourceDirectory /usr/local/programming/fscrawler/test-framework/src/main/resources
[[1;34mINFO[m] 
[[1;34mINFO[m] [1m--- [0;32mmaven-compiler-plugin:3.11.0:compile[m [1m(default-compile)[m @ [36mfscrawler-test-framework[0;1m ---[m
[[1;34mINFO[m] Changes detected - recompiling the module! :source
[[1;34mINFO[m] Compiling 4 source files with javac [debug optimize deprecation release 11] to target/classes
[[1;33mWARNING[m] No processor claimed any of these annotations: /com.carrotsearch.randomizedtesting.annotations.TimeoutSuite,/org.junit.ClassRule,/org.junit.BeforeClass,java.base/java.lang.annotation.Target,/com.carrotsearch.randomizedtesting.annotations.ThreadLeakLingering,java.base/java.lang.Override,/org.junit.Rule,java.base/java.lang.annotation.Retention,/com.carrotsearch.randomizedtesting.annotations.ThreadLeakScope,/org.junit.runner.RunWith,/org.junit.AfterClass,/com.carrotsearch.randomizedtesting.annotations.Listeners
[[1;34mINFO[m] /usr/local/programming/fscrawler/test-framework/src/main/java/fr/pilato/elasticsearch/crawler/fs/test/framework/AbstractFSCrawlerTestCase.java: /usr/local/programming/fscrawler/test-framework/src/main/java/fr/pilato/elasticsearch/crawler/fs/test/framework/AbstractFSCrawlerTestCase.java uses unchecked or unsafe operations.
[[1;34mINFO[m] /usr/local/programming/fscrawler/test-framework/src/main/java/fr/pilato/elasticsearch/crawler/fs/test/framework/AbstractFSCrawlerTestCase.java: Recompile with -Xlint:unchecked for details.
[[1;34mINFO[m] 
[[1;34mINFO[m] [1m--- [0;32mmaven-resources-plugin:3.3.1:testResources[m [1m(default-testResources)[m @ [36mfscrawler-test-framework[0;1m ---[m
[[1;34mINFO[m] Copying 1 resource from src/test/resources to target/test-classes
[[1;34mINFO[m] 
[[1;34mINFO[m] [1m--- [0;32mmaven-compiler-plugin:3.11.0:testCompile[m [1m(default-testCompile)[m @ [36mfscrawler-test-framework[0;1m ---[m
[[1;34mINFO[m] Changes detected - recompiling the module! :dependency
[[1;34mINFO[m] Compiling 1 source file with javac [debug optimize deprecation release 11] to target/test-classes
[[1;33mWARNING[m] No processor claimed any of these annotations: /com.carrotsearch.randomizedtesting.annotations.ThreadLeakLingering,java.base/java.lang.SuppressWarnings,/com.carrotsearch.randomizedtesting.annotations.ThreadLeakScope,/org.junit.Test,/com.carrotsearch.randomizedtesting.annotations.TimeoutSuite,/org.junit.runner.RunWith
[[1;34mINFO[m] 
[[1;34mINFO[m] [1m--- [0;32mjunit4-maven-plugin:2.8.1:junit4[m [1m(unit-tests)[m @ [36mfscrawler-test-framework[0;1m ---[m
[[1;34mINFO[m] <JUnit4> says hi! Main seed: 84AD6D8B55DB3404
Executing 1 suite with 1 JVM.

Started J0 PID(1375062@scs-dev-server).
[[1;34mINFO[m] JVM J0:     0.32 ..     1.09 =     0.76s
[[1;34mINFO[m] Execution time total: 1.09 sec.
[[1;34mINFO[m] Tests summary: 1 suite, 2 tests
[[1;34mINFO[m] 
[[1;34mINFO[m] [1m--- [0;32mmaven-jar-plugin:3.3.0:jar[m [1m(default-jar)[m @ [36mfscrawler-test-framework[0;1m ---[m
[[1;34mINFO[m] Building jar: /usr/local/programming/fscrawler/test-framework/target/fscrawler-test-framework-2.10-SNAPSHOT.jar
[[1;34mINFO[m] 
[[1;34mINFO[m] [1m--- [0;32mjunit4-maven-plugin:2.8.1:junit4[m [1m(integration-tests)[m @ [36mfscrawler-test-framework[0;1m ---[m
[[1;34mINFO[m] <JUnit4> says –ü—Ä–∏–≤–µ—Ç! Main seed: ECDFBAC57DEAABD8
[[1;34mINFO[m] Tests summary: 0 suites, 0 tests
[[1;33mWARNING[m] There were no executed tests: 0 suites, 0 tests
[[1;34mINFO[m] 
[[1;34mINFO[m] [1m--- [0;32mossindex-maven-plugin:3.2.0:audit[m [1m(audit-dependencies)[m @ [36mfscrawler-test-framework[0;1m ---[m
[[1;34mINFO[m] Checking for vulnerabilities; 14 artifacts
[[1;34mINFO[m] Exclude coordinates: []
[[1;34mINFO[m] Exclude vulnerability identifiers: [CVE-2022-1471]
[[1;34mINFO[m] CVSS-score threshold: 7.0
[[1;34mINFO[m] 
[[1;34mINFO[m] [1m--- [0;32mmaven-install-plugin:3.1.1:install[m [1m(default-install)[m @ [36mfscrawler-test-framework[0;1m ---[m
[[1;34mINFO[m] Installing /usr/local/programming/fscrawler/test-framework/pom.xml to /home/chris/.m2/repository/fr/pilato/elasticsearch/crawler/fscrawler-test-framework/2.10-SNAPSHOT/fscrawler-test-framework-2.10-SNAPSHOT.pom
[[1;34mINFO[m] Installing /usr/local/programming/fscrawler/test-framework/target/fscrawler-test-framework-2.10-SNAPSHOT.jar to /home/chris/.m2/repository/fr/pilato/elasticsearch/crawler/fscrawler-test-framework/2.10-SNAPSHOT/fscrawler-test-framework-2.10-SNAPSHOT.jar
[[1;34mINFO[m] 
[[1;34mINFO[m] [1m--------< [0;36mfr.pilato.elasticsearch.crawler:fscrawler-framework[0;1m >---------[m
[[1;34mINFO[m] [1mBuilding FSCrawler Framework 2.10-SNAPSHOT                        [3/22][m
[[1;34mINFO[m] [1m--------------------------------[ jar ]---------------------------------[m
[[1;34mINFO[m] 
[[1;34mINFO[m] [1m--- [0;32mmaven-clean-plugin:2.5:clean[m [1m(default-clean)[m @ [36mfscrawler-framework[0;1m ---[m
[[1;34mINFO[m] Deleting /usr/local/programming/fscrawler/framework/target
[[1;34mINFO[m] 
[[1;34mINFO[m] [1m--- [0;32mmaven-enforcer-plugin:3.3.0:enforce[m [1m(enforce)[m @ [36mfscrawler-framework[0;1m ---[m
[[1;34mINFO[m] Rule 1: org.apache.maven.enforcer.rules.dependency.DependencyConvergence passed
[[1;34mINFO[m] 
[[1;34mINFO[m] [1m--- [0;32mmaven-resources-plugin:3.3.1:resources[m [1m(default-resources)[m @ [36mfscrawler-framework[0;1m ---[m
[[1;34mINFO[m] Copying 1 resource from src/main/resources to target/classes
[[1;34mINFO[m] 
[[1;34mINFO[m] [1m--- [0;32mmaven-compiler-plugin:3.11.0:compile[m [1m(default-compile)[m @ [36mfscrawler-framework[0;1m ---[m
[[1;34mINFO[m] Changes detected - recompiling the module! :source
[[1;34mINFO[m] Compiling 28 source files with javac [debug optimize deprecation release 11] to target/classes
[[1;33mWARNING[m] No processor claimed any of these annotations: java.base/java.lang.Override,java.base/java.lang.SuppressWarnings
[[1;34mINFO[m] 
[[1;34mINFO[m] [1m--- [0;32mmaven-resources-plugin:3.3.1:testResources[m [1m(default-testResources)[m @ [36mfscrawler-framework[0;1m ---[m
[[1;34mINFO[m] Copying 1 resource from src/test/resources to target/test-classes
[[1;34mINFO[m] 
[[1;34mINFO[m] [1m--- [0;32mmaven-compiler-plugin:3.11.0:testCompile[m [1m(default-testCompile)[m @ [36mfscrawler-framework[0;1m ---[m
[[1;34mINFO[m] Changes detected - recompiling the module! :dependency
[[1;34mINFO[m] Compiling 4 source files with javac [debug optimize deprecation release 11] to target/test-classes
[[1;33mWARNING[m] No processor claimed any of these annotations: /org.junit.BeforeClass,/com.carrotsearch.randomizedtesting.annotations.ThreadLeakLingering,/com.carrotsearch.randomizedtesting.annotations.ThreadLeakScope,/org.junit.Test,/com.carrotsearch.randomizedtesting.annotations.TimeoutSuite,/org.junit.runner.RunWith
[[1;34mINFO[m] 
[[1;34mINFO[m] [1m--- [0;32mmaven-jar-plugin:3.3.0:jar[m [1m(default-jar)[m @ [36mfscrawler-framework[0;1m ---[m
[[1;34mINFO[m] Building jar: /usr/local/programming/fscrawler/framework/target/fscrawler-framework-2.10-SNAPSHOT.jar
[[1;34mINFO[m] 
[[1;34mINFO[m] [1m--- [0;32mossindex-maven-plugin:3.2.0:audit[m [1m(audit-dependencies)[m @ [36mfscrawler-framework[0;1m ---[m
[[1;34mINFO[m] Checking for vulnerabilities; 28 artifacts
[[1;34mINFO[m] Exclude coordinates: []
[[1;34mINFO[m] Exclude vulnerability identifiers: [CVE-2022-1471]
[[1;34mINFO[m] CVSS-score threshold: 7.0
[[1;34mINFO[m] 
[[1;34mINFO[m] [1m--- [0;32mmaven-install-plugin:3.1.1:install[m [1m(default-install)[m @ [36mfscrawler-framework[0;1m ---[m
[[1;34mINFO[m] Installing /usr/local/programming/fscrawler/framework/pom.xml to /home/chris/.m2/repository/fr/pilato/elasticsearch/crawler/fscrawler-framework/2.10-SNAPSHOT/fscrawler-framework-2.10-SNAPSHOT.pom
[[1;34mINFO[m] Installing /usr/local/programming/fscrawler/framework/target/fscrawler-framework-2.10-SNAPSHOT.jar to /home/chris/.m2/repository/fr/pilato/elasticsearch/crawler/fscrawler-framework/2.10-SNAPSHOT/fscrawler-framework-2.10-SNAPSHOT.jar
[[1;34mINFO[m] 
[[1;34mINFO[m] [1m---------< [0;36mfr.pilato.elasticsearch.crawler:fscrawler-settings[0;1m >---------[m
[[1;34mINFO[m] [1mBuilding FSCrawler Settings 2.10-SNAPSHOT                         [4/22][m
[[1;34mINFO[m] [1m--------------------------------[ jar ]---------------------------------[m
[[1;34mINFO[m] 
[[1;34mINFO[m] [1m--- [0;32mmaven-clean-plugin:2.5:clean[m [1m(default-clean)[m @ [36mfscrawler-settings[0;1m ---[m
[[1;34mINFO[m] Deleting /usr/local/programming/fscrawler/settings/target
[[1;34mINFO[m] 
[[1;34mINFO[m] [1m--- [0;32mmaven-enforcer-plugin:3.3.0:enforce[m [1m(enforce)[m @ [36mfscrawler-settings[0;1m ---[m
[[1;34mINFO[m] Rule 1: org.apache.maven.enforcer.rules.dependency.DependencyConvergence passed
[[1;34mINFO[m] 
[[1;34mINFO[m] [1m--- [0;32mmaven-resources-plugin:3.3.1:resources[m [1m(default-resources)[m @ [36mfscrawler-settings[0;1m ---[m
[[1;34mINFO[m] Copying 8 resources from src/main/resources to target/classes
[[1;34mINFO[m] 
[[1;34mINFO[m] [1m--- [0;32mmaven-compiler-plugin:3.11.0:compile[m [1m(default-compile)[m @ [36mfscrawler-settings[0;1m ---[m
[[1;34mINFO[m] Changes detected - recompiling the module! :dependency
[[1;34mINFO[m] Compiling 11 source files with javac [debug optimize deprecation release 11] to target/classes
[[1;33mWARNING[m] No processor claimed any of these annotations: java.base/java.lang.Deprecated,/com.fasterxml.jackson.annotation.JsonIgnore,java.base/java.lang.Override,java.base/java.lang.SuppressWarnings,/com.fasterxml.jackson.annotation.JsonProperty
[[1;34mINFO[m] 
[[1;34mINFO[m] [1m--- [0;32mmaven-resources-plugin:3.3.1:testResources[m [1m(default-testResources)[m @ [36mfscrawler-settings[0;1m ---[m
[[1;34mINFO[m] Copying 9 resources from src/test/resources to target/test-classes
[[1;34mINFO[m] 
[[1;34mINFO[m] [1m--- [0;32mmaven-compiler-plugin:3.11.0:testCompile[m [1m(default-testCompile)[m @ [36mfscrawler-settings[0;1m ---[m
[[1;34mINFO[m] Changes detected - recompiling the module! :dependency
[[1;34mINFO[m] Compiling 8 source files with javac [debug optimize deprecation release 11] to target/test-classes
[[1;33mWARNING[m] No processor claimed any of these annotations: /org.junit.BeforeClass,/com.carrotsearch.randomizedtesting.annotations.ThreadLeakLingering,/com.carrotsearch.randomizedtesting.annotations.ThreadLeakScope,/org.junit.Test,/com.carrotsearch.randomizedtesting.annotations.TimeoutSuite,/org.junit.runner.RunWith
[[1;34mINFO[m] 
[[1;34mINFO[m] [1m--- [0;32mjunit4-maven-plugin:2.8.1:junit4[m [1m(unit-tests)[m @ [36mfscrawler-settings[0;1m ---[m
[[1;34mINFO[m] <JUnit4> says cze≈õƒá! Main seed: 7376D9643EB0DBAC
Executing 8 suites with 4 JVMs.

Started J0 PID(1375265@scs-dev-server).
Started J1 PID(1375262@scs-dev-server).
Started J2 PID(1375263@scs-dev-server).
Started J3 PID(1375264@scs-dev-server).
[[1;34mINFO[m] JVM J0:     0.52 ..     2.53 =     2.01s
[[1;34mINFO[m] JVM J1:     0.53 ..     2.78 =     2.26s
[[1;34mINFO[m] JVM J2:     0.53 ..     3.05 =     2.52s
[[1;34mINFO[m] JVM J3:     0.53 ..     2.56 =     2.03s
[[1;34mINFO[m] Execution time total: 3.06 sec.
[[1;34mINFO[m] Tests summary: 8 suites, 56 tests
[[1;34mINFO[m] 
[[1;34mINFO[m] [1m--- [0;32mmaven-jar-plugin:3.3.0:jar[m [1m(default-jar)[m @ [36mfscrawler-settings[0;1m ---[m
[[1;34mINFO[m] Building jar: /usr/local/programming/fscrawler/settings/target/fscrawler-settings-2.10-SNAPSHOT.jar
[[1;34mINFO[m] 
[[1;34mINFO[m] [1m--- [0;32mjunit4-maven-plugin:2.8.1:junit4[m [1m(integration-tests)[m @ [36mfscrawler-settings[0;1m ---[m
[[1;34mINFO[m] <JUnit4> says ciao! Main seed: 1D09B92F9640F403
[[1;34mINFO[m] Tests summary: 0 suites, 0 tests
[[1;33mWARNING[m] There were no executed tests: 0 suites, 0 tests
[[1;34mINFO[m] 
[[1;34mINFO[m] [1m--- [0;32mossindex-maven-plugin:3.2.0:audit[m [1m(audit-dependencies)[m @ [36mfscrawler-settings[0;1m ---[m
[[1;34mINFO[m] Checking for vulnerabilities; 29 artifacts
[[1;34mINFO[m] Exclude coordinates: []
[[1;34mINFO[m] Exclude vulnerability identifiers: [CVE-2022-1471]
[[1;34mINFO[m] CVSS-score threshold: 7.0
[[1;34mINFO[m] 
[[1;34mINFO[m] [1m--- [0;32mmaven-install-plugin:3.1.1:install[m [1m(default-install)[m @ [36mfscrawler-settings[0;1m ---[m
[[1;34mINFO[m] Installing /usr/local/programming/fscrawler/settings/pom.xml to /home/chris/.m2/repository/fr/pilato/elasticsearch/crawler/fscrawler-settings/2.10-SNAPSHOT/fscrawler-settings-2.10-SNAPSHOT.pom
[[1;34mINFO[m] Installing /usr/local/programming/fscrawler/settings/target/fscrawler-settings-2.10-SNAPSHOT.jar to /home/chris/.m2/repository/fr/pilato/elasticsearch/crawler/fscrawler-settings/2.10-SNAPSHOT/fscrawler-settings-2.10-SNAPSHOT.jar
[[1;34mINFO[m] 
[[1;34mINFO[m] [1m------< [0;36mfr.pilato.elasticsearch.crawler:fscrawler-test-documents[0;1m >------[m
[[1;34mINFO[m] [1mBuilding FSCrawler Test Documents 2.10-SNAPSHOT                   [5/22][m
[[1;34mINFO[m] [1m--------------------------------[ jar ]---------------------------------[m
[[1;34mINFO[m] 
[[1;34mINFO[m] [1m--- [0;32mmaven-clean-plugin:2.5:clean[m [1m(default-clean)[m @ [36mfscrawler-test-documents[0;1m ---[m
[[1;34mINFO[m] Deleting /usr/local/programming/fscrawler/test-documents/target
[[1;34mINFO[m] 
[[1;34mINFO[m] [1m--- [0;32mmaven-enforcer-plugin:3.3.0:enforce[m [1m(enforce)[m @ [36mfscrawler-test-documents[0;1m ---[m
[[1;34mINFO[m] Rule 1: org.apache.maven.enforcer.rules.dependency.DependencyConvergence passed
[[1;34mINFO[m] 
[[1;34mINFO[m] [1m--- [0;32mmaven-resources-plugin:3.3.1:resources[m [1m(default-resources)[m @ [36mfscrawler-test-documents[0;1m ---[m
[[1;34mINFO[m] Copying 32 resources from src/main/resources to target/classes
[[1;34mINFO[m] 
[[1;34mINFO[m] [1m--- [0;32mmaven-compiler-plugin:3.11.0:compile[m [1m(default-compile)[m @ [36mfscrawler-test-documents[0;1m ---[m
[[1;34mINFO[m] No sources to compile
[[1;34mINFO[m] 
[[1;34mINFO[m] [1m--- [0;32mmaven-resources-plugin:3.3.1:testResources[m [1m(default-testResources)[m @ [36mfscrawler-test-documents[0;1m ---[m
[[1;34mINFO[m] skip non existing resourceDirectory /usr/local/programming/fscrawler/test-documents/src/test/resources
[[1;34mINFO[m] 
[[1;34mINFO[m] [1m--- [0;32mmaven-compiler-plugin:3.11.0:testCompile[m [1m(default-testCompile)[m @ [36mfscrawler-test-documents[0;1m ---[m
[[1;34mINFO[m] No sources to compile
[[1;34mINFO[m] 
[[1;34mINFO[m] [1m--- [0;32mmaven-jar-plugin:3.3.0:jar[m [1m(default-jar)[m @ [36mfscrawler-test-documents[0;1m ---[m
[[1;34mINFO[m] Building jar: /usr/local/programming/fscrawler/test-documents/target/fscrawler-test-documents-2.10-SNAPSHOT.jar
[[1;34mINFO[m] 
[[1;34mINFO[m] [1m--- [0;32mossindex-maven-plugin:3.2.0:audit[m [1m(audit-dependencies)[m @ [36mfscrawler-test-documents[0;1m ---[m
[[1;34mINFO[m] Skipping; zero dependencies
[[1;34mINFO[m] 
[[1;34mINFO[m] [1m--- [0;32mmaven-install-plugin:3.1.1:install[m [1m(default-install)[m @ [36mfscrawler-test-documents[0;1m ---[m
[[1;34mINFO[m] Installing /usr/local/programming/fscrawler/test-documents/pom.xml to /home/chris/.m2/repository/fr/pilato/elasticsearch/crawler/fscrawler-test-documents/2.10-SNAPSHOT/fscrawler-test-documents-2.10-SNAPSHOT.pom
[[1;34mINFO[m] Installing /usr/local/programming/fscrawler/test-documents/target/fscrawler-test-documents-2.10-SNAPSHOT.jar to /home/chris/.m2/repository/fr/pilato/elasticsearch/crawler/fscrawler-test-documents/2.10-SNAPSHOT/fscrawler-test-documents-2.10-SNAPSHOT.jar
[[1;34mINFO[m] 
[[1;34mINFO[m] [1m----------< [0;36mfr.pilato.elasticsearch.crawler:fscrawler-beans[0;1m >-----------[m
[[1;34mINFO[m] [1mBuilding FSCrawler Beans 2.10-SNAPSHOT                            [6/22][m
[[1;34mINFO[m] [1m--------------------------------[ jar ]---------------------------------[m
[[1;34mINFO[m] 
[[1;34mINFO[m] [1m--- [0;32mmaven-clean-plugin:2.5:clean[m [1m(default-clean)[m @ [36mfscrawler-beans[0;1m ---[m
[[1;34mINFO[m] Deleting /usr/local/programming/fscrawler/beans/target
[[1;34mINFO[m] 
[[1;34mINFO[m] [1m--- [0;32mmaven-enforcer-plugin:3.3.0:enforce[m [1m(enforce)[m @ [36mfscrawler-beans[0;1m ---[m
[[1;34mINFO[m] Rule 1: org.apache.maven.enforcer.rules.dependency.DependencyConvergence passed
[[1;34mINFO[m] 
[[1;34mINFO[m] [1m--- [0;32mmaven-resources-plugin:3.3.1:resources[m [1m(default-resources)[m @ [36mfscrawler-beans[0;1m ---[m
[[1;34mINFO[m] skip non existing resourceDirectory /usr/local/programming/fscrawler/beans/src/main/resources
[[1;34mINFO[m] 
[[1;34mINFO[m] [1m--- [0;32mmaven-compiler-plugin:3.11.0:compile[m [1m(default-compile)[m @ [36mfscrawler-beans[0;1m ---[m
[[1;34mINFO[m] Changes detected - recompiling the module! :dependency
[[1;34mINFO[m] Compiling 9 source files with javac [debug optimize deprecation release 11] to target/classes
[[1;33mWARNING[m] No processor claimed any of these annotations: java.base/java.lang.Override
[[1;34mINFO[m] 
[[1;34mINFO[m] [1m--- [0;32mmaven-resources-plugin:3.3.1:testResources[m [1m(default-testResources)[m @ [36mfscrawler-beans[0;1m ---[m
[[1;34mINFO[m] Copying 1 resource from src/test/resources to target/test-classes
[[1;34mINFO[m] 
[[1;34mINFO[m] [1m--- [0;32mmaven-compiler-plugin:3.11.0:testCompile[m [1m(default-testCompile)[m @ [36mfscrawler-beans[0;1m ---[m
[[1;34mINFO[m] Changes detected - recompiling the module! :dependency
[[1;34mINFO[m] Compiling 1 source file with javac [debug optimize deprecation release 11] to target/test-classes
[[1;33mWARNING[m] No processor claimed any of these annotations: /com.carrotsearch.randomizedtesting.annotations.ThreadLeakLingering,/com.carrotsearch.randomizedtesting.annotations.ThreadLeakScope,/org.junit.Test,/com.carrotsearch.randomizedtesting.annotations.TimeoutSuite,/org.junit.runner.RunWith
[[1;34mINFO[m] 
[[1;34mINFO[m] [1m--- [0;32mjunit4-maven-plugin:2.8.1:junit4[m [1m(unit-tests)[m @ [36mfscrawler-beans[0;1m ---[m
[[1;34mINFO[m] <JUnit4> says ‰Ω†Â•Ω! Main seed: 3942B36C16210078
Executing 1 suite with 1 JVM.

Started J0 PID(1375541@scs-dev-server).
[[1;34mINFO[m] JVM J0:     0.26 ..     1.77 =     1.51s
[[1;34mINFO[m] Execution time total: 1.77 sec.
[[1;34mINFO[m] Tests summary: 1 suite, 3 tests
[[1;34mINFO[m] 
[[1;34mINFO[m] [1m--- [0;32mmaven-jar-plugin:3.3.0:jar[m [1m(default-jar)[m @ [36mfscrawler-beans[0;1m ---[m
[[1;34mINFO[m] Building jar: /usr/local/programming/fscrawler/beans/target/fscrawler-beans-2.10-SNAPSHOT.jar
[[1;34mINFO[m] 
[[1;34mINFO[m] [1m--- [0;32mjunit4-maven-plugin:2.8.1:junit4[m [1m(integration-tests)[m @ [36mfscrawler-beans[0;1m ---[m
[[1;34mINFO[m] <JUnit4> says hello! Main seed: 2BD4482D60DDC53A
[[1;34mINFO[m] Tests summary: 0 suites, 0 tests
[[1;33mWARNING[m] There were no executed tests: 0 suites, 0 tests
[[1;34mINFO[m] 
[[1;34mINFO[m] [1m--- [0;32mossindex-maven-plugin:3.2.0:audit[m [1m(audit-dependencies)[m @ [36mfscrawler-beans[0;1m ---[m
[[1;34mINFO[m] Checking for vulnerabilities; 31 artifacts
[[1;34mINFO[m] Exclude coordinates: []
[[1;34mINFO[m] Exclude vulnerability identifiers: [CVE-2022-1471]
[[1;34mINFO[m] CVSS-score threshold: 7.0
[[1;34mINFO[m] 
[[1;34mINFO[m] [1m--- [0;32mmaven-install-plugin:3.1.1:install[m [1m(default-install)[m @ [36mfscrawler-beans[0;1m ---[m
[[1;34mINFO[m] Installing /usr/local/programming/fscrawler/beans/pom.xml to /home/chris/.m2/repository/fr/pilato/elasticsearch/crawler/fscrawler-beans/2.10-SNAPSHOT/fscrawler-beans-2.10-SNAPSHOT.pom
[[1;34mINFO[m] Installing /usr/local/programming/fscrawler/beans/target/fscrawler-beans-2.10-SNAPSHOT.jar to /home/chris/.m2/repository/fr/pilato/elasticsearch/crawler/fscrawler-beans/2.10-SNAPSHOT/fscrawler-beans-2.10-SNAPSHOT.jar
[[1;34mINFO[m] 
[[1;34mINFO[m] [1m---------< [0;36mfr.pilato.elasticsearch.crawler:fscrawler-3rdparty[0;1m >---------[m
[[1;34mINFO[m] [1mBuilding FSCrawler 3rd Party libraries 2.10-SNAPSHOT              [7/22][m
[[1;34mINFO[m] [1m--------------------------------[ pom ]---------------------------------[m
[[1;34mINFO[m] 
[[1;34mINFO[m] [1m--- [0;32mmaven-clean-plugin:2.5:clean[m [1m(default-clean)[m @ [36mfscrawler-3rdparty[0;1m ---[m
[[1;34mINFO[m] 
[[1;34mINFO[m] [1m--- [0;32mossindex-maven-plugin:3.2.0:audit[m [1m(audit-dependencies)[m @ [36mfscrawler-3rdparty[0;1m ---[m
[[1;34mINFO[m] Skipping; POM module
[[1;34mINFO[m] 
[[1;34mINFO[m] [1m--- [0;32mmaven-install-plugin:3.1.1:install[m [1m(default-install)[m @ [36mfscrawler-3rdparty[0;1m ---[m
[[1;34mINFO[m] Installing /usr/local/programming/fscrawler/3rdparty/pom.xml to /home/chris/.m2/repository/fr/pilato/elasticsearch/crawler/fscrawler-3rdparty/2.10-SNAPSHOT/fscrawler-3rdparty-2.10-SNAPSHOT.pom
[[1;34mINFO[m] 
[[1;34mINFO[m] [1m--< [0;36mfr.pilato.elasticsearch.crawler:fscrawler-workplacesearch-client[0;1m >--[m
[[1;34mINFO[m] [1mBuilding FSCrawler Workplace Search Client 2.10-SNAPSHOT          [8/22][m
[[1;34mINFO[m] [1m--------------------------------[ jar ]---------------------------------[m
[[1;34mINFO[m] 
[[1;34mINFO[m] [1m--- [0;32mmaven-clean-plugin:2.5:clean[m [1m(default-clean)[m @ [36mfscrawler-workplacesearch-client[0;1m ---[m
[[1;34mINFO[m] Deleting /usr/local/programming/fscrawler/3rdparty/workplacesearch-client/target
[[1;34mINFO[m] 
[[1;34mINFO[m] [1m--- [0;32mmaven-resources-plugin:3.3.1:resources[m [1m(default-resources)[m @ [36mfscrawler-workplacesearch-client[0;1m ---[m
[[1;34mINFO[m] Copying 1 resource from src/main/resources to target/classes
[[1;34mINFO[m] 
[[1;34mINFO[m] [1m--- [0;32mmaven-compiler-plugin:3.11.0:compile[m [1m(default-compile)[m @ [36mfscrawler-workplacesearch-client[0;1m ---[m
[[1;34mINFO[m] Changes detected - recompiling the module! :dependency
[[1;34mINFO[m] Compiling 5 source files with javac [debug optimize deprecation release 11] to target/classes
[[1;33mWARNING[m] No processor claimed any of these annotations: java.base/java.lang.Override,java.base/java.lang.SuppressWarnings
[[1;34mINFO[m] 
[[1;34mINFO[m] [1m--- [0;32mmaven-resources-plugin:3.3.1:testResources[m [1m(default-testResources)[m @ [36mfscrawler-workplacesearch-client[0;1m ---[m
[[1;34mINFO[m] skip non existing resourceDirectory /usr/local/programming/fscrawler/3rdparty/workplacesearch-client/src/test/resources
[[1;34mINFO[m] 
[[1;34mINFO[m] [1m--- [0;32mmaven-compiler-plugin:3.11.0:testCompile[m [1m(default-testCompile)[m @ [36mfscrawler-workplacesearch-client[0;1m ---[m
[[1;34mINFO[m] No sources to compile
[[1;34mINFO[m] 
[[1;34mINFO[m] [1m--- [0;32mmaven-jar-plugin:3.3.0:jar[m [1m(default-jar)[m @ [36mfscrawler-workplacesearch-client[0;1m ---[m
[[1;34mINFO[m] Building jar: /usr/local/programming/fscrawler/3rdparty/workplacesearch-client/target/fscrawler-workplacesearch-client-2.10-SNAPSHOT.jar
[[1;34mINFO[m] 
[[1;34mINFO[m] [1m--- [0;32mossindex-maven-plugin:3.2.0:audit[m [1m(audit-dependencies)[m @ [36mfscrawler-workplacesearch-client[0;1m ---[m
[[1;34mINFO[m] Checking for vulnerabilities; 37 artifacts
[[1;34mINFO[m] Exclude coordinates: []
[[1;34mINFO[m] Exclude vulnerability identifiers: [CVE-2022-1471]
[[1;34mINFO[m] CVSS-score threshold: 7.0
[[1;34mINFO[m] 
[[1;34mINFO[m] [1m--- [0;32mmaven-install-plugin:3.1.1:install[m [1m(default-install)[m @ [36mfscrawler-workplacesearch-client[0;1m ---[m
[[1;34mINFO[m] Installing /usr/local/programming/fscrawler/3rdparty/workplacesearch-client/pom.xml to /home/chris/.m2/repository/fr/pilato/elasticsearch/crawler/fscrawler-workplacesearch-client/2.10-SNAPSHOT/fscrawler-workplacesearch-client-2.10-SNAPSHOT.pom
[[1;34mINFO[m] Installing /usr/local/programming/fscrawler/3rdparty/workplacesearch-client/target/fscrawler-workplacesearch-client-2.10-SNAPSHOT.jar to /home/chris/.m2/repository/fr/pilato/elasticsearch/crawler/fscrawler-workplacesearch-client/2.10-SNAPSHOT/fscrawler-workplacesearch-client-2.10-SNAPSHOT.jar
[[1;34mINFO[m] 
[[1;34mINFO[m] [1m---< [0;36mfr.pilato.elasticsearch.crawler:fscrawler-elasticsearch-client[0;1m >---[m
[[1;34mINFO[m] [1mBuilding FSCrawler Elasticsearch Client 2.10-SNAPSHOT             [9/22][m
[[1;34mINFO[m] [1m--------------------------------[ jar ]---------------------------------[m
[[1;34mINFO[m] 
[[1;34mINFO[m] [1m--- [0;32mmaven-clean-plugin:2.5:clean[m [1m(default-clean)[m @ [36mfscrawler-elasticsearch-client[0;1m ---[m
[[1;34mINFO[m] Deleting /usr/local/programming/fscrawler/elasticsearch-client/target
[[1;34mINFO[m] 
[[1;34mINFO[m] [1m--- [0;32mmaven-enforcer-plugin:3.3.0:enforce[m [1m(enforce)[m @ [36mfscrawler-elasticsearch-client[0;1m ---[m
[[1;34mINFO[m] Rule 1: org.apache.maven.enforcer.rules.dependency.DependencyConvergence passed
[[1;34mINFO[m] 
[[1;34mINFO[m] [1m--- [0;32mmaven-resources-plugin:3.3.1:resources[m [1m(default-resources)[m @ [36mfscrawler-elasticsearch-client[0;1m ---[m
[[1;34mINFO[m] skip non existing resourceDirectory /usr/local/programming/fscrawler/elasticsearch-client/src/main/resources
[[1;34mINFO[m] 
[[1;34mINFO[m] [1m--- [0;32mmaven-compiler-plugin:3.11.0:compile[m [1m(default-compile)[m @ [36mfscrawler-elasticsearch-client[0;1m ---[m
[[1;34mINFO[m] Changes detected - recompiling the module! :dependency
[[1;34mINFO[m] Compiling 22 source files with javac [debug optimize deprecation release 11] to target/classes
[[1;33mWARNING[m] No processor claimed any of these annotations: java.base/java.lang.Deprecated,java.base/java.lang.Override,java.base/java.lang.SuppressWarnings,java.base/java.lang.SafeVarargs
[[1;33mWARNING[m] /usr/local/programming/fscrawler/elasticsearch-client/src/main/java/fr/pilato/elasticsearch/crawler/fs/client/ElasticsearchClient.java:[431,17] createIndices() in fr.pilato.elasticsearch.crawler.fs.client.IElasticsearchClient has been deprecated
[[1;33mWARNING[m] /usr/local/programming/fscrawler/elasticsearch-client/src/main/java/fr/pilato/elasticsearch/crawler/fs/client/ElasticsearchClient.java:[765,97] Varargs method could cause heap pollution from non-reifiable varargs parameter params
[[1;33mWARNING[m] /usr/local/programming/fscrawler/elasticsearch-client/src/main/java/fr/pilato/elasticsearch/crawler/fs/client/ElasticsearchClient.java:[767,74] Varargs method could cause heap pollution from non-reifiable varargs parameter params
[[1;34mINFO[m] /usr/local/programming/fscrawler/elasticsearch-client/src/main/java/fr/pilato/elasticsearch/crawler/fs/client/ElasticsearchBulkResponse.java: /usr/local/programming/fscrawler/elasticsearch-client/src/main/java/fr/pilato/elasticsearch/crawler/fs/client/ElasticsearchBulkResponse.java uses unchecked or unsafe operations.
[[1;34mINFO[m] /usr/local/programming/fscrawler/elasticsearch-client/src/main/java/fr/pilato/elasticsearch/crawler/fs/client/ElasticsearchBulkResponse.java: Recompile with -Xlint:unchecked for details.
[[1;34mINFO[m] 
[[1;34mINFO[m] [1m--- [0;32mmaven-resources-plugin:3.3.1:testResources[m [1m(default-testResources)[m @ [36mfscrawler-elasticsearch-client[0;1m ---[m
[[1;34mINFO[m] Copying 1 resource from src/test/resources to target/test-classes
[[1;34mINFO[m] 
[[1;34mINFO[m] [1m--- [0;32mmaven-compiler-plugin:3.11.0:testCompile[m [1m(default-testCompile)[m @ [36mfscrawler-elasticsearch-client[0;1m ---[m
[[1;34mINFO[m] Changes detected - recompiling the module! :dependency
[[1;34mINFO[m] Compiling 1 source file with javac [debug optimize deprecation release 11] to target/test-classes
[[1;33mWARNING[m] No processor claimed any of these annotations: /com.carrotsearch.randomizedtesting.annotations.ThreadLeakLingering,/com.carrotsearch.randomizedtesting.annotations.ThreadLeakScope,/org.junit.Test,/com.carrotsearch.randomizedtesting.annotations.TimeoutSuite,/org.junit.runner.RunWith
[[1;34mINFO[m] 
[[1;34mINFO[m] [1m--- [0;32mjunit4-maven-plugin:2.8.1:junit4[m [1m(unit-tests)[m @ [36mfscrawler-elasticsearch-client[0;1m ---[m
[[1;34mINFO[m] <JUnit4> says hi! Main seed: 4C10F0D4392B38A0
Executing 1 suite with 1 JVM.

Started J0 PID(1375696@scs-dev-server).
[[1;34mINFO[m] JVM J0:     0.55 ..     1.55 =     1.00s
[[1;34mINFO[m] Execution time total: 1.55 sec.
[[1;34mINFO[m] Tests summary: 1 suite, 3 tests
[[1;34mINFO[m] 
[[1;34mINFO[m] [1m--- [0;32mmaven-jar-plugin:3.3.0:jar[m [1m(default-jar)[m @ [36mfscrawler-elasticsearch-client[0;1m ---[m
[[1;34mINFO[m] Building jar: /usr/local/programming/fscrawler/elasticsearch-client/target/fscrawler-elasticsearch-client-2.10-SNAPSHOT.jar
[[1;34mINFO[m] 
[[1;34mINFO[m] [1m--- [0;32mjunit4-maven-plugin:2.8.1:junit4[m [1m(integration-tests)[m @ [36mfscrawler-elasticsearch-client[0;1m ---[m
[[1;34mINFO[m] <JUnit4> says hi! Main seed: 6820C17C76AD3735
[[1;34mINFO[m] Tests summary: 0 suites, 0 tests
[[1;33mWARNING[m] There were no executed tests: 0 suites, 0 tests
[[1;34mINFO[m] 
[[1;34mINFO[m] [1m--- [0;32mossindex-maven-plugin:3.2.0:audit[m [1m(audit-dependencies)[m @ [36mfscrawler-elasticsearch-client[0;1m ---[m
[[1;34mINFO[m] Checking for vulnerabilities; 51 artifacts
[[1;34mINFO[m] Exclude coordinates: []
[[1;34mINFO[m] Exclude vulnerability identifiers: [CVE-2022-1471]
[[1;34mINFO[m] CVSS-score threshold: 7.0
[[1;34mINFO[m] 
[[1;34mINFO[m] [1m--- [0;32mmaven-install-plugin:3.1.1:install[m [1m(default-install)[m @ [36mfscrawler-elasticsearch-client[0;1m ---[m
[[1;34mINFO[m] Installing /usr/local/programming/fscrawler/elasticsearch-client/pom.xml to /home/chris/.m2/repository/fr/pilato/elasticsearch/crawler/fscrawler-elasticsearch-client/2.10-SNAPSHOT/fscrawler-elasticsearch-client-2.10-SNAPSHOT.pom
[[1;34mINFO[m] Installing /usr/local/programming/fscrawler/elasticsearch-client/target/fscrawler-elasticsearch-client-2.10-SNAPSHOT.jar to /home/chris/.m2/repository/fr/pilato/elasticsearch/crawler/fscrawler-elasticsearch-client/2.10-SNAPSHOT/fscrawler-elasticsearch-client-2.10-SNAPSHOT.jar
[[1;34mINFO[m] 
[[1;34mINFO[m] [1m-----------< [0;36mfr.pilato.elasticsearch.crawler:fscrawler-tika[0;1m >-----------[m
[[1;34mINFO[m] [1mBuilding FSCrawler Tika 2.10-SNAPSHOT                            [10/22][m
[[1;34mINFO[m] [1m--------------------------------[ jar ]---------------------------------[m
[[1;34mINFO[m] 
[[1;34mINFO[m] [1m--- [0;32mmaven-clean-plugin:2.5:clean[m [1m(default-clean)[m @ [36mfscrawler-tika[0;1m ---[m
[[1;34mINFO[m] Deleting /usr/local/programming/fscrawler/tika/target
[[1;34mINFO[m] 
[[1;34mINFO[m] [1m--- [0;32mmaven-enforcer-plugin:3.3.0:enforce[m [1m(enforce)[m @ [36mfscrawler-tika[0;1m ---[m
[[1;34mINFO[m] Rule 1: org.apache.maven.enforcer.rules.dependency.DependencyConvergence passed
[[1;34mINFO[m] 
[[1;34mINFO[m] [1m--- [0;32mmaven-resources-plugin:3.3.1:resources[m [1m(default-resources)[m @ [36mfscrawler-tika[0;1m ---[m
[[1;34mINFO[m] skip non existing resourceDirectory /usr/local/programming/fscrawler/tika/src/main/resources
[[1;34mINFO[m] 
[[1;34mINFO[m] [1m--- [0;32mmaven-compiler-plugin:3.11.0:compile[m [1m(default-compile)[m @ [36mfscrawler-tika[0;1m ---[m
[[1;34mINFO[m] Changes detected - recompiling the module! :dependency
[[1;34mINFO[m] Compiling 3 source files with javac [debug optimize deprecation release 11] to target/classes
[[1;33mWARNING[m] No processor claimed any of these annotations: java.base/java.lang.SuppressWarnings
[[1;34mINFO[m] 
[[1;34mINFO[m] [1m--- [0;32mmaven-resources-plugin:3.3.1:testResources[m [1m(default-testResources)[m @ [36mfscrawler-tika[0;1m ---[m
[[1;34mINFO[m] Copying 1 resource from src/test/resources to target/test-classes
[[1;34mINFO[m] 
[[1;34mINFO[m] [1m--- [0;32mmaven-compiler-plugin:3.11.0:testCompile[m [1m(default-testCompile)[m @ [36mfscrawler-tika[0;1m ---[m
[[1;34mINFO[m] Changes detected - recompiling the module! :dependency
[[1;34mINFO[m] Compiling 3 source files with javac [debug optimize deprecation release 11] to target/test-classes
[[1;33mWARNING[m] No processor claimed any of these annotations: /org.junit.BeforeClass,/com.carrotsearch.randomizedtesting.annotations.ThreadLeakLingering,/com.carrotsearch.randomizedtesting.annotations.ThreadLeakScope,/org.junit.Test,/com.carrotsearch.randomizedtesting.annotations.TimeoutSuite,/org.junit.runner.RunWith
[[1;34mINFO[m] 
[[1;34mINFO[m] [1m--- [0;32mjunit4-maven-plugin:2.8.1:junit4[m [1m(unit-tests)[m @ [36mfscrawler-tika[0;1m ---[m
[[1;34mINFO[m] <JUnit4> says ol√°! Main seed: B2E15BED53BFD79B
Executing 2 suites with 2 JVMs.

Started J0 PID(1375847@scs-dev-server).
Started J1 PID(1375856@scs-dev-server).
[[1;34mINFO[m] JVM J0:     0.63 ..    21.65 =    21.02s
[[1;34mINFO[m] JVM J1:     0.64 ..     2.14 =     1.50s
[[1;34mINFO[m] Execution time total: 21 seconds
[[1;34mINFO[m] Tests summary: 2 suites, 25 tests
[[1;34mINFO[m] 
[[1;34mINFO[m] [1m--- [0;32mmaven-jar-plugin:3.3.0:jar[m [1m(default-jar)[m @ [36mfscrawler-tika[0;1m ---[m
[[1;34mINFO[m] Building jar: /usr/local/programming/fscrawler/tika/target/fscrawler-tika-2.10-SNAPSHOT.jar
[[1;34mINFO[m] 
[[1;34mINFO[m] [1m--- [0;32mjunit4-maven-plugin:2.8.1:junit4[m [1m(integration-tests)[m @ [36mfscrawler-tika[0;1m ---[m
[[1;34mINFO[m] <JUnit4> says hallo! Main seed: A2CB0B651473946
[[1;34mINFO[m] Tests summary: 0 suites, 0 tests
[[1;33mWARNING[m] There were no executed tests: 0 suites, 0 tests
[[1;34mINFO[m] 
[[1;34mINFO[m] [1m--- [0;32mossindex-maven-plugin:3.2.0:audit[m [1m(audit-dependencies)[m @ [36mfscrawler-tika[0;1m ---[m
[[1;34mINFO[m] Checking for vulnerabilities; 154 artifacts
[[1;34mINFO[m] Exclude coordinates: []
[[1;34mINFO[m] Exclude vulnerability identifiers: [CVE-2022-1471]
[[1;34mINFO[m] CVSS-score threshold: 7.0
[[1;33mWARNING[m] Excluding CVSS-score: 5.9
[[1;33mWARNING[m] Excluding CVSS-score: 5.3
[[1;34mINFO[m] 
[[1;34mINFO[m] [1m--- [0;32mmaven-install-plugin:3.1.1:install[m [1m(default-install)[m @ [36mfscrawler-tika[0;1m ---[m
[[1;34mINFO[m] Installing /usr/local/programming/fscrawler/tika/pom.xml to /home/chris/.m2/repository/fr/pilato/elasticsearch/crawler/fscrawler-tika/2.10-SNAPSHOT/fscrawler-tika-2.10-SNAPSHOT.pom
[[1;34mINFO[m] Installing /usr/local/programming/fscrawler/tika/target/fscrawler-tika-2.10-SNAPSHOT.jar to /home/chris/.m2/repository/fr/pilato/elasticsearch/crawler/fscrawler-tika/2.10-SNAPSHOT/fscrawler-tika-2.10-SNAPSHOT.jar
[[1;34mINFO[m] 
[[1;34mINFO[m] [1m---------< [0;36mfr.pilato.elasticsearch.crawler:fscrawler-crawler[0;1m >----------[m
[[1;34mINFO[m] [1mBuilding FSCrawler Crawlers 2.10-SNAPSHOT                        [11/22][m
[[1;34mINFO[m] [1m--------------------------------[ pom ]---------------------------------[m
[[1;34mINFO[m] 
[[1;34mINFO[m] [1m--- [0;32mmaven-clean-plugin:2.5:clean[m [1m(default-clean)[m @ [36mfscrawler-crawler[0;1m ---[m
[[1;34mINFO[m] 
[[1;34mINFO[m] [1m--- [0;32mmaven-enforcer-plugin:3.3.0:enforce[m [1m(enforce)[m @ [36mfscrawler-crawler[0;1m ---[m
[[1;34mINFO[m] Rule 1: org.apache.maven.enforcer.rules.dependency.DependencyConvergence passed
[[1;34mINFO[m] 
[[1;34mINFO[m] [1m--- [0;32mjunit4-maven-plugin:2.8.1:junit4[m [1m(unit-tests)[m @ [36mfscrawler-crawler[0;1m ---[m
[[1;34mINFO[m] 
[[1;34mINFO[m] [1m--- [0;32mjunit4-maven-plugin:2.8.1:junit4[m [1m(integration-tests)[m @ [36mfscrawler-crawler[0;1m ---[m
[[1;34mINFO[m] 
[[1;34mINFO[m] [1m--- [0;32mossindex-maven-plugin:3.2.0:audit[m [1m(audit-dependencies)[m @ [36mfscrawler-crawler[0;1m ---[m
[[1;34mINFO[m] Skipping; POM module
[[1;34mINFO[m] 
[[1;34mINFO[m] [1m--- [0;32mmaven-install-plugin:3.1.1:install[m [1m(default-install)[m @ [36mfscrawler-crawler[0;1m ---[m
[[1;34mINFO[m] Installing /usr/local/programming/fscrawler/crawler/pom.xml to /home/chris/.m2/repository/fr/pilato/elasticsearch/crawler/fscrawler-crawler/2.10-SNAPSHOT/fscrawler-crawler-2.10-SNAPSHOT.pom
[[1;34mINFO[m] 
[[1;34mINFO[m] [1m-----< [0;36mfr.pilato.elasticsearch.crawler:fscrawler-crawler-abstract[0;1m >-----[m
[[1;34mINFO[m] [1mBuilding FSCrawler Abstract Crawler 2.10-SNAPSHOT                [12/22][m
[[1;34mINFO[m] [1m--------------------------------[ jar ]---------------------------------[m
[[1;34mINFO[m] 
[[1;34mINFO[m] [1m--- [0;32mmaven-clean-plugin:2.5:clean[m [1m(default-clean)[m @ [36mfscrawler-crawler-abstract[0;1m ---[m
[[1;34mINFO[m] Deleting /usr/local/programming/fscrawler/crawler/crawler-abstract/target
[[1;34mINFO[m] 
[[1;34mINFO[m] [1m--- [0;32mmaven-enforcer-plugin:3.3.0:enforce[m [1m(enforce)[m @ [36mfscrawler-crawler-abstract[0;1m ---[m
[[1;34mINFO[m] Rule 1: org.apache.maven.enforcer.rules.dependency.DependencyConvergence passed
[[1;34mINFO[m] 
[[1;34mINFO[m] [1m--- [0;32mmaven-resources-plugin:3.3.1:resources[m [1m(default-resources)[m @ [36mfscrawler-crawler-abstract[0;1m ---[m
[[1;34mINFO[m] skip non existing resourceDirectory /usr/local/programming/fscrawler/crawler/crawler-abstract/src/main/resources
[[1;34mINFO[m] 
[[1;34mINFO[m] [1m--- [0;32mmaven-compiler-plugin:3.11.0:compile[m [1m(default-compile)[m @ [36mfscrawler-crawler-abstract[0;1m ---[m
[[1;34mINFO[m] Changes detected - recompiling the module! :dependency
[[1;34mINFO[m] Compiling 2 source files with javac [debug optimize deprecation release 11] to target/classes
[[1;33mWARNING[m] No processor claimed any of these annotations: java.base/java.lang.Override
[[1;34mINFO[m] 
[[1;34mINFO[m] [1m--- [0;32mmaven-resources-plugin:3.3.1:testResources[m [1m(default-testResources)[m @ [36mfscrawler-crawler-abstract[0;1m ---[m
[[1;34mINFO[m] skip non existing resourceDirectory /usr/local/programming/fscrawler/crawler/crawler-abstract/src/test/resources
[[1;34mINFO[m] 
[[1;34mINFO[m] [1m--- [0;32mmaven-compiler-plugin:3.11.0:testCompile[m [1m(default-testCompile)[m @ [36mfscrawler-crawler-abstract[0;1m ---[m
[[1;34mINFO[m] No sources to compile
[[1;34mINFO[m] 
[[1;34mINFO[m] [1m--- [0;32mjunit4-maven-plugin:2.8.1:junit4[m [1m(unit-tests)[m @ [36mfscrawler-crawler-abstract[0;1m ---[m
[[1;34mINFO[m] <JUnit4> says cze≈õƒá! Main seed: 5E3E5C099F20BD6
[[1;34mINFO[m] Tests summary: 0 suites, 0 tests
[[1;33mWARNING[m] There were no executed tests: 0 suites, 0 tests
[[1;34mINFO[m] 
[[1;34mINFO[m] [1m--- [0;32mmaven-jar-plugin:3.3.0:jar[m [1m(default-jar)[m @ [36mfscrawler-crawler-abstract[0;1m ---[m
[[1;34mINFO[m] Building jar: /usr/local/programming/fscrawler/crawler/crawler-abstract/target/fscrawler-crawler-abstract-2.10-SNAPSHOT.jar
[[1;34mINFO[m] 
[[1;34mINFO[m] [1m--- [0;32mjunit4-maven-plugin:2.8.1:junit4[m [1m(integration-tests)[m @ [36mfscrawler-crawler-abstract[0;1m ---[m
[[1;34mINFO[m] <JUnit4> says –ü—Ä–∏–≤–µ—Ç! Main seed: 88F71289150495BC
[[1;34mINFO[m] Tests summary: 0 suites, 0 tests
[[1;33mWARNING[m] There were no executed tests: 0 suites, 0 tests
[[1;34mINFO[m] 
[[1;34mINFO[m] [1m--- [0;32mossindex-maven-plugin:3.2.0:audit[m [1m(audit-dependencies)[m @ [36mfscrawler-crawler-abstract[0;1m ---[m
[[1;34mINFO[m] Checking for vulnerabilities; 30 artifacts
[[1;34mINFO[m] Exclude coordinates: []
[[1;34mINFO[m] Exclude vulnerability identifiers: [CVE-2022-1471]
[[1;34mINFO[m] CVSS-score threshold: 7.0
[[1;34mINFO[m] 
[[1;34mINFO[m] [1m--- [0;32mmaven-install-plugin:3.1.1:install[m [1m(default-install)[m @ [36mfscrawler-crawler-abstract[0;1m ---[m
[[1;34mINFO[m] Installing /usr/local/programming/fscrawler/crawler/crawler-abstract/pom.xml to /home/chris/.m2/repository/fr/pilato/elasticsearch/crawler/fscrawler-crawler-abstract/2.10-SNAPSHOT/fscrawler-crawler-abstract-2.10-SNAPSHOT.pom
[[1;34mINFO[m] Installing /usr/local/programming/fscrawler/crawler/crawler-abstract/target/fscrawler-crawler-abstract-2.10-SNAPSHOT.jar to /home/chris/.m2/repository/fr/pilato/elasticsearch/crawler/fscrawler-crawler-abstract/2.10-SNAPSHOT/fscrawler-crawler-abstract-2.10-SNAPSHOT.jar
[[1;34mINFO[m] 
[[1;34mINFO[m] [1m--------< [0;36mfr.pilato.elasticsearch.crawler:fscrawler-crawler-fs[0;1m >--------[m
[[1;34mINFO[m] [1mBuilding FSCrawler Crawlers: FS 2.10-SNAPSHOT                    [13/22][m
[[1;34mINFO[m] [1m--------------------------------[ jar ]---------------------------------[m
[[1;34mINFO[m] 
[[1;34mINFO[m] [1m--- [0;32mmaven-clean-plugin:2.5:clean[m [1m(default-clean)[m @ [36mfscrawler-crawler-fs[0;1m ---[m
[[1;34mINFO[m] Deleting /usr/local/programming/fscrawler/crawler/crawler-fs/target
[[1;34mINFO[m] 
[[1;34mINFO[m] [1m--- [0;32mmaven-enforcer-plugin:3.3.0:enforce[m [1m(enforce)[m @ [36mfscrawler-crawler-fs[0;1m ---[m
[[1;34mINFO[m] Rule 1: org.apache.maven.enforcer.rules.dependency.DependencyConvergence passed
[[1;34mINFO[m] 
[[1;34mINFO[m] [1m--- [0;32mmaven-resources-plugin:3.3.1:resources[m [1m(default-resources)[m @ [36mfscrawler-crawler-fs[0;1m ---[m
[[1;34mINFO[m] skip non existing resourceDirectory /usr/local/programming/fscrawler/crawler/crawler-fs/src/main/resources
[[1;34mINFO[m] 
[[1;34mINFO[m] [1m--- [0;32mmaven-compiler-plugin:3.11.0:compile[m [1m(default-compile)[m @ [36mfscrawler-crawler-fs[0;1m ---[m
[[1;34mINFO[m] Changes detected - recompiling the module! :dependency
[[1;34mINFO[m] Compiling 1 source file with javac [debug optimize deprecation release 11] to target/classes
[[1;33mWARNING[m] No processor claimed any of these annotations: java.base/java.lang.Override
[[1;34mINFO[m] 
[[1;34mINFO[m] [1m--- [0;32mmaven-resources-plugin:3.3.1:testResources[m [1m(default-testResources)[m @ [36mfscrawler-crawler-fs[0;1m ---[m
[[1;34mINFO[m] skip non existing resourceDirectory /usr/local/programming/fscrawler/crawler/crawler-fs/src/test/resources
[[1;34mINFO[m] 
[[1;34mINFO[m] [1m--- [0;32mmaven-compiler-plugin:3.11.0:testCompile[m [1m(default-testCompile)[m @ [36mfscrawler-crawler-fs[0;1m ---[m
[[1;34mINFO[m] No sources to compile
[[1;34mINFO[m] 
[[1;34mINFO[m] [1m--- [0;32mjunit4-maven-plugin:2.8.1:junit4[m [1m(unit-tests)[m @ [36mfscrawler-crawler-fs[0;1m ---[m
[[1;34mINFO[m] <JUnit4> says ·êä·êÉ! Main seed: 2A1F283B728D9195
[[1;34mINFO[m] Tests summary: 0 suites, 0 tests
[[1;33mWARNING[m] There were no executed tests: 0 suites, 0 tests
[[1;34mINFO[m] 
[[1;34mINFO[m] [1m--- [0;32mmaven-jar-plugin:3.3.0:jar[m [1m(default-jar)[m @ [36mfscrawler-crawler-fs[0;1m ---[m
[[1;34mINFO[m] Building jar: /usr/local/programming/fscrawler/crawler/crawler-fs/target/fscrawler-crawler-fs-2.10-SNAPSHOT.jar
[[1;34mINFO[m] 
[[1;34mINFO[m] [1m--- [0;32mjunit4-maven-plugin:2.8.1:junit4[m [1m(integration-tests)[m @ [36mfscrawler-crawler-fs[0;1m ---[m
[[1;34mINFO[m] <JUnit4> says ·êä·êÉ! Main seed: BBA47B98CAAD7D2B
[[1;34mINFO[m] Tests summary: 0 suites, 0 tests
[[1;33mWARNING[m] There were no executed tests: 0 suites, 0 tests
[[1;34mINFO[m] 
[[1;34mINFO[m] [1m--- [0;32mossindex-maven-plugin:3.2.0:audit[m [1m(audit-dependencies)[m @ [36mfscrawler-crawler-fs[0;1m ---[m
[[1;34mINFO[m] Checking for vulnerabilities; 31 artifacts
[[1;34mINFO[m] Exclude coordinates: []
[[1;34mINFO[m] Exclude vulnerability identifiers: [CVE-2022-1471]
[[1;34mINFO[m] CVSS-score threshold: 7.0
[[1;34mINFO[m] 
[[1;34mINFO[m] [1m--- [0;32mmaven-install-plugin:3.1.1:install[m [1m(default-install)[m @ [36mfscrawler-crawler-fs[0;1m ---[m
[[1;34mINFO[m] Installing /usr/local/programming/fscrawler/crawler/crawler-fs/pom.xml to /home/chris/.m2/repository/fr/pilato/elasticsearch/crawler/fscrawler-crawler-fs/2.10-SNAPSHOT/fscrawler-crawler-fs-2.10-SNAPSHOT.pom
[[1;34mINFO[m] Installing /usr/local/programming/fscrawler/crawler/crawler-fs/target/fscrawler-crawler-fs-2.10-SNAPSHOT.jar to /home/chris/.m2/repository/fr/pilato/elasticsearch/crawler/fscrawler-crawler-fs/2.10-SNAPSHOT/fscrawler-crawler-fs-2.10-SNAPSHOT.jar
[[1;34mINFO[m] 
[[1;34mINFO[m] [1m-------< [0;36mfr.pilato.elasticsearch.crawler:fscrawler-crawler-ftp[0;1m >--------[m
[[1;34mINFO[m] [1mBuilding FSCrawler Crawlers: FTP 2.10-SNAPSHOT                   [14/22][m
[[1;34mINFO[m] [1m--------------------------------[ jar ]---------------------------------[m
[[1;34mINFO[m] 
[[1;34mINFO[m] [1m--- [0;32mmaven-clean-plugin:2.5:clean[m [1m(default-clean)[m @ [36mfscrawler-crawler-ftp[0;1m ---[m
[[1;34mINFO[m] Deleting /usr/local/programming/fscrawler/crawler/crawler-ftp/target
[[1;34mINFO[m] 
[[1;34mINFO[m] [1m--- [0;32mmaven-enforcer-plugin:3.3.0:enforce[m [1m(enforce)[m @ [36mfscrawler-crawler-ftp[0;1m ---[m
[[1;34mINFO[m] Rule 1: org.apache.maven.enforcer.rules.dependency.DependencyConvergence passed
[[1;34mINFO[m] 
[[1;34mINFO[m] [1m--- [0;32mmaven-resources-plugin:3.3.1:resources[m [1m(default-resources)[m @ [36mfscrawler-crawler-ftp[0;1m ---[m
[[1;34mINFO[m] skip non existing resourceDirectory /usr/local/programming/fscrawler/crawler/crawler-ftp/src/main/resources
[[1;34mINFO[m] 
[[1;34mINFO[m] [1m--- [0;32mmaven-compiler-plugin:3.11.0:compile[m [1m(default-compile)[m @ [36mfscrawler-crawler-ftp[0;1m ---[m
[[1;34mINFO[m] Changes detected - recompiling the module! :dependency
[[1;34mINFO[m] Compiling 2 source files with javac [debug optimize deprecation release 11] to target/classes
[[1;33mWARNING[m] No processor claimed any of these annotations: java.base/java.lang.Override
[[1;33mWARNING[m] /usr/local/programming/fscrawler/crawler/crawler-ftp/src/main/java/fr/pilato/elasticsearch/crawler/fs/crawler/ftp/FileAbstractorFTP.java:[174,12] setControlKeepAliveTimeout(long) in org.apache.commons.net.ftp.FTPClient has been deprecated
[[1;34mINFO[m] 
[[1;34mINFO[m] [1m--- [0;32mmaven-resources-plugin:3.3.1:testResources[m [1m(default-testResources)[m @ [36mfscrawler-crawler-ftp[0;1m ---[m
[[1;34mINFO[m] Copying 1 resource from src/test/resources to target/test-classes
[[1;34mINFO[m] 
[[1;34mINFO[m] [1m--- [0;32mmaven-compiler-plugin:3.11.0:testCompile[m [1m(default-testCompile)[m @ [36mfscrawler-crawler-ftp[0;1m ---[m
[[1;34mINFO[m] Changes detected - recompiling the module! :dependency
[[1;34mINFO[m] Compiling 1 source file with javac [debug optimize deprecation release 11] to target/test-classes
[[1;33mWARNING[m] No processor claimed any of these annotations: /org.junit.Test,/com.carrotsearch.randomizedtesting.annotations.TimeoutSuite,/com.carrotsearch.randomizedtesting.annotations.ThreadLeakLingering,/org.junit.Ignore,/com.carrotsearch.randomizedtesting.annotations.ThreadLeakScope,/org.junit.Before,/org.junit.After,/org.junit.runner.RunWith
[[1;33mWARNING[m] /usr/local/programming/fscrawler/crawler/crawler-ftp/src/test/java/fr/pilato/elasticsearch/crawler/fs/crawler/ftp/FileAbstractorFTPTest.java:[214,34] auto-closeable resource ignored is never referenced in body of corresponding try statement
[[1;34mINFO[m] 
[[1;34mINFO[m] [1m--- [0;32mjunit4-maven-plugin:2.8.1:junit4[m [1m(unit-tests)[m @ [36mfscrawler-crawler-ftp[0;1m ---[m
[[1;34mINFO[m] <JUnit4> says ¬°Hola! Main seed: F9CD14E6A68171AE
Executing 1 suite with 1 JVM.

Started J0 PID(1377151@scs-dev-server).
[[1;34mINFO[m] JVM J0:     0.26 ..     2.27 =     2.01s
[[1;34mINFO[m] Execution time total: 2.27 sec.
[[1;34mINFO[m] Tests summary: 1 suite, 3 tests, 1 ignored
[[1;34mINFO[m] 
[[1;34mINFO[m] [1m--- [0;32mmaven-jar-plugin:3.3.0:jar[m [1m(default-jar)[m @ [36mfscrawler-crawler-ftp[0;1m ---[m
[[1;34mINFO[m] Building jar: /usr/local/programming/fscrawler/crawler/crawler-ftp/target/fscrawler-crawler-ftp-2.10-SNAPSHOT.jar
[[1;34mINFO[m] 
[[1;34mINFO[m] [1m--- [0;32mjunit4-maven-plugin:2.8.1:junit4[m [1m(integration-tests)[m @ [36mfscrawler-crawler-ftp[0;1m ---[m
[[1;34mINFO[m] <JUnit4> says ◊©◊ú◊ï◊ù! Main seed: 64CC9899DA52135C
[[1;34mINFO[m] Tests summary: 0 suites, 0 tests
[[1;33mWARNING[m] There were no executed tests: 0 suites, 0 tests
[[1;34mINFO[m] 
[[1;34mINFO[m] [1m--- [0;32mossindex-maven-plugin:3.2.0:audit[m [1m(audit-dependencies)[m @ [36mfscrawler-crawler-ftp[0;1m ---[m
[[1;34mINFO[m] Checking for vulnerabilities; 34 artifacts
[[1;34mINFO[m] Exclude coordinates: []
[[1;34mINFO[m] Exclude vulnerability identifiers: [CVE-2022-1471]
[[1;34mINFO[m] CVSS-score threshold: 7.0
[[1;34mINFO[m] 
[[1;34mINFO[m] [1m--- [0;32mmaven-install-plugin:3.1.1:install[m [1m(default-install)[m @ [36mfscrawler-crawler-ftp[0;1m ---[m
[[1;34mINFO[m] Installing /usr/local/programming/fscrawler/crawler/crawler-ftp/pom.xml to /home/chris/.m2/repository/fr/pilato/elasticsearch/crawler/fscrawler-crawler-ftp/2.10-SNAPSHOT/fscrawler-crawler-ftp-2.10-SNAPSHOT.pom
[[1;34mINFO[m] Installing /usr/local/programming/fscrawler/crawler/crawler-ftp/target/fscrawler-crawler-ftp-2.10-SNAPSHOT.jar to /home/chris/.m2/repository/fr/pilato/elasticsearch/crawler/fscrawler-crawler-ftp/2.10-SNAPSHOT/fscrawler-crawler-ftp-2.10-SNAPSHOT.jar
[[1;34mINFO[m] 
[[1;34mINFO[m] [1m-------< [0;36mfr.pilato.elasticsearch.crawler:fscrawler-crawler-ssh[0;1m >--------[m
[[1;34mINFO[m] [1mBuilding FSCrawler Crawlers: SSH 2.10-SNAPSHOT                   [15/22][m
[[1;34mINFO[m] [1m--------------------------------[ jar ]---------------------------------[m
[[1;34mINFO[m] 
[[1;34mINFO[m] [1m--- [0;32mmaven-clean-plugin:2.5:clean[m [1m(default-clean)[m @ [36mfscrawler-crawler-ssh[0;1m ---[m
[[1;34mINFO[m] Deleting /usr/local/programming/fscrawler/crawler/crawler-ssh/target
[[1;34mINFO[m] 
[[1;34mINFO[m] [1m--- [0;32mmaven-enforcer-plugin:3.3.0:enforce[m [1m(enforce)[m @ [36mfscrawler-crawler-ssh[0;1m ---[m
[[1;34mINFO[m] Rule 1: org.apache.maven.enforcer.rules.dependency.DependencyConvergence passed
[[1;34mINFO[m] 
[[1;34mINFO[m] [1m--- [0;32mmaven-resources-plugin:3.3.1:resources[m [1m(default-resources)[m @ [36mfscrawler-crawler-ssh[0;1m ---[m
[[1;34mINFO[m] skip non existing resourceDirectory /usr/local/programming/fscrawler/crawler/crawler-ssh/src/main/resources
[[1;34mINFO[m] 
[[1;34mINFO[m] [1m--- [0;32mmaven-compiler-plugin:3.11.0:compile[m [1m(default-compile)[m @ [36mfscrawler-crawler-ssh[0;1m ---[m
[[1;34mINFO[m] Changes detected - recompiling the module! :dependency
[[1;34mINFO[m] Compiling 1 source file with javac [debug optimize deprecation release 11] to target/classes
[[1;33mWARNING[m] No processor claimed any of these annotations: java.base/java.lang.Override,java.base/java.lang.SuppressWarnings
[[1;34mINFO[m] 
[[1;34mINFO[m] [1m--- [0;32mmaven-resources-plugin:3.3.1:testResources[m [1m(default-testResources)[m @ [36mfscrawler-crawler-ssh[0;1m ---[m
[[1;34mINFO[m] Copying 1 resource from src/test/resources to target/test-classes
[[1;34mINFO[m] 
[[1;34mINFO[m] [1m--- [0;32mmaven-compiler-plugin:3.11.0:testCompile[m [1m(default-testCompile)[m @ [36mfscrawler-crawler-ssh[0;1m ---[m
[[1;34mINFO[m] Changes detected - recompiling the module! :dependency
[[1;34mINFO[m] Compiling 1 source file with javac [debug optimize deprecation release 11] to target/test-classes
[[1;33mWARNING[m] No processor claimed any of these annotations: /com.carrotsearch.randomizedtesting.annotations.ThreadLeakLingering,/org.junit.Ignore,/com.carrotsearch.randomizedtesting.annotations.ThreadLeakScope,/org.junit.Test,/com.carrotsearch.randomizedtesting.annotations.TimeoutSuite,/org.junit.runner.RunWith
[[1;34mINFO[m] 
[[1;34mINFO[m] [1m--- [0;32mjunit4-maven-plugin:2.8.1:junit4[m [1m(unit-tests)[m @ [36mfscrawler-crawler-ssh[0;1m ---[m
[[1;34mINFO[m] <JUnit4> says ‰ªäÊó•„ÅØ! Main seed: AC34450F7D3232BA
Executing 1 suite with 1 JVM.

Started J0 PID(1377250@scs-dev-server).
[[1;34mINFO[m] JVM J0:     0.26 ..     1.01 =     0.75s
[[1;34mINFO[m] Execution time total: 1.01 sec.
[[1;34mINFO[m] Tests summary: 1 suite, 1 test, 1 ignored
[[1;33mWARNING[m] There were no executed tests: 1 suite, 1 test, 1 ignored
[[1;34mINFO[m] 
[[1;34mINFO[m] [1m--- [0;32mmaven-jar-plugin:3.3.0:jar[m [1m(default-jar)[m @ [36mfscrawler-crawler-ssh[0;1m ---[m
[[1;34mINFO[m] Building jar: /usr/local/programming/fscrawler/crawler/crawler-ssh/target/fscrawler-crawler-ssh-2.10-SNAPSHOT.jar
[[1;34mINFO[m] 
[[1;34mINFO[m] [1m--- [0;32mjunit4-maven-plugin:2.8.1:junit4[m [1m(integration-tests)[m @ [36mfscrawler-crawler-ssh[0;1m ---[m
[[1;34mINFO[m] <JUnit4> says g'day! Main seed: C9BA4839C9357595
[[1;34mINFO[m] Tests summary: 0 suites, 0 tests
[[1;33mWARNING[m] There were no executed tests: 0 suites, 0 tests
[[1;34mINFO[m] 
[[1;34mINFO[m] [1m--- [0;32mossindex-maven-plugin:3.2.0:audit[m [1m(audit-dependencies)[m @ [36mfscrawler-crawler-ssh[0;1m ---[m
[[1;34mINFO[m] Checking for vulnerabilities; 32 artifacts
[[1;34mINFO[m] Exclude coordinates: []
[[1;34mINFO[m] Exclude vulnerability identifiers: [CVE-2022-1471]
[[1;34mINFO[m] CVSS-score threshold: 7.0
[[1;34mINFO[m] 
[[1;34mINFO[m] [1m--- [0;32mmaven-install-plugin:3.1.1:install[m [1m(default-install)[m @ [36mfscrawler-crawler-ssh[0;1m ---[m
[[1;34mINFO[m] Installing /usr/local/programming/fscrawler/crawler/crawler-ssh/pom.xml to /home/chris/.m2/repository/fr/pilato/elasticsearch/crawler/fscrawler-crawler-ssh/2.10-SNAPSHOT/fscrawler-crawler-ssh-2.10-SNAPSHOT.pom
[[1;34mINFO[m] Installing /usr/local/programming/fscrawler/crawler/crawler-ssh/target/fscrawler-crawler-ssh-2.10-SNAPSHOT.jar to /home/chris/.m2/repository/fr/pilato/elasticsearch/crawler/fscrawler-crawler-ssh/2.10-SNAPSHOT/fscrawler-crawler-ssh-2.10-SNAPSHOT.jar
[[1;34mINFO[m] 
[[1;34mINFO[m] [1m-----------< [0;36mfr.pilato.elasticsearch.crawler:fscrawler-core[0;1m >-----------[m
[[1;34mINFO[m] [1mBuilding FSCrawler Core 2.10-SNAPSHOT                            [16/22][m
[[1;34mINFO[m] [1m--------------------------------[ jar ]---------------------------------[m
[[1;34mINFO[m] 
[[1;34mINFO[m] [1m--- [0;32mmaven-clean-plugin:2.5:clean[m [1m(default-clean)[m @ [36mfscrawler-core[0;1m ---[m
[[1;34mINFO[m] Deleting /usr/local/programming/fscrawler/core/target
[[1;34mINFO[m] 
[[1;34mINFO[m] [1m--- [0;32mmaven-enforcer-plugin:3.3.0:enforce[m [1m(enforce)[m @ [36mfscrawler-core[0;1m ---[m
[[1;34mINFO[m] Rule 1: org.apache.maven.enforcer.rules.dependency.DependencyConvergence passed
[[1;34mINFO[m] 
[[1;34mINFO[m] [1m--- [0;32mmaven-resources-plugin:3.3.1:resources[m [1m(default-resources)[m @ [36mfscrawler-core[0;1m ---[m
[[1;34mINFO[m] skip non existing resourceDirectory /usr/local/programming/fscrawler/core/src/main/resources
[[1;34mINFO[m] 
[[1;34mINFO[m] [1m--- [0;32mmaven-compiler-plugin:3.11.0:compile[m [1m(default-compile)[m @ [36mfscrawler-core[0;1m ---[m
[[1;34mINFO[m] Changes detected - recompiling the module! :dependency
[[1;34mINFO[m] Compiling 13 source files with javac [debug optimize deprecation release 11] to target/classes
[[1;33mWARNING[m] No processor claimed any of these annotations: java.base/java.lang.Deprecated,java.base/java.lang.Override
[[1;33mWARNING[m] /usr/local/programming/fscrawler/core/src/main/java/fr/pilato/elasticsearch/crawler/fs/service/FsCrawlerDocumentServiceElasticsearchImpl.java:[71,15] createIndices() in fr.pilato.elasticsearch.crawler.fs.client.IElasticsearchClient has been deprecated
[[1;33mWARNING[m] /usr/local/programming/fscrawler/core/src/main/java/fr/pilato/elasticsearch/crawler/fs/FsCrawlerImpl.java:[42,8] auto-closeable resource fr.pilato.elasticsearch.crawler.fs.FsCrawlerImpl has a member method close() that could throw InterruptedException
[[1;34mINFO[m] 
[[1;34mINFO[m] [1m--- [0;32mmaven-resources-plugin:3.3.1:testResources[m [1m(default-testResources)[m @ [36mfscrawler-core[0;1m ---[m
[[1;34mINFO[m] Copying 1 resource from src/test/resources to target/test-classes
[[1;34mINFO[m] 
[[1;34mINFO[m] [1m--- [0;32mmaven-compiler-plugin:3.11.0:testCompile[m [1m(default-testCompile)[m @ [36mfscrawler-core[0;1m ---[m
[[1;34mINFO[m] Changes detected - recompiling the module! :dependency
[[1;34mINFO[m] Compiling 1 source file with javac [debug optimize deprecation release 11] to target/test-classes
[[1;33mWARNING[m] No processor claimed any of these annotations: /com.carrotsearch.randomizedtesting.annotations.ThreadLeakLingering,java.base/java.lang.SuppressWarnings,/com.carrotsearch.randomizedtesting.annotations.ThreadLeakScope,/org.junit.Test,/com.carrotsearch.randomizedtesting.annotations.TimeoutSuite,/org.junit.runner.RunWith
[[1;34mINFO[m] 
[[1;34mINFO[m] [1m--- [0;32mjunit4-maven-plugin:2.8.1:junit4[m [1m(unit-tests)[m @ [36mfscrawler-core[0;1m ---[m
[[1;34mINFO[m] <JUnit4> says hi! Main seed: CCB931C6EFCE14F3
Executing 1 suite with 1 JVM.

Started J0 PID(1377346@scs-dev-server).
[[1;34mINFO[m] JVM J0:     0.52 ..     1.52 =     1.00s
[[1;34mINFO[m] Execution time total: 1.53 sec.
[[1;34mINFO[m] Tests summary: 1 suite, 2 tests
[[1;34mINFO[m] 
[[1;34mINFO[m] [1m--- [0;32mmaven-jar-plugin:3.3.0:jar[m [1m(default-jar)[m @ [36mfscrawler-core[0;1m ---[m
[[1;34mINFO[m] Building jar: /usr/local/programming/fscrawler/core/target/fscrawler-core-2.10-SNAPSHOT.jar
[[1;34mINFO[m] 
[[1;34mINFO[m] [1m--- [0;32mjunit4-maven-plugin:2.8.1:junit4[m [1m(integration-tests)[m @ [36mfscrawler-core[0;1m ---[m
[[1;34mINFO[m] <JUnit4> says aloha! Main seed: F310E92C6531312A
[[1;34mINFO[m] Tests summary: 0 suites, 0 tests
[[1;33mWARNING[m] There were no executed tests: 0 suites, 0 tests
[[1;34mINFO[m] 
[[1;34mINFO[m] [1m--- [0;32mossindex-maven-plugin:3.2.0:audit[m [1m(audit-dependencies)[m @ [36mfscrawler-core[0;1m ---[m
[[1;34mINFO[m] Checking for vulnerabilities; 188 artifacts
[[1;34mINFO[m] Exclude coordinates: []
[[1;34mINFO[m] Exclude vulnerability identifiers: [CVE-2022-1471]
[[1;34mINFO[m] CVSS-score threshold: 7.0
[[1;33mWARNING[m] Excluding CVSS-score: 5.9
[[1;33mWARNING[m] Excluding CVSS-score: 5.3
[[1;34mINFO[m] 
[[1;34mINFO[m] [1m--- [0;32mmaven-install-plugin:3.1.1:install[m [1m(default-install)[m @ [36mfscrawler-core[0;1m ---[m
[[1;34mINFO[m] Installing /usr/local/programming/fscrawler/core/pom.xml to /home/chris/.m2/repository/fr/pilato/elasticsearch/crawler/fscrawler-core/2.10-SNAPSHOT/fscrawler-core-2.10-SNAPSHOT.pom
[[1;34mINFO[m] Installing /usr/local/programming/fscrawler/core/target/fscrawler-core-2.10-SNAPSHOT.jar to /home/chris/.m2/repository/fr/pilato/elasticsearch/crawler/fscrawler-core/2.10-SNAPSHOT/fscrawler-core-2.10-SNAPSHOT.jar
[[1;34mINFO[m] 
[[1;34mINFO[m] [1m-----------< [0;36mfr.pilato.elasticsearch.crawler:fscrawler-rest[0;1m >-----------[m
[[1;34mINFO[m] [1mBuilding FSCrawler Rest Server 2.10-SNAPSHOT                     [17/22][m
[[1;34mINFO[m] [1m--------------------------------[ jar ]---------------------------------[m
[[1;34mINFO[m] 
[[1;34mINFO[m] [1m--- [0;32mmaven-clean-plugin:2.5:clean[m [1m(default-clean)[m @ [36mfscrawler-rest[0;1m ---[m
[[1;34mINFO[m] Deleting /usr/local/programming/fscrawler/rest/target
[[1;34mINFO[m] 
[[1;34mINFO[m] [1m--- [0;32mmaven-enforcer-plugin:3.3.0:enforce[m [1m(enforce)[m @ [36mfscrawler-rest[0;1m ---[m
[[1;34mINFO[m] Rule 1: org.apache.maven.enforcer.rules.dependency.DependencyConvergence passed
[[1;34mINFO[m] 
[[1;34mINFO[m] [1m--- [0;32mmaven-resources-plugin:3.3.1:resources[m [1m(default-resources)[m @ [36mfscrawler-rest[0;1m ---[m
[[1;34mINFO[m] skip non existing resourceDirectory /usr/local/programming/fscrawler/rest/src/main/resources
[[1;34mINFO[m] 
[[1;34mINFO[m] [1m--- [0;32mmaven-compiler-plugin:3.11.0:compile[m [1m(default-compile)[m @ [36mfscrawler-rest[0;1m ---[m
[[1;34mINFO[m] Changes detected - recompiling the module! :dependency
[[1;34mINFO[m] Compiling 12 source files with javac [debug optimize deprecation release 11] to target/classes
[[1;33mWARNING[m] No processor claimed any of these annotations: java.base/java.lang.Deprecated,/jakarta.ws.rs.QueryParam,/jakarta.ws.rs.GET,/jakarta.ws.rs.HeaderParam,/jakarta.ws.rs.Path,/jakarta.ws.rs.Consumes,/jakarta.ws.rs.PathParam,/jakarta.ws.rs.Produces,/jakarta.ws.rs.PUT,/jakarta.ws.rs.ext.Provider,java.base/java.lang.Override,/jakarta.ws.rs.POST,/org.glassfish.jersey.media.multipart.FormDataParam,/jakarta.ws.rs.DELETE
[[1;33mWARNING[m] /usr/local/programming/fscrawler/rest/src/main/java/fr/pilato/elasticsearch/crawler/fs/rest/RestServer.java:[55,33] fr.pilato.elasticsearch.crawler.fs.rest.UploadApi in fr.pilato.elasticsearch.crawler.fs.rest has been deprecated
[[1;34mINFO[m] 
[[1;34mINFO[m] [1m--- [0;32mmaven-resources-plugin:3.3.1:testResources[m [1m(default-testResources)[m @ [36mfscrawler-rest[0;1m ---[m
[[1;34mINFO[m] skip non existing resourceDirectory /usr/local/programming/fscrawler/rest/src/test/resources
[[1;34mINFO[m] 
[[1;34mINFO[m] [1m--- [0;32mmaven-compiler-plugin:3.11.0:testCompile[m [1m(default-testCompile)[m @ [36mfscrawler-rest[0;1m ---[m
[[1;34mINFO[m] No sources to compile
[[1;34mINFO[m] 
[[1;34mINFO[m] [1m--- [0;32mjunit4-maven-plugin:2.8.1:junit4[m [1m(unit-tests)[m @ [36mfscrawler-rest[0;1m ---[m
[[1;34mINFO[m] <JUnit4> says ŸÖÿ±ÿ≠ÿ®ÿß! Main seed: A3F3D4E9751CC494
[[1;34mINFO[m] Tests summary: 0 suites, 0 tests
[[1;33mWARNING[m] There were no executed tests: 0 suites, 0 tests
[[1;34mINFO[m] 
[[1;34mINFO[m] [1m--- [0;32mmaven-jar-plugin:3.3.0:jar[m [1m(default-jar)[m @ [36mfscrawler-rest[0;1m ---[m
[[1;34mINFO[m] Building jar: /usr/local/programming/fscrawler/rest/target/fscrawler-rest-2.10-SNAPSHOT.jar
[[1;34mINFO[m] 
[[1;34mINFO[m] [1m--- [0;32mjunit4-maven-plugin:2.8.1:junit4[m [1m(integration-tests)[m @ [36mfscrawler-rest[0;1m ---[m
[[1;34mINFO[m] <JUnit4> says ¬°Hola! Main seed: FE15E97878C26832
[[1;34mINFO[m] Tests summary: 0 suites, 0 tests
[[1;33mWARNING[m] There were no executed tests: 0 suites, 0 tests
[[1;34mINFO[m] 
[[1;34mINFO[m] [1m--- [0;32mossindex-maven-plugin:3.2.0:audit[m [1m(audit-dependencies)[m @ [36mfscrawler-rest[0;1m ---[m
[[1;34mINFO[m] Checking for vulnerabilities; 191 artifacts
[[1;34mINFO[m] Exclude coordinates: []
[[1;34mINFO[m] Exclude vulnerability identifiers: [CVE-2022-1471]
[[1;34mINFO[m] CVSS-score threshold: 7.0
[[1;33mWARNING[m] Excluding CVSS-score: 5.9
[[1;33mWARNING[m] Excluding CVSS-score: 5.3
[[1;34mINFO[m] 
[[1;34mINFO[m] [1m--- [0;32mmaven-install-plugin:3.1.1:install[m [1m(default-install)[m @ [36mfscrawler-rest[0;1m ---[m
[[1;34mINFO[m] Installing /usr/local/programming/fscrawler/rest/pom.xml to /home/chris/.m2/repository/fr/pilato/elasticsearch/crawler/fscrawler-rest/2.10-SNAPSHOT/fscrawler-rest-2.10-SNAPSHOT.pom
[[1;34mINFO[m] Installing /usr/local/programming/fscrawler/rest/target/fscrawler-rest-2.10-SNAPSHOT.jar to /home/chris/.m2/repository/fr/pilato/elasticsearch/crawler/fscrawler-rest/2.10-SNAPSHOT/fscrawler-rest-2.10-SNAPSHOT.jar
[[1;34mINFO[m] 
[[1;34mINFO[m] [1m------------< [0;36mfr.pilato.elasticsearch.crawler:fscrawler-it[0;1m >------------[m
[[1;34mINFO[m] [1mBuilding FSCrawler Integration Tests 2.10-SNAPSHOT               [18/22][m
[[1;34mINFO[m] [1m--------------------------------[ jar ]---------------------------------[m
[[1;34mINFO[m] 
[[1;34mINFO[m] [1m--- [0;32mmaven-clean-plugin:2.5:clean[m [1m(default-clean)[m @ [36mfscrawler-it[0;1m ---[m
[[1;34mINFO[m] Deleting /usr/local/programming/fscrawler/integration-tests/target
[[1;34mINFO[m] 
[[1;34mINFO[m] [1m--- [0;32mmaven-resources-plugin:3.3.1:resources[m [1m(default-resources)[m @ [36mfscrawler-it[0;1m ---[m
[[1;34mINFO[m] skip non existing resourceDirectory /usr/local/programming/fscrawler/integration-tests/src/main/resources
[[1;34mINFO[m] 
[[1;34mINFO[m] [1m--- [0;32mmaven-compiler-plugin:3.11.0:compile[m [1m(default-compile)[m @ [36mfscrawler-it[0;1m ---[m
[[1;34mINFO[m] No sources to compile
[[1;34mINFO[m] 
[[1;34mINFO[m] [1m--- [0;32mmaven-resources-plugin:3.3.1:testResources[m [1m(default-testResources)[m @ [36mfscrawler-it[0;1m ---[m
[[1;34mINFO[m] Copying 95 resources from src/test/resources-binary to target/test-classes
[[1;34mINFO[m] Copying 2 resources from src/test/resources to target/test-classes
[[1;34mINFO[m] 
[[1;34mINFO[m] [1m--- [0;32mmaven-compiler-plugin:3.11.0:testCompile[m [1m(default-testCompile)[m @ [36mfscrawler-it[0;1m ---[m
[[1;34mINFO[m] Changes detected - recompiling the module! :dependency
[[1;34mINFO[m] Compiling 37 source files with javac [debug optimize deprecation release 11] to target/test-classes
[[1;33mWARNING[m] No processor claimed any of these annotations: java.base/java.lang.Deprecated,/org.junit.Test,/com.carrotsearch.randomizedtesting.annotations.TimeoutSuite,/org.junit.BeforeClass,/com.carrotsearch.randomizedtesting.annotations.ThreadLeakLingering,java.base/java.lang.SuppressWarnings,/org.junit.Ignore,/com.carrotsearch.randomizedtesting.annotations.ThreadLeakScope,/org.junit.Before,/org.junit.After,/org.junit.runner.RunWith,/org.junit.AfterClass
[[1;33mWARNING[m] /usr/local/programming/fscrawler/integration-tests/src/test/java/fr/pilato/elasticsearch/crawler/fs/test/integration/workplacesearch/WPSearchAllDocumentsIT.java:[101,32] auto-closeable resource fr.pilato.elasticsearch.crawler.fs.FsCrawlerImpl has a member method close() that could throw InterruptedException
[[1;34mINFO[m] /usr/local/programming/fscrawler/integration-tests/src/test/java/fr/pilato/elasticsearch/crawler/fs/test/integration/workplacesearch/WPSearchIT.java: /usr/local/programming/fscrawler/integration-tests/src/test/java/fr/pilato/elasticsearch/crawler/fs/test/integration/workplacesearch/WPSearchIT.java uses unchecked or unsafe operations.
[[1;34mINFO[m] /usr/local/programming/fscrawler/integration-tests/src/test/java/fr/pilato/elasticsearch/crawler/fs/test/integration/workplacesearch/WPSearchIT.java: Recompile with -Xlint:unchecked for details.
[[1;34mINFO[m] 
[[1;34mINFO[m] [1m--- [0;32mmaven-jar-plugin:3.3.0:jar[m [1m(default-jar)[m @ [36mfscrawler-it[0;1m ---[m
[[1;34mINFO[m] Skipping packaging of the jar
[[1;34mINFO[m] 
[[1;34mINFO[m] [1m--- [0;32mdocker-compose-maven-plugin:4.0.0:down[m [1m(up)[m @ [36mfscrawler-it[0;1m ---[m
[[1;34mINFO[m] Removing volumes
[[1;34mINFO[m] Removing orphans
[[1;34mINFO[m] Docker Compose Files: /usr/local/programming/fscrawler/integration-tests/../contrib/docker-compose-it/docker-compose.yml
[[1;34mINFO[m] ELASTIC_PASSWORD: changeme
[[1;34mINFO[m] ENTERPRISE_SEARCH_PORT: 3002
[[1;34mINFO[m] ES_PORT: 9200
[[1;34mINFO[m] LICENSE: trial
[[1;34mINFO[m] STACK_VERSION: 8.8.1
[[1;34mINFO[m] Running: docker-compose -f /usr/local/programming/fscrawler/integration-tests/../contrib/docker-compose-it/docker-compose.yml down -v --remove-orphans
[[1;34mINFO[m] 
[[1;34mINFO[m] [1m--- [0;32mdocker-compose-maven-plugin:4.0.0:up[m [1m(up)[m @ [36mfscrawler-it[0;1m ---[m
[[1;34mINFO[m] Running in detached mode
[[1;34mINFO[m] Docker Compose Files: /usr/local/programming/fscrawler/integration-tests/../contrib/docker-compose-it/docker-compose.yml
[[1;34mINFO[m] ELASTIC_PASSWORD: changeme
[[1;34mINFO[m] ENTERPRISE_SEARCH_PORT: 3002
[[1;34mINFO[m] ES_PORT: 9200
[[1;34mINFO[m] LICENSE: trial
[[1;34mINFO[m] STACK_VERSION: 8.8.1
[[1;34mINFO[m] Running: docker-compose -f /usr/local/programming/fscrawler/integration-tests/../contrib/docker-compose-it/docker-compose.yml up -d --no-color elasticsearch enterprisesearch
[[1;34mINFO[m] 
[[1;34mINFO[m] [1m--- [0;32mwaitfor-maven-plugin:1.4:waitfor[m [1m(wait-for-environment-to-be-up)[m @ [36mfscrawler-it[0;1m ---[m
Downloading from central: https://repo.maven.apache.org/maven2/org/apache/httpcomponents/httpclient/4.5.13/httpclient-4.5.13.pom
Progress (1): 2.7/6.6 kBProgress (1): 5.5/6.6 kBProgress (1): 6.6 kB                        Downloaded from central: https://repo.maven.apache.org/maven2/org/apache/httpcomponents/httpclient/4.5.13/httpclient-4.5.13.pom (6.6 kB at 12 kB/s)
Downloading from central: https://repo.maven.apache.org/maven2/org/apache/httpcomponents/httpcomponents-client/4.5.13/httpcomponents-client-4.5.13.pom
Progress (1): 2.7/16 kBProgress (1): 5.5/16 kBProgress (1): 8.2/16 kBProgress (1): 11/16 kB Progress (1): 14/16 kBProgress (1): 16 kB                      Downloaded from central: https://repo.maven.apache.org/maven2/org/apache/httpcomponents/httpcomponents-client/4.5.13/httpcomponents-client-4.5.13.pom (16 kB at 98 kB/s)
Downloading from central: https://repo.maven.apache.org/maven2/org/apache/httpcomponents/httpcore/4.4.13/httpcore-4.4.13.pom
Progress (1): 2.7/5.0 kBProgress (1): 5.0 kB                        Downloaded from central: https://repo.maven.apache.org/maven2/org/apache/httpcomponents/httpcore/4.4.13/httpcore-4.4.13.pom (5.0 kB at 31 kB/s)
Downloading from central: https://repo.maven.apache.org/maven2/org/apache/httpcomponents/httpcomponents-core/4.4.13/httpcomponents-core-4.4.13.pom
Progress (1): 2.7/13 kBProgress (1): 5.5/13 kBProgress (1): 8.2/13 kBProgress (1): 11/13 kB Progress (1): 13 kB                      Downloaded from central: https://repo.maven.apache.org/maven2/org/apache/httpcomponents/httpcomponents-core/4.4.13/httpcomponents-core-4.4.13.pom (13 kB at 85 kB/s)
Downloading from central: https://repo.maven.apache.org/maven2/commons-codec/commons-codec/1.11/commons-codec-1.11.pom
Progress (1): 2.7/14 kBProgress (1): 5.5/14 kBProgress (1): 8.2/14 kBProgress (1): 11/14 kB Progress (1): 14/14 kBProgress (1): 14 kB                      Downloaded from central: https://repo.maven.apache.org/maven2/commons-codec/commons-codec/1.11/commons-codec-1.11.pom (14 kB at 84 kB/s)
Downloading from central: https://repo.maven.apache.org/maven2/org/slf4j/jcl-over-slf4j/1.7.5/jcl-over-slf4j-1.7.5.pom
Progress (1): 1.9 kB                    Downloaded from central: https://repo.maven.apache.org/maven2/org/slf4j/jcl-over-slf4j/1.7.5/jcl-over-slf4j-1.7.5.pom (1.9 kB at 12 kB/s)
Downloading from central: https://repo.maven.apache.org/maven2/de/scravy/bedrock/2020.09.25/bedrock-2020.09.25.pom
Progress (1): 4.1/10 kBProgress (1): 8.2/10 kBProgress (1): 10 kB                       Downloaded from central: https://repo.maven.apache.org/maven2/de/scravy/bedrock/2020.09.25/bedrock-2020.09.25.pom (10 kB at 30 kB/s)
Downloading from central: https://repo.maven.apache.org/maven2/org/apache/httpcomponents/httpcore/4.4.13/httpcore-4.4.13.jar
Downloading from central: https://repo.maven.apache.org/maven2/de/scravy/bedrock/2020.09.25/bedrock-2020.09.25.jar
Downloading from central: https://repo.maven.apache.org/maven2/org/apache/httpcomponents/httpclient/4.5.13/httpclient-4.5.13.jar
Downloading from central: https://repo.maven.apache.org/maven2/commons-codec/commons-codec/1.11/commons-codec-1.11.jar
Downloading from central: https://repo.maven.apache.org/maven2/org/slf4j/jcl-over-slf4j/1.7.5/jcl-over-slf4j-1.7.5.jar
Progress (1): 4.1/329 kBProgress (1): 8.2/329 kBProgress (1): 12/329 kB Progress (1): 16/329 kBProgress (1): 20/329 kBProgress (1): 25/329 kBProgress (1): 29/329 kBProgress (1): 33/329 kBProgress (1): 37/329 kBProgress (1): 41/329 kBProgress (1): 45/329 kBProgress (1): 49/329 kBProgress (1): 53/329 kBProgress (1): 57/329 kBProgress (1): 61/329 kBProgress (1): 66/329 kBProgress (1): 70/329 kBProgress (1): 74/329 kBProgress (1): 78/329 kBProgress (1): 82/329 kBProgress (1): 86/329 kBProgress (1): 90/329 kBProgress (1): 94/329 kBProgress (1): 98/329 kBProgress (1): 102/329 kBProgress (1): 106/329 kBProgress (1): 111/329 kBProgress (1): 115/329 kBProgress (1): 119/329 kBProgress (1): 123/329 kBProgress (1): 127/329 kBProgress (1): 131/329 kBProgress (1): 135/329 kBProgress (1): 139/329 kBProgress (1): 143/329 kBProgress (1): 147/329 kBProgress (1): 152/329 kBProgress (1): 156/329 kBProgress (1): 160/329 kBProgress (1): 164/329 kBProgress (1): 168/329 kBProgress (1): 172/329 kBProgress (1): 176/329 kBProgress (1): 180/329 kBProgress (1): 184/329 kBProgress (1): 188/329 kBProgress (1): 193/329 kBProgress (1): 197/329 kBProgress (1): 201/329 kBProgress (1): 205/329 kBProgress (1): 209/329 kBProgress (1): 213/329 kBProgress (1): 217/329 kBProgress (1): 221/329 kBProgress (1): 225/329 kBProgress (1): 229/329 kBProgress (1): 233/329 kBProgress (1): 238/329 kBProgress (1): 242/329 kBProgress (1): 246/329 kBProgress (1): 250/329 kBProgress (1): 254/329 kBProgress (1): 258/329 kBProgress (1): 262/329 kBProgress (1): 266/329 kBProgress (1): 270/329 kBProgress (1): 274/329 kBProgress (1): 279/329 kBProgress (1): 283/329 kBProgress (1): 287/329 kBProgress (1): 291/329 kBProgress (1): 295/329 kBProgress (1): 299/329 kBProgress (1): 303/329 kBProgress (1): 307/329 kBProgress (1): 311/329 kBProgress (1): 315/329 kBProgress (1): 319/329 kBProgress (1): 324/329 kBProgress (1): 328/329 kBProgress (1): 329 kB    Progress (2): 329 kB | 2.7/17 kBProgress (2): 329 kB | 5.5/17 kBProgress (2): 329 kB | 8.2/17 kBProgress (2): 329 kB | 11/17 kB Progress (2): 329 kB | 14/17 kBProgress (2): 329 kB | 16/17 kBProgress (2): 329 kB | 17 kB   Progress (3): 329 kB | 17 kB | 4.1/780 kBProgress (3): 329 kB | 17 kB | 8.2/780 kBProgress (3): 329 kB | 17 kB | 12/780 kB Progress (3): 329 kB | 17 kB | 16/780 kBProgress (4): 329 kB | 17 kB | 16/780 kB | 4.1/335 kBProgress (4): 329 kB | 17 kB | 16/780 kB | 8.2/335 kBProgress (4): 329 kB | 17 kB | 16/780 kB | 12/335 kB Progress (4): 329 kB | 17 kB | 16/780 kB | 16/335 kBProgress (4): 329 kB | 17 kB | 20/780 kB | 16/335 kBProgress (4): 329 kB | 17 kB | 25/780 kB | 16/335 kBProgress (4): 329 kB | 17 kB | 29/780 kB | 16/335 kBProgress (4): 329 kB | 17 kB | 33/780 kB | 16/335 kBProgress (4): 329 kB | 17 kB | 33/780 kB | 20/335 kBProgress (4): 329 kB | 17 kB | 33/780 kB | 25/335 kBProgress (4): 329 kB | 17 kB | 33/780 kB | 29/335 kBProgress (4): 329 kB | 17 kB | 33/780 kB | 33/335 kB                                                    Downloaded from central: https://repo.maven.apache.org/maven2/org/apache/httpcomponents/httpcore/4.4.13/httpcore-4.4.13.jar (329 kB at 843 kB/s)
Downloading from central: https://repo.maven.apache.org/maven2/org/codehaus/plexus/plexus-utils/1.1/plexus-utils-1.1.jar
Progress (3): 17 kB | 37/780 kB | 33/335 kBProgress (3): 17 kB | 41/780 kB | 33/335 kBProgress (3): 17 kB | 45/780 kB | 33/335 kBProgress (3): 17 kB | 49/780 kB | 33/335 kB                                           Downloaded from central: https://repo.maven.apache.org/maven2/org/slf4j/jcl-over-slf4j/1.7.5/jcl-over-slf4j-1.7.5.jar (17 kB at 40 kB/s)
Progress (2): 49/780 kB | 37/335 kBProgress (2): 49/780 kB | 41/335 kBProgress (2): 49/780 kB | 45/335 kBProgress (2): 49/780 kB | 49/335 kBProgress (2): 53/780 kB | 49/335 kBProgress (2): 57/780 kB | 49/335 kBProgress (2): 61/780 kB | 49/335 kBProgress (2): 66/780 kB | 49/335 kBProgress (2): 66/780 kB | 53/335 kBProgress (2): 66/780 kB | 57/335 kBProgress (2): 66/780 kB | 61/335 kBProgress (2): 66/780 kB | 66/335 kBProgress (2): 70/780 kB | 66/335 kBProgress (2): 74/780 kB | 66/335 kBProgress (2): 78/780 kB | 66/335 kBProgress (2): 82/780 kB | 66/335 kBProgress (3): 82/780 kB | 66/335 kB | 2.7/359 kBProgress (3): 82/780 kB | 66/335 kB | 5.5/359 kBProgress (3): 82/780 kB | 70/335 kB | 5.5/359 kBProgress (3): 82/780 kB | 74/335 kB | 5.5/359 kBProgress (3): 82/780 kB | 78/335 kB | 5.5/359 kBProgress (3): 82/780 kB | 82/335 kB | 5.5/359 kBProgress (3): 82/780 kB | 82/335 kB | 8.2/359 kBProgress (3): 82/780 kB | 82/335 kB | 11/359 kB Progress (3): 82/780 kB | 82/335 kB | 14/359 kBProgress (3): 82/780 kB | 82/335 kB | 16/359 kBProgress (3): 86/780 kB | 82/335 kB | 16/359 kBProgress (3): 90/780 kB | 82/335 kB | 16/359 kBProgress (3): 94/780 kB | 82/335 kB | 16/359 kBProgress (3): 98/780 kB | 82/335 kB | 16/359 kBProgress (3): 98/780 kB | 86/335 kB | 16/359 kBProgress (3): 98/780 kB | 90/335 kB | 16/359 kBProgress (3): 98/780 kB | 94/335 kB | 16/359 kBProgress (3): 98/780 kB | 98/335 kB | 16/359 kBProgress (4): 98/780 kB | 98/335 kB | 16/359 kB | 4.1/169 kBProgress (4): 98/780 kB | 98/335 kB | 16/359 kB | 8.2/169 kBProgress (4): 98/780 kB | 98/335 kB | 16/359 kB | 12/169 kB Progress (4): 98/780 kB | 98/335 kB | 16/359 kB | 16/169 kBProgress (4): 98/780 kB | 98/335 kB | 16/359 kB | 20/169 kBProgress (4): 98/780 kB | 98/335 kB | 16/359 kB | 25/169 kBProgress (4): 98/780 kB | 98/335 kB | 16/359 kB | 29/169 kBProgress (4): 98/780 kB | 98/335 kB | 16/359 kB | 33/169 kBProgress (4): 98/780 kB | 98/335 kB | 16/359 kB | 37/169 kBProgress (4): 98/780 kB | 98/335 kB | 16/359 kB | 41/169 kBProgress (4): 98/780 kB | 98/335 kB | 16/359 kB | 45/169 kBProgress (4): 98/780 kB | 98/335 kB | 16/359 kB | 49/169 kBProgress (4): 98/780 kB | 98/335 kB | 16/359 kB | 53/169 kBProgress (4): 102/780 kB | 98/335 kB | 16/359 kB | 53/169 kBProgress (4): 106/780 kB | 98/335 kB | 16/359 kB | 53/169 kBProgress (4): 111/780 kB | 98/335 kB | 16/359 kB | 53/169 kBProgress (4): 115/780 kB | 98/335 kB | 16/359 kB | 53/169 kBProgress (4): 115/780 kB | 98/335 kB | 20/359 kB | 53/169 kBProgress (4): 115/780 kB | 98/335 kB | 20/359 kB | 57/169 kBProgress (4): 115/780 kB | 98/335 kB | 24/359 kB | 57/169 kBProgress (4): 115/780 kB | 98/335 kB | 24/359 kB | 61/169 kBProgress (4): 115/780 kB | 98/335 kB | 24/359 kB | 66/169 kBProgress (4): 119/780 kB | 98/335 kB | 24/359 kB | 66/169 kBProgress (4): 123/780 kB | 98/335 kB | 24/359 kB | 66/169 kBProgress (4): 127/780 kB | 98/335 kB | 24/359 kB | 66/169 kBProgress (4): 127/780 kB | 98/335 kB | 24/359 kB | 70/169 kBProgress (4): 127/780 kB | 98/335 kB | 28/359 kB | 70/169 kBProgress (4): 127/780 kB | 98/335 kB | 32/359 kB | 70/169 kBProgress (4): 127/780 kB | 98/335 kB | 32/359 kB | 74/169 kBProgress (4): 127/780 kB | 98/335 kB | 32/359 kB | 78/169 kBProgress (4): 127/780 kB | 98/335 kB | 32/359 kB | 82/169 kBProgress (4): 127/780 kB | 98/335 kB | 32/359 kB | 86/169 kBProgress (4): 127/780 kB | 98/335 kB | 32/359 kB | 90/169 kBProgress (4): 127/780 kB | 98/335 kB | 32/359 kB | 94/169 kBProgress (4): 131/780 kB | 98/335 kB | 32/359 kB | 94/169 kBProgress (4): 131/780 kB | 102/335 kB | 32/359 kB | 94/169 kBProgress (4): 131/780 kB | 106/335 kB | 32/359 kB | 94/169 kBProgress (4): 131/780 kB | 111/335 kB | 32/359 kB | 94/169 kBProgress (4): 131/780 kB | 115/335 kB | 32/359 kB | 94/169 kBProgress (4): 131/780 kB | 119/335 kB | 32/359 kB | 94/169 kBProgress (4): 131/780 kB | 123/335 kB | 32/359 kB | 94/169 kBProgress (4): 131/780 kB | 127/335 kB | 32/359 kB | 94/169 kBProgress (4): 131/780 kB | 131/335 kB | 32/359 kB | 94/169 kBProgress (4): 131/780 kB | 135/335 kB | 32/359 kB | 94/169 kBProgress (4): 131/780 kB | 139/335 kB | 32/359 kB | 94/169 kBProgress (4): 131/780 kB | 143/335 kB | 32/359 kB | 94/169 kBProgress (4): 131/780 kB | 147/335 kB | 32/359 kB | 94/169 kBProgress (4): 131/780 kB | 152/335 kB | 32/359 kB | 94/169 kBProgress (4): 131/780 kB | 156/335 kB | 32/359 kB | 94/169 kBProgress (4): 131/780 kB | 160/335 kB | 32/359 kB | 94/169 kBProgress (4): 131/780 kB | 164/335 kB | 32/359 kB | 94/169 kBProgress (4): 131/780 kB | 164/335 kB | 32/359 kB | 98/169 kBProgress (4): 131/780 kB | 164/335 kB | 32/359 kB | 102/169 kBProgress (4): 131/780 kB | 164/335 kB | 32/359 kB | 106/169 kBProgress (4): 131/780 kB | 164/335 kB | 32/359 kB | 111/169 kBProgress (4): 131/780 kB | 164/335 kB | 32/359 kB | 115/169 kBProgress (4): 131/780 kB | 164/335 kB | 32/359 kB | 119/169 kBProgress (4): 131/780 kB | 164/335 kB | 32/359 kB | 123/169 kBProgress (4): 131/780 kB | 164/335 kB | 32/359 kB | 127/169 kBProgress (4): 131/780 kB | 164/335 kB | 32/359 kB | 131/169 kBProgress (4): 135/780 kB | 164/335 kB | 32/359 kB | 131/169 kBProgress (4): 139/780 kB | 164/335 kB | 32/359 kB | 131/169 kBProgress (4): 143/780 kB | 164/335 kB | 32/359 kB | 131/169 kBProgress (4): 147/780 kB | 164/335 kB | 32/359 kB | 131/169 kBProgress (4): 152/780 kB | 164/335 kB | 32/359 kB | 131/169 kBProgress (4): 156/780 kB | 164/335 kB | 32/359 kB | 131/169 kBProgress (4): 160/780 kB | 164/335 kB | 32/359 kB | 131/169 kBProgress (4): 164/780 kB | 164/335 kB | 32/359 kB | 131/169 kBProgress (4): 168/780 kB | 164/335 kB | 32/359 kB | 131/169 kBProgress (4): 172/780 kB | 164/335 kB | 32/359 kB | 131/169 kBProgress (4): 176/780 kB | 164/335 kB | 32/359 kB | 131/169 kBProgress (4): 180/780 kB | 164/335 kB | 32/359 kB | 131/169 kBProgress (4): 180/780 kB | 164/335 kB | 36/359 kB | 131/169 kBProgress (4): 184/780 kB | 164/335 kB | 36/359 kB | 131/169 kBProgress (4): 184/780 kB | 164/335 kB | 36/359 kB | 135/169 kBProgress (4): 184/780 kB | 164/335 kB | 36/359 kB | 139/169 kBProgress (4): 184/780 kB | 164/335 kB | 36/359 kB | 143/169 kBProgress (4): 184/780 kB | 164/335 kB | 36/359 kB | 147/169 kBProgress (4): 188/780 kB | 164/335 kB | 36/359 kB | 147/169 kBProgress (4): 193/780 kB | 164/335 kB | 36/359 kB | 147/169 kBProgress (4): 193/780 kB | 168/335 kB | 36/359 kB | 147/169 kBProgress (4): 193/780 kB | 172/335 kB | 36/359 kB | 147/169 kBProgress (4): 193/780 kB | 176/335 kB | 36/359 kB | 147/169 kBProgress (4): 193/780 kB | 180/335 kB | 36/359 kB | 147/169 kBProgress (4): 193/780 kB | 184/335 kB | 36/359 kB | 147/169 kBProgress (4): 193/780 kB | 188/335 kB | 36/359 kB | 147/169 kBProgress (4): 193/780 kB | 193/335 kB | 36/359 kB | 147/169 kBProgress (4): 193/780 kB | 197/335 kB | 36/359 kB | 147/169 kBProgress (4): 193/780 kB | 201/335 kB | 36/359 kB | 147/169 kBProgress (4): 193/780 kB | 205/335 kB | 36/359 kB | 147/169 kBProgress (4): 193/780 kB | 209/335 kB | 36/359 kB | 147/169 kBProgress (4): 193/780 kB | 213/335 kB | 36/359 kB | 147/169 kBProgress (4): 193/780 kB | 213/335 kB | 40/359 kB | 147/169 kBProgress (4): 193/780 kB | 213/335 kB | 45/359 kB | 147/169 kBProgress (4): 193/780 kB | 213/335 kB | 49/359 kB | 147/169 kBProgress (4): 193/780 kB | 213/335 kB | 53/359 kB | 147/169 kBProgress (4): 193/780 kB | 213/335 kB | 57/359 kB | 147/169 kBProgress (4): 193/780 kB | 213/335 kB | 61/359 kB | 147/169 kBProgress (4): 193/780 kB | 213/335 kB | 65/359 kB | 147/169 kBProgress (4): 193/780 kB | 213/335 kB | 69/359 kB | 147/169 kBProgress (4): 193/780 kB | 213/335 kB | 73/359 kB | 147/169 kBProgress (4): 193/780 kB | 213/335 kB | 77/359 kB | 147/169 kBProgress (4): 193/780 kB | 213/335 kB | 81/359 kB | 147/169 kBProgress (4): 193/780 kB | 213/335 kB | 85/359 kB | 147/169 kBProgress (4): 193/780 kB | 213/335 kB | 90/359 kB | 147/169 kBProgress (4): 193/780 kB | 213/335 kB | 94/359 kB | 147/169 kBProgress (4): 193/780 kB | 213/335 kB | 98/359 kB | 147/169 kBProgress (4): 197/780 kB | 213/335 kB | 98/359 kB | 147/169 kBProgress (4): 197/780 kB | 213/335 kB | 98/359 kB | 152/169 kBProgress (4): 197/780 kB | 213/335 kB | 98/359 kB | 156/169 kBProgress (4): 197/780 kB | 213/335 kB | 98/359 kB | 160/169 kBProgress (4): 197/780 kB | 213/335 kB | 98/359 kB | 164/169 kBProgress (4): 197/780 kB | 213/335 kB | 98/359 kB | 168/169 kBProgress (4): 197/780 kB | 213/335 kB | 98/359 kB | 169 kB    Progress (4): 197/780 kB | 217/335 kB | 98/359 kB | 169 kBProgress (4): 197/780 kB | 217/335 kB | 102/359 kB | 169 kBProgress (4): 197/780 kB | 217/335 kB | 106/359 kB | 169 kBProgress (4): 197/780 kB | 217/335 kB | 110/359 kB | 169 kBProgress (4): 197/780 kB | 221/335 kB | 110/359 kB | 169 kBProgress (4): 197/780 kB | 225/335 kB | 110/359 kB | 169 kBProgress (4): 197/780 kB | 229/335 kB | 110/359 kB | 169 kBProgress (4): 197/780 kB | 233/335 kB | 110/359 kB | 169 kBProgress (4): 197/780 kB | 238/335 kB | 110/359 kB | 169 kBProgress (4): 197/780 kB | 242/335 kB | 110/359 kB | 169 kBProgress (4): 197/780 kB | 246/335 kB | 110/359 kB | 169 kBProgress (4): 197/780 kB | 250/335 kB | 110/359 kB | 169 kBProgress (4): 197/780 kB | 254/335 kB | 110/359 kB | 169 kBProgress (4): 197/780 kB | 258/335 kB | 110/359 kB | 169 kBProgress (4): 197/780 kB | 262/335 kB | 110/359 kB | 169 kBProgress (4): 201/780 kB | 262/335 kB | 110/359 kB | 169 kBProgress (4): 201/780 kB | 262/335 kB | 114/359 kB | 169 kBProgress (4): 201/780 kB | 266/335 kB | 114/359 kB | 169 kBProgress (4): 205/780 kB | 266/335 kB | 114/359 kB | 169 kBProgress (4): 209/780 kB | 266/335 kB | 114/359 kB | 169 kBProgress (4): 213/780 kB | 266/335 kB | 114/359 kB | 169 kBProgress (4): 217/780 kB | 266/335 kB | 114/359 kB | 169 kBProgress (4): 221/780 kB | 266/335 kB | 114/359 kB | 169 kBProgress (4): 225/780 kB | 266/335 kB | 114/359 kB | 169 kBProgress (4): 229/780 kB | 266/335 kB | 114/359 kB | 169 kBProgress (4): 233/780 kB | 266/335 kB | 114/359 kB | 169 kBProgress (4): 233/780 kB | 270/335 kB | 114/359 kB | 169 kBProgress (4): 233/780 kB | 270/335 kB | 118/359 kB | 169 kBProgress (4): 233/780 kB | 274/335 kB | 118/359 kB | 169 kBProgress (4): 233/780 kB | 279/335 kB | 118/359 kB | 169 kBProgress (4): 233/780 kB | 283/335 kB | 118/359 kB | 169 kBProgress (4): 233/780 kB | 287/335 kB | 118/359 kB | 169 kBProgress (4): 233/780 kB | 291/335 kB | 118/359 kB | 169 kBProgress (4): 233/780 kB | 295/335 kB | 118/359 kB | 169 kBProgress (4): 238/780 kB | 295/335 kB | 118/359 kB | 169 kBProgress (4): 238/780 kB | 295/335 kB | 122/359 kB | 169 kBProgress (4): 238/780 kB | 295/335 kB | 126/359 kB | 169 kBProgress (4): 238/780 kB | 295/335 kB | 131/359 kB | 169 kBProgress (4): 238/780 kB | 295/335 kB | 135/359 kB | 169 kBProgress (4): 238/780 kB | 295/335 kB | 139/359 kB | 169 kBProgress (4): 238/780 kB | 295/335 kB | 143/359 kB | 169 kBProgress (4): 238/780 kB | 295/335 kB | 147/359 kB | 169 kBProgress (4): 238/780 kB | 295/335 kB | 151/359 kB | 169 kBProgress (4): 238/780 kB | 295/335 kB | 155/359 kB | 169 kBProgress (4): 238/780 kB | 295/335 kB | 159/359 kB | 169 kBProgress (4): 238/780 kB | 295/335 kB | 163/359 kB | 169 kBProgress (4): 238/780 kB | 295/335 kB | 167/359 kB | 169 kBProgress (4): 238/780 kB | 295/335 kB | 171/359 kB | 169 kBProgress (4): 238/780 kB | 295/335 kB | 176/359 kB | 169 kBProgress (4): 238/780 kB | 299/335 kB | 176/359 kB | 169 kBProgress (4): 238/780 kB | 303/335 kB | 176/359 kB | 169 kBProgress (4): 238/780 kB | 307/335 kB | 176/359 kB | 169 kBProgress (4): 238/780 kB | 311/335 kB | 176/359 kB | 169 kBProgress (4): 238/780 kB | 311/335 kB | 180/359 kB | 169 kBProgress (4): 238/780 kB | 315/335 kB | 180/359 kB | 169 kBProgress (4): 238/780 kB | 319/335 kB | 180/359 kB | 169 kBProgress (4): 238/780 kB | 324/335 kB | 180/359 kB | 169 kBProgress (4): 238/780 kB | 328/335 kB | 180/359 kB | 169 kBProgress (4): 242/780 kB | 328/335 kB | 180/359 kB | 169 kBProgress (4): 242/780 kB | 332/335 kB | 180/359 kB | 169 kBProgress (4): 242/780 kB | 332/335 kB | 184/359 kB | 169 kBProgress (4): 242/780 kB | 335 kB | 184/359 kB | 169 kB    Progress (4): 246/780 kB | 335 kB | 184/359 kB | 169 kBProgress (4): 246/780 kB | 335 kB | 188/359 kB | 169 kBProgress (4): 246/780 kB | 335 kB | 192/359 kB | 169 kBProgress (4): 250/780 kB | 335 kB | 192/359 kB | 169 kBProgress (4): 254/780 kB | 335 kB | 192/359 kB | 169 kBProgress (4): 254/780 kB | 335 kB | 196/359 kB | 169 kBProgress (4): 258/780 kB | 335 kB | 196/359 kB | 169 kBProgress (4): 262/780 kB | 335 kB | 196/359 kB | 169 kBProgress (4): 266/780 kB | 335 kB | 196/359 kB | 169 kBProgress (4): 270/780 kB | 335 kB | 196/359 kB | 169 kBProgress (4): 274/780 kB | 335 kB | 196/359 kB | 169 kBProgress (4): 279/780 kB | 335 kB | 196/359 kB | 169 kBProgress (4): 283/780 kB | 335 kB | 196/359 kB | 169 kBProgress (4): 287/780 kB | 335 kB | 196/359 kB | 169 kBProgress (4): 291/780 kB | 335 kB | 196/359 kB | 169 kBProgress (4): 295/780 kB | 335 kB | 196/359 kB | 169 kBProgress (4): 299/780 kB | 335 kB | 196/359 kB | 169 kBProgress (4): 303/780 kB | 335 kB | 196/359 kB | 169 kBProgress (4): 307/780 kB | 335 kB | 196/359 kB | 169 kBProgress (4): 311/780 kB | 335 kB | 196/359 kB | 169 kBProgress (4): 315/780 kB | 335 kB | 196/359 kB | 169 kBProgress (4): 319/780 kB | 335 kB | 196/359 kB | 169 kBProgress (4): 324/780 kB | 335 kB | 196/359 kB | 169 kBProgress (4): 328/780 kB | 335 kB | 196/359 kB | 169 kBProgress (4): 332/780 kB | 335 kB | 196/359 kB | 169 kBProgress (4): 336/780 kB | 335 kB | 196/359 kB | 169 kBProgress (4): 340/780 kB | 335 kB | 196/359 kB | 169 kBProgress (4): 344/780 kB | 335 kB | 196/359 kB | 169 kBProgress (4): 348/780 kB | 335 kB | 196/359 kB | 169 kBProgress (4): 352/780 kB | 335 kB | 196/359 kB | 169 kBProgress (4): 352/780 kB | 335 kB | 200/359 kB | 169 kB                                                       Downloaded from central: https://repo.maven.apache.org/maven2/org/codehaus/plexus/plexus-utils/1.1/plexus-utils-1.1.jar (169 kB at 255 kB/s)
Progress (3): 352/780 kB | 335 kB | 204/359 kBProgress (3): 352/780 kB | 335 kB | 208/359 kBProgress (3): 352/780 kB | 335 kB | 212/359 kBProgress (3): 356/780 kB | 335 kB | 212/359 kBProgress (3): 360/780 kB | 335 kB | 212/359 kBProgress (3): 365/780 kB | 335 kB | 212/359 kBProgress (3): 369/780 kB | 335 kB | 212/359 kBProgress (3): 373/780 kB | 335 kB | 212/359 kBProgress (3): 377/780 kB | 335 kB | 212/359 kBProgress (3): 381/780 kB | 335 kB | 212/359 kBProgress (3): 385/780 kB | 335 kB | 212/359 kBProgress (3): 389/780 kB | 335 kB | 212/359 kBProgress (3): 393/780 kB | 335 kB | 212/359 kBProgress (3): 397/780 kB | 335 kB | 212/359 kBProgress (3): 401/780 kB | 335 kB | 212/359 kBProgress (3): 406/780 kB | 335 kB | 212/359 kBProgress (3): 410/780 kB | 335 kB | 212/359 kBProgress (3): 414/780 kB | 335 kB | 212/359 kBProgress (3): 414/780 kB | 335 kB | 217/359 kBProgress (3): 414/780 kB | 335 kB | 221/359 kBProgress (3): 414/780 kB | 335 kB | 225/359 kBProgress (3): 418/780 kB | 335 kB | 225/359 kBProgress (3): 418/780 kB | 335 kB | 229/359 kBProgress (3): 422/780 kB | 335 kB | 229/359 kB                                              Downloaded from central: https://repo.maven.apache.org/maven2/commons-codec/commons-codec/1.11/commons-codec-1.11.jar (335 kB at 472 kB/s)
Progress (2): 422/780 kB | 233/359 kBProgress (2): 426/780 kB | 233/359 kBProgress (2): 426/780 kB | 237/359 kBProgress (2): 426/780 kB | 241/359 kBProgress (2): 426/780 kB | 245/359 kBProgress (2): 426/780 kB | 249/359 kBProgress (2): 426/780 kB | 253/359 kBProgress (2): 426/780 kB | 258/359 kBProgress (2): 426/780 kB | 262/359 kBProgress (2): 426/780 kB | 266/359 kBProgress (2): 426/780 kB | 270/359 kBProgress (2): 426/780 kB | 274/359 kBProgress (2): 426/780 kB | 278/359 kBProgress (2): 426/780 kB | 282/359 kBProgress (2): 426/780 kB | 286/359 kBProgress (2): 426/780 kB | 290/359 kBProgress (2): 426/780 kB | 294/359 kBProgress (2): 426/780 kB | 298/359 kBProgress (2): 426/780 kB | 303/359 kBProgress (2): 426/780 kB | 307/359 kBProgress (2): 426/780 kB | 311/359 kBProgress (2): 426/780 kB | 315/359 kBProgress (2): 426/780 kB | 319/359 kBProgress (2): 426/780 kB | 323/359 kBProgress (2): 426/780 kB | 327/359 kBProgress (2): 426/780 kB | 331/359 kBProgress (2): 426/780 kB | 335/359 kBProgress (2): 426/780 kB | 339/359 kBProgress (2): 426/780 kB | 344/359 kBProgress (2): 426/780 kB | 348/359 kBProgress (2): 426/780 kB | 352/359 kBProgress (2): 426/780 kB | 356/359 kBProgress (2): 426/780 kB | 359 kB    Progress (2): 430/780 kB | 359 kBProgress (2): 434/780 kB | 359 kBProgress (2): 438/780 kB | 359 kBProgress (2): 442/780 kB | 359 kBProgress (2): 446/780 kB | 359 kBProgress (2): 451/780 kB | 359 kBProgress (2): 455/780 kB | 359 kBProgress (2): 459/780 kB | 359 kBProgress (2): 463/780 kB | 359 kBProgress (2): 467/780 kB | 359 kBProgress (2): 471/780 kB | 359 kBProgress (2): 475/780 kB | 359 kBProgress (2): 479/780 kB | 359 kBProgress (2): 483/780 kB | 359 kBProgress (2): 487/780 kB | 359 kBProgress (2): 492/780 kB | 359 kBProgress (2): 496/780 kB | 359 kBProgress (2): 500/780 kB | 359 kBProgress (2): 504/780 kB | 359 kBProgress (2): 508/780 kB | 359 kBProgress (2): 512/780 kB | 359 kBProgress (2): 516/780 kB | 359 kBProgress (2): 520/780 kB | 359 kBProgress (2): 524/780 kB | 359 kBProgress (2): 528/780 kB | 359 kBProgress (2): 532/780 kB | 359 kBProgress (2): 537/780 kB | 359 kBProgress (2): 541/780 kB | 359 kBProgress (2): 545/780 kB | 359 kBProgress (2): 549/780 kB | 359 kBProgress (2): 553/780 kB | 359 kBProgress (2): 557/780 kB | 359 kBProgress (2): 561/780 kB | 359 kBProgress (2): 565/780 kB | 359 kBProgress (2): 569/780 kB | 359 kBProgress (2): 573/780 kB | 359 kBProgress (2): 578/780 kB | 359 kBProgress (2): 582/780 kB | 359 kBProgress (2): 586/780 kB | 359 kBProgress (2): 590/780 kB | 359 kBProgress (2): 594/780 kB | 359 kBProgress (2): 598/780 kB | 359 kBProgress (2): 602/780 kB | 359 kBProgress (2): 606/780 kB | 359 kBProgress (2): 610/780 kB | 359 kBProgress (2): 614/780 kB | 359 kBProgress (2): 618/780 kB | 359 kBProgress (2): 623/780 kB | 359 kBProgress (2): 627/780 kB | 359 kBProgress (2): 631/780 kB | 359 kBProgress (2): 635/780 kB | 359 kBProgress (2): 639/780 kB | 359 kBProgress (2): 643/780 kB | 359 kBProgress (2): 647/780 kB | 359 kBProgress (2): 651/780 kB | 359 kBProgress (2): 655/780 kB | 359 kBProgress (2): 659/780 kB | 359 kBProgress (2): 664/780 kB | 359 kBProgress (2): 668/780 kB | 359 kBProgress (2): 672/780 kB | 359 kBProgress (2): 676/780 kB | 359 kBProgress (2): 680/780 kB | 359 kBProgress (2): 684/780 kB | 359 kBProgress (2): 688/780 kB | 359 kBProgress (2): 692/780 kB | 359 kBProgress (2): 696/780 kB | 359 kBProgress (2): 700/780 kB | 359 kBProgress (2): 705/780 kB | 359 kBProgress (2): 709/780 kB | 359 kBProgress (2): 713/780 kB | 359 kBProgress (2): 717/780 kB | 359 kBProgress (2): 721/780 kB | 359 kBProgress (2): 725/780 kB | 359 kBProgress (2): 729/780 kB | 359 kBProgress (2): 733/780 kB | 359 kBProgress (2): 737/780 kB | 359 kBProgress (2): 741/780 kB | 359 kBProgress (2): 745/780 kB | 359 kBProgress (2): 750/780 kB | 359 kBProgress (2): 754/780 kB | 359 kBProgress (2): 758/780 kB | 359 kBProgress (2): 762/780 kB | 359 kBProgress (2): 766/780 kB | 359 kBProgress (2): 770/780 kB | 359 kBProgress (2): 774/780 kB | 359 kBProgress (2): 778/780 kB | 359 kBProgress (2): 780 kB | 359 kB                                 Downloaded from central: https://repo.maven.apache.org/maven2/de/scravy/bedrock/2020.09.25/bedrock-2020.09.25.jar (359 kB at 408 kB/s)
Downloaded from central: https://repo.maven.apache.org/maven2/org/apache/httpcomponents/httpclient/4.5.13/httpclient-4.5.13.jar (780 kB at 823 kB/s)
[[1;34mINFO[m] https://localhost:9200/ returned successfully (401)
[[1;34mINFO[m] http://localhost:3002/ returned successfully (302)
[[1;34mINFO[m] All checks returned successfully.
[[1;34mINFO[m] 
[[1;34mINFO[m] [1m--- [0;32mjunit4-maven-plugin:2.8.1:junit4[m [1m(integration-tests)[m @ [36mfscrawler-it[0;1m ---[m
[[1;34mINFO[m] <JUnit4> says ·êä·êÉ! Main seed: BB20867B2B555493
Executing 33 suites with 4 JVMs.

Started J1 PID(1382423@scs-dev-server).
Started J3 PID(1382437@scs-dev-server).
Started J2 PID(1382430@scs-dev-server).
Started J0 PID(1382422@scs-dev-server).
  1> 09:10:31,288 [32mINFO [m [f.p.e.c.f.t.f.AbstractFSCrawlerTestCase] Starting a client against [https://127.0.0.1:9200]
  1> 09:10:31,672 [33mWARN [m [f.p.e.c.f.c.ElasticsearchClient] We are not doing SSL verification. It's not recommended for production.
  1> 09:10:31,774 [36mDEBUG[m [f.p.e.c.f.c.ElasticsearchClient] get version
  1> 09:10:31,774 [30mTRACE[m [f.p.e.c.f.c.ElasticsearchClient] Calling GET https://127.0.0.1:9200/ with params []
  1> 09:10:33,649 [30mTRACE[m [f.p.e.c.f.c.ElasticsearchClient] GET https://127.0.0.1:9200/ gives {
  1>   "name" : "elasticsearch",
  1>   "cluster_name" : "docker-cluster",
  1>   "cluster_uuid" : "-foCiFtoQca4WkTeefnWVw",
  1>   "version" : {
  1>     "number" : "8.8.1",
  1>     "build_flavor" : "default",
  1>     "build_type" : "docker",
  1>     "build_hash" : "f8edfccba429b6477927a7c1ce1bc6729521305e",
  1>     "build_date" : "2023-06-05T21:32:25.188464208Z",
  1>     "build_snapshot" : false,
  1>     "lucene_version" : "9.6.0",
  1>     "minimum_wire_compatibility_version" : "7.17.0",
  1>     "minimum_index_compatibility_version" : "7.0.0"
  1>   },
  1>   "tagline" : "You Know, for Search"
  1> }
  1> 
  1> 09:10:33,886 [36mDEBUG[m [f.p.e.c.f.c.ElasticsearchClient] get version returns 8.8.1 and 8 as the major version number
  1> 09:10:33,886 [32mINFO [m [f.p.e.c.f.c.ElasticsearchClient] Elasticsearch Client connected to a node running version 8.8.1
  1> 09:10:33,904 [33mWARN [m [f.p.e.c.f.c.ElasticsearchClient] We are not doing SSL verification. It's not recommended for production.
  1> 09:10:33,910 [36mDEBUG[m [f.p.e.c.f.c.ElasticsearchClient] get version
  1> 09:10:33,910 [30mTRACE[m [f.p.e.c.f.c.ElasticsearchClient] Calling GET https://127.0.0.1:9200/ with params []
  1> 09:10:34,154 [30mTRACE[m [f.p.e.c.f.c.ElasticsearchClient] GET https://127.0.0.1:9200/ gives {
  1>   "name" : "elasticsearch",
  1>   "cluster_name" : "docker-cluster",
  1>   "cluster_uuid" : "-foCiFtoQca4WkTeefnWVw",
  1>   "version" : {
  1>     "number" : "8.8.1",
  1>     "build_flavor" : "default",
  1>     "build_type" : "docker",
  1>     "build_hash" : "f8edfccba429b6477927a7c1ce1bc6729521305e",
  1>     "build_date" : "2023-06-05T21:32:25.188464208Z",
  1>     "build_snapshot" : false,
  1>     "lucene_version" : "9.6.0",
  1>     "minimum_wire_compatibility_version" : "7.17.0",
  1>     "minimum_index_compatibility_version" : "7.0.0"
  1>   },
  1>   "tagline" : "You Know, for Search"
  1> }
  1> 
  1> 09:10:34,155 [36mDEBUG[m [f.p.e.c.f.c.ElasticsearchClient] get version returns 8.8.1 and 8 as the major version number
  1> 09:10:34,155 [32mINFO [m [f.p.e.c.f.c.ElasticsearchClient] Elasticsearch Client connected to a node running version 8.8.1
  1> 09:10:34,167 [32mINFO [m [f.p.e.c.f.t.f.AbstractFSCrawlerTestCase] Starting integration tests against an external cluster running elasticsearch [8.8.1]
  1> 09:10:34,224 [32mINFO [m [f.p.e.c.f.t.f.AbstractFSCrawlerTestCase] -> Unzipping test documents from [file:/usr/local/programming/fscrawler/test-documents/target/fscrawler-test-documents-2.10-SNAPSHOT.jar] to [/tmp/junit5385279577503956228/resources]
  1> 09:10:34,481 [32mINFO [m [f.p.e.c.f.t.f.AbstractFSCrawlerTestCase]   --> creating the workplace search custom source client
  1> 09:10:34,768 [32mINFO [m [f.p.e.c.f.t.w.WPSearchClient] Wokplace Search Client connected to a service running version 8.8.1
  2> SLF4J: No SLF4J providers were found.
  2> SLF4J: Defaulting to no-operation (NOP) logger implementation
  2> SLF4J: See https://www.slf4j.org/codes.html#noProviders for further details.
  2> SLF4J: Class path contains SLF4J bindings targeting slf4j-api versions 1.7.x or earlier.
  2> SLF4J: Ignoring binding found at [jar:file:/home/chris/.m2/repository/org/apache/logging/log4j/log4j-slf4j-impl/2.20.0/log4j-slf4j-impl-2.20.0.jar!/org/slf4j/impl/StaticLoggerBinder.class]
  2> SLF4J: See https://www.slf4j.org/codes.html#ignoredBindings for an explanation.
  1> 09:10:34,882 [32mINFO [m [f.p.e.c.f.t.f.AbstractFSCrawlerTestCase]   --> Launching test [test_all_documents]
  1> 09:10:34,890 [32mINFO [m [f.p.e.c.f.t.i.w.WPSearchAllDocumentsIT]  -> Removing existing index [fscrawler_w_p_search_all_documents_i_t_test_all_documents*]
  1> 09:10:34,891 [36mDEBUG[m [f.p.e.c.f.c.ElasticsearchClient] delete index [fscrawler_w_p_search_all_documents_i_t_test_all_documents]
  1> 09:10:34,891 [30mTRACE[m [f.p.e.c.f.c.ElasticsearchClient] Calling DELETE https://127.0.0.1:9200/fscrawler_w_p_search_all_documents_i_t_test_all_documents with params []
  1> 09:10:34,920 [36mDEBUG[m [f.p.e.c.f.c.ElasticsearchClient] Error while running DELETE https://127.0.0.1:9200/fscrawler_w_p_search_all_documents_i_t_test_all_documents: {"error":{"root_cause":[{"type":"index_not_found_exception","reason":"no such index [fscrawler_w_p_search_all_documents_i_t_test_all_documents]","resource.type":"index_or_alias","resource.id":"fscrawler_w_p_search_all_documents_i_t_test_all_documents","index_uuid":"_na_","index":"fscrawler_w_p_search_all_documents_i_t_test_all_documents"}],"type":"index_not_found_exception","reason":"no such index [fscrawler_w_p_search_all_documents_i_t_test_all_documents]","resource.type":"index_or_alias","resource.id":"fscrawler_w_p_search_all_documents_i_t_test_all_documents","index_uuid":"_na_","index":"fscrawler_w_p_search_all_documents_i_t_test_all_documents"},"status":404}
  1> 09:10:34,920 [36mDEBUG[m [f.p.e.c.f.c.ElasticsearchClient] Index [fscrawler_w_p_search_all_documents_i_t_test_all_documents] was not found
  1> 09:10:34,920 [36mDEBUG[m [f.p.e.c.f.c.ElasticsearchClient] delete index [fscrawler_w_p_search_all_documents_i_t_test_all_documents_folder]
  1> 09:10:34,921 [30mTRACE[m [f.p.e.c.f.c.ElasticsearchClient] Calling DELETE https://127.0.0.1:9200/fscrawler_w_p_search_all_documents_i_t_test_all_documents_folder with params []
  1> 09:10:34,927 [36mDEBUG[m [f.p.e.c.f.c.ElasticsearchClient] Error while running DELETE https://127.0.0.1:9200/fscrawler_w_p_search_all_documents_i_t_test_all_documents_folder: {"error":{"root_cause":[{"type":"index_not_found_exception","reason":"no such index [fscrawler_w_p_search_all_documents_i_t_test_all_documents_folder]","resource.type":"index_or_alias","resource.id":"fscrawler_w_p_search_all_documents_i_t_test_all_documents_folder","index_uuid":"_na_","index":"fscrawler_w_p_search_all_documents_i_t_test_all_documents_folder"}],"type":"index_not_found_exception","reason":"no such index [fscrawler_w_p_search_all_documents_i_t_test_all_documents_folder]","resource.type":"index_or_alias","resource.id":"fscrawler_w_p_search_all_documents_i_t_test_all_documents_folder","index_uuid":"_na_","index":"fscrawler_w_p_search_all_documents_i_t_test_all_documents_folder"},"status":404}
  1> 09:10:34,927 [36mDEBUG[m [f.p.e.c.f.c.ElasticsearchClient] Index [fscrawler_w_p_search_all_documents_i_t_test_all_documents_folder] was not found
  1> 09:10:34,934 [32mINFO [m [f.p.e.c.f.t.f.AbstractFSCrawlerTestCase]   --> creating the workplace search custom source client
  1> 09:10:35,049 [32mINFO [m [f.p.e.c.f.t.w.WPSearchClient] Wokplace Search Client connected to a service running version 8.8.1
  1> 09:10:35,226 [32mINFO [m [f.p.e.c.f.t.f.AbstractFSCrawlerTestCase]   --> creating the workplace search custom source client
  1> 09:10:36,451 [32mINFO [m [f.p.e.c.f.t.w.WPSearchClient] Wokplace Search Client connected to a service running version 8.8.1
  2> REPRODUCE WITH:
  2> mvn integration-test -Dtests.seed=BB20867B2B555493 -Dtests.class=fr.pilato.elasticsearch.crawler.fs.test.integration.workplacesearch.WPSearchAllDocumentsIT -Dtests.method="testAllDocuments" -Dtests.locale=et -Dtests.timezone=Africa/Algiers
ERROR   1.88s J2 | WPSearchAllDocumentsIT.testAllDocuments <<<
   > Throwable #1: com.jayway.jsonpath.PathNotFoundException: Missing property in path $['meta']
   > 	at __randomizedtesting.SeedInfo.seed([BB20867B2B555493:47484FA7A30E8949]:0)
  1> 09:10:36,736 [32mINFO [m [f.p.e.c.f.t.f.AbstractFSCrawlerTestCase] Stopping integration tests against an external cluster
  1> 09:10:36,737 [36mDEBUG[m [f.p.e.c.f.c.ElasticsearchClient] Closing Elasticsearch client manager
  1> 09:10:36,747 [32mINFO [m [f.p.e.c.f.t.f.AbstractFSCrawlerTestCase] Document service stopped
  1> 09:10:36,747 [36mDEBUG[m [f.p.e.c.f.c.ElasticsearchClient] Closing Elasticsearch client manager
  1> 09:10:36,749 [32mINFO [m [f.p.e.c.f.t.f.AbstractFSCrawlerTestCase] Management service stopped
HEARTBEAT J3 PID(1382437@scs-dev-server): 2023-07-21T11:10:46, stalled for 11.5s at: WPSearchClientIT.testWithSomeFakeDocuments
HEARTBEAT J2 PID(1382430@scs-dev-server): 2023-07-21T11:10:48, stalled for 11.5s at: FsCrawlerTestDatesIT.test_check_dates
HEARTBEAT J3 PID(1382437@scs-dev-server): 2023-07-21T11:11:06, stalled for 11.5s at: WPSearchClientIT.testSearch
HEARTBEAT J3 PID(1382437@scs-dev-server): 2023-07-21T11:11:16, stalled for 21.5s at: WPSearchClientIT.testSearch
HEARTBEAT J1 PID(1382423@scs-dev-server): 2023-07-21T11:11:20, stalled for 11.1s at: FsCrawlerTestRemoveDeletedIT.test_add_new_file
HEARTBEAT J2 PID(1382430@scs-dev-server): 2023-07-21T11:11:20, stalled for 11.7s at: FsCrawlerRestFilenameAsIdIT.testUploadAllDocuments
HEARTBEAT J0 PID(1382422@scs-dev-server): 2023-07-21T11:11:24, stalled for 10.6s at: WPSearchIT.testCrud
IGNOR/A 0.01s J2 | FsCrawlerTestTikaConfigPathIT.test_tika_config_path
   > Assumption #1: We are skipping this test. See discussion at https://github.com/dadoonet/fscrawler/pull/1403#issuecomment-1077912549
HEARTBEAT J1 PID(1382423@scs-dev-server): 2023-07-21T11:11:32, stalled for 11.1s at: FsCrawlerTestRemoveDeletedIT.test_move_file
  1> 09:10:31,536 [32mINFO [m [f.p.e.c.f.t.f.AbstractFSCrawlerTestCase] Starting a client against [https://127.0.0.1:9200]
  1> 09:10:32,048 [33mWARN [m [f.p.e.c.f.c.ElasticsearchClient] We are not doing SSL verification. It's not recommended for production.
  1> 09:10:32,138 [36mDEBUG[m [f.p.e.c.f.c.ElasticsearchClient] get version
  1> 09:10:32,139 [30mTRACE[m [f.p.e.c.f.c.ElasticsearchClient] Calling GET https://127.0.0.1:9200/ with params []
  1> 09:10:33,807 [30mTRACE[m [f.p.e.c.f.c.ElasticsearchClient] GET https://127.0.0.1:9200/ gives {
  1>   "name" : "elasticsearch",
  1>   "cluster_name" : "docker-cluster",
  1>   "cluster_uuid" : "-foCiFtoQca4WkTeefnWVw",
  1>   "version" : {
  1>     "number" : "8.8.1",
  1>     "build_flavor" : "default",
  1>     "build_type" : "docker",
  1>     "build_hash" : "f8edfccba429b6477927a7c1ce1bc6729521305e",
  1>     "build_date" : "2023-06-05T21:32:25.188464208Z",
  1>     "build_snapshot" : false,
  1>     "lucene_version" : "9.6.0",
  1>     "minimum_wire_compatibility_version" : "7.17.0",
  1>     "minimum_index_compatibility_version" : "7.0.0"
  1>   },
  1>   "tagline" : "You Know, for Search"
  1> }
  1> 
  1> 09:10:33,935 [36mDEBUG[m [f.p.e.c.f.c.ElasticsearchClient] get version returns 8.8.1 and 8 as the major version number
  1> 09:10:33,935 [32mINFO [m [f.p.e.c.f.c.ElasticsearchClient] Elasticsearch Client connected to a node running version 8.8.1
  1> 09:10:33,948 [33mWARN [m [f.p.e.c.f.c.ElasticsearchClient] We are not doing SSL verification. It's not recommended for production.
  1> 09:10:33,950 [36mDEBUG[m [f.p.e.c.f.c.ElasticsearchClient] get version
  1> 09:10:33,952 [30mTRACE[m [f.p.e.c.f.c.ElasticsearchClient] Calling GET https://127.0.0.1:9200/ with params []
  1> 09:10:34,113 [30mTRACE[m [f.p.e.c.f.c.ElasticsearchClient] GET https://127.0.0.1:9200/ gives {
  1>   "name" : "elasticsearch",
  1>   "cluster_name" : "docker-cluster",
  1>   "cluster_uuid" : "-foCiFtoQca4WkTeefnWVw",
  1>   "version" : {
  1>     "number" : "8.8.1",
  1>     "build_flavor" : "default",
  1>     "build_type" : "docker",
  1>     "build_hash" : "f8edfccba429b6477927a7c1ce1bc6729521305e",
  1>     "build_date" : "2023-06-05T21:32:25.188464208Z",
  1>     "build_snapshot" : false,
  1>     "lucene_version" : "9.6.0",
  1>     "minimum_wire_compatibility_version" : "7.17.0",
  1>     "minimum_index_compatibility_version" : "7.0.0"
  1>   },
  1>   "tagline" : "You Know, for Search"
  1> }
  1> 
  1> 09:10:34,113 [36mDEBUG[m [f.p.e.c.f.c.ElasticsearchClient] get version returns 8.8.1 and 8 as the major version number
  1> 09:10:34,113 [32mINFO [m [f.p.e.c.f.c.ElasticsearchClient] Elasticsearch Client connected to a node running version 8.8.1
  1> 09:10:34,124 [32mINFO [m [f.p.e.c.f.t.f.AbstractFSCrawlerTestCase] Starting integration tests against an external cluster running elasticsearch [8.8.1]
  1> 09:10:34,170 [32mINFO [m [f.p.e.c.f.t.f.AbstractFSCrawlerTestCase] -> Unzipping test documents from [file:/usr/local/programming/fscrawler/test-documents/target/fscrawler-test-documents-2.10-SNAPSHOT.jar] to [/tmp/junit90424252114840764/resources]
  1> 09:10:34,363 [32mINFO [m [f.p.e.c.f.t.f.AbstractFSCrawlerTestCase]   --> creating the workplace search custom source client
  1> 09:10:34,746 [32mINFO [m [f.p.e.c.f.t.w.WPSearchClient] Wokplace Search Client connected to a service running version 8.8.1
  2> SLF4J: No SLF4J providers were found.
  2> SLF4J: Defaulting to no-operation (NOP) logger implementation
  2> SLF4J: See https://www.slf4j.org/codes.html#noProviders for further details.
  2> SLF4J: Class path contains SLF4J bindings targeting slf4j-api versions 1.7.x or earlier.
  2> SLF4J: Ignoring binding found at [jar:file:/home/chris/.m2/repository/org/apache/logging/log4j/log4j-slf4j-impl/2.20.0/log4j-slf4j-impl-2.20.0.jar!/org/slf4j/impl/StaticLoggerBinder.class]
  2> SLF4J: See https://www.slf4j.org/codes.html#ignoredBindings for an explanation.
  1> 09:10:34,839 [32mINFO [m [f.p.e.c.f.t.f.AbstractFSCrawlerTestCase]   --> Launching test [test_with_some_fake_documents]
  1> 09:10:34,843 [32mINFO [m [f.p.e.c.f.t.i.w.WPSearchClientIT]  -> Removing existing index [fscrawler_w_p_search_client_i_t_test_with_some_fake_documents*]
  1> 09:10:34,844 [36mDEBUG[m [f.p.e.c.f.c.ElasticsearchClient] delete index [fscrawler_w_p_search_client_i_t_test_with_some_fake_documents]
  1> 09:10:34,844 [30mTRACE[m [f.p.e.c.f.c.ElasticsearchClient] Calling DELETE https://127.0.0.1:9200/fscrawler_w_p_search_client_i_t_test_with_some_fake_documents with params []
  1> 09:10:34,873 [36mDEBUG[m [f.p.e.c.f.c.ElasticsearchClient] Error while running DELETE https://127.0.0.1:9200/fscrawler_w_p_search_client_i_t_test_with_some_fake_documents: {"error":{"root_cause":[{"type":"index_not_found_exception","reason":"no such index [fscrawler_w_p_search_client_i_t_test_with_some_fake_documents]","resource.type":"index_or_alias","resource.id":"fscrawler_w_p_search_client_i_t_test_with_some_fake_documents","index_uuid":"_na_","index":"fscrawler_w_p_search_client_i_t_test_with_some_fake_documents"}],"type":"index_not_found_exception","reason":"no such index [fscrawler_w_p_search_client_i_t_test_with_some_fake_documents]","resource.type":"index_or_alias","resource.id":"fscrawler_w_p_search_client_i_t_test_with_some_fake_documents","index_uuid":"_na_","index":"fscrawler_w_p_search_client_i_t_test_with_some_fake_documents"},"status":404}
  1> 09:10:34,873 [36mDEBUG[m [f.p.e.c.f.c.ElasticsearchClient] Index [fscrawler_w_p_search_client_i_t_test_with_some_fake_documents] was not found
  1> 09:10:34,874 [36mDEBUG[m [f.p.e.c.f.c.ElasticsearchClient] delete index [fscrawler_w_p_search_client_i_t_test_with_some_fake_documents_folder]
  1> 09:10:34,875 [30mTRACE[m [f.p.e.c.f.c.ElasticsearchClient] Calling DELETE https://127.0.0.1:9200/fscrawler_w_p_search_client_i_t_test_with_some_fake_documents_folder with params []
  1> 09:10:34,879 [36mDEBUG[m [f.p.e.c.f.c.ElasticsearchClient] Error while running DELETE https://127.0.0.1:9200/fscrawler_w_p_search_client_i_t_test_with_some_fake_documents_folder: {"error":{"root_cause":[{"type":"index_not_found_exception","reason":"no such index [fscrawler_w_p_search_client_i_t_test_with_some_fake_documents_folder]","resource.type":"index_or_alias","resource.id":"fscrawler_w_p_search_client_i_t_test_with_some_fake_documents_folder","index_uuid":"_na_","index":"fscrawler_w_p_search_client_i_t_test_with_some_fake_documents_folder"}],"type":"index_not_found_exception","reason":"no such index [fscrawler_w_p_search_client_i_t_test_with_some_fake_documents_folder]","resource.type":"index_or_alias","resource.id":"fscrawler_w_p_search_client_i_t_test_with_some_fake_documents_folder","index_uuid":"_na_","index":"fscrawler_w_p_search_client_i_t_test_with_some_fake_documents_folder"},"status":404}
  1> 09:10:34,880 [36mDEBUG[m [f.p.e.c.f.c.ElasticsearchClient] Index [fscrawler_w_p_search_client_i_t_test_with_some_fake_documents_folder] was not found
  1> 09:10:34,884 [32mINFO [m [f.p.e.c.f.t.f.AbstractFSCrawlerTestCase]   --> creating the workplace search custom source client
  1> 09:10:34,998 [32mINFO [m [f.p.e.c.f.t.w.WPSearchClient] Wokplace Search Client connected to a service running version 8.8.1
  1> 09:10:36,664 [32mINFO [m [f.p.e.c.f.t.f.AbstractFSCrawlerTestCase]   --> creating the workplace search custom source client
  1> 09:10:36,776 [32mINFO [m [f.p.e.c.f.t.w.WPSearchClient] Wokplace Search Client connected to a service running version 8.8.1
  1> 09:10:39,785 [36mDEBUG[m [f.p.e.c.f.c.WorkplaceSearchClientUtil] Transforming date to RFC_3339 [2023-07-21T09:10:39.778+0100] -> [2023-07-21T09:10:39+0100] -> [2023-07-21T09:10:39+01:00]
  1> 09:10:39,785 [36mDEBUG[m [f.p.e.c.f.c.WorkplaceSearchClientUtil] Transforming date to RFC_3339 [2023-07-21T09:10:39.778+0100] -> [2023-07-21T09:10:39+0100] -> [2023-07-21T09:10:39+01:00]
  1> 09:10:40,306 [36mDEBUG[m [f.p.e.c.f.c.WorkplaceSearchClientUtil] Transforming date to RFC_3339 [2023-07-21T09:10:40.305+0100] -> [2023-07-21T09:10:40+0100] -> [2023-07-21T09:10:40+01:00]
  1> 09:10:40,306 [36mDEBUG[m [f.p.e.c.f.c.WorkplaceSearchClientUtil] Transforming date to RFC_3339 [2023-07-21T09:10:40.305+0100] -> [2023-07-21T09:10:40+0100] -> [2023-07-21T09:10:40+01:00]
  1> 09:10:40,598 [36mDEBUG[m [f.p.e.c.f.c.WorkplaceSearchClientUtil] Transforming date to RFC_3339 [2023-07-21T09:10:40.597+0100] -> [2023-07-21T09:10:40+0100] -> [2023-07-21T09:10:40+01:00]
  1> 09:10:40,598 [36mDEBUG[m [f.p.e.c.f.c.WorkplaceSearchClientUtil] Transforming date to RFC_3339 [2023-07-21T09:10:40.597+0100] -> [2023-07-21T09:10:40+0100] -> [2023-07-21T09:10:40+01:00]
  1> 09:10:40,870 [36mDEBUG[m [f.p.e.c.f.c.WorkplaceSearchClientUtil] Transforming date to RFC_3339 [2023-07-21T09:10:40.869+0100] -> [2023-07-21T09:10:40+0100] -> [2023-07-21T09:10:40+01:00]
  1> 09:10:40,870 [36mDEBUG[m [f.p.e.c.f.c.WorkplaceSearchClientUtil] Transforming date to RFC_3339 [2023-07-21T09:10:40.869+0100] -> [2023-07-21T09:10:40+0100] -> [2023-07-21T09:10:40+01:00]
  1> 09:10:41,134 [32mINFO [m [f.p.e.c.f.t.f.AbstractFSCrawlerTestCase]   ---> Waiting up to 5s for 4 documents in workplace search
  1> 09:10:41,134 [36mDEBUG[m [f.p.e.c.f.c.ElasticsearchClient] refresh index [null]
  1> 09:10:41,135 [30mTRACE[m [f.p.e.c.f.c.ElasticsearchClient] Calling POST https://127.0.0.1:9200/_refresh with params []
  1> 09:10:41,172 [30mTRACE[m [f.p.e.c.f.c.ElasticsearchClient] POST https://127.0.0.1:9200/_refresh gives {"_shards":{"total":37,"successful":25,"failed":0}}
  1> 09:10:43,371 [1;31mFATAL[m [f.p.e.c.f.t.f.AbstractFSCrawlerTestCase] {"meta":{"page":{"current":1,"total_pages":1,"total_results":2,"size":10},"warnings":[],"sources":{"64ba3d7d839aa3ffc1316ca9":{"name":"fscrawler_hnxu0es5xsgy4i","service_type":"custom"}},"request_id":"9b474c9f-991d-4800-963e-dc02e76f9473"},"results":[{"extension":{"raw":"txt"},"comments":{"raw":"Comments for Foo"},"created_at":{"raw":"2023-07-21T08:10:39+00:00"},"language":{"raw":"EN"},"body":{"raw":"Content for Foo"},"title":{"raw":"Title for Foo"},"type":{"raw":"file"},"created_by":{"raw":"Mister Foo"},"url":{"raw":"http://127.0.0.1/foo.txt"},"tags":{"raw":["Foo"]},"path":{"raw":"/tmp/es/foo.txt"},"size":{"raw":13.0},"text_size":{"raw":3.0},"mime_type":{"raw":"text/plain"},"name":{"raw":"foo.txt"},"last_modified":{"raw":"2023-07-21T08:10:39+00:00"},"source":{"raw":"custom"},"_meta":{"source":"custom","content_source_id":"64ba3d7d839aa3ffc1316ca9","last_updated":"2023-07-21T08:10:40+00:00","id":"WGXVnlSuAw","score":5.3945603},"content_source_id":{"raw":"64ba3d7d839aa3ffc1316ca9"},"updated_at":{"raw":"2023-07-21T08:10:40+00:00"},"last_updated":{"raw":"2023-07-21T08:10:40+00:00"},"id":{"raw":"WGXVnlSuAw"}},{"extension":{"raw":"txt"},"comments":{"raw":"Comments for Foo Bar Baz"},"created_at":{"raw":"2023-07-21T08:10:40+00:00"},"language":{"raw":"EN"},"body":{"raw":"Content for Foo Bar Baz"},"title":{"raw":"Title for Foo Bar Baz"},"type":{"raw":"file"},"created_by":{"raw":"Mister Foo Bar Baz"},"url":{"raw":"http://127.0.0.1/foobarbaz.txt"},"tags":{"raw":["Foo","Bar","Baz"]},"path":{"raw":"/tmp/es/foobarbaz.txt"},"size":{"raw":21.0},"text_size":{"raw":11.0},"mime_type":{"raw":"text/plain"},"name":{"raw":"foobarbaz.txt"},"last_modified":{"raw":"2023-07-21T08:10:40+00:00"},"source":{"raw":"custom"},"_meta":{"source":"custom","content_source_id":"64ba3d7d839aa3ffc1316ca9","last_updated":"2023-07-21T08:10:41+00:00","id":"VyRnQEEAra","score":1.5822513},"content_source_id":{"raw":"64ba3d7d839aa3ffc1316ca9"},"updated_at":{"raw":"2023-07-21T08:10:41+00:00"},"last_updated":{"raw":"2023-07-21T08:10:41+00:00"},"id":{"raw":"VyRnQEEAra"}}]}
  1> 09:10:43,737 [1;31mFATAL[m [f.p.e.c.f.t.f.AbstractFSCrawlerTestCase] {"meta":{"page":{"current":1,"total_pages":1,"total_results":3,"size":10},"warnings":[],"sources":{"64ba3d7d839aa3ffc1316ca9":{"name":"fscrawler_hnxu0es5xsgy4i","service_type":"custom"}},"request_id":"8b19f209-eedb-4e36-b3dc-3d630b1d8628"},"results":[{"extension":{"raw":"txt"},"comments":{"raw":"Comments for Bar"},"created_at":{"raw":"2023-07-21T08:10:40+00:00"},"language":{"raw":"FR"},"body":{"raw":"Content for Bar"},"title":{"raw":"Title for Bar"},"type":{"raw":"file"},"created_by":{"raw":"Mister Bar"},"url":{"raw":"http://127.0.0.1/bar.txt"},"tags":{"raw":["Bar"]},"path":{"raw":"/tmp/es/bar.txt"},"size":{"raw":13.0},"text_size":{"raw":3.0},"mime_type":{"raw":"text/plain"},"name":{"raw":"bar.txt"},"last_modified":{"raw":"2023-07-21T08:10:40+00:00"},"source":{"raw":"custom"},"_meta":{"source":"custom","content_source_id":"64ba3d7d839aa3ffc1316ca9","last_updated":"2023-07-21T08:10:40+00:00","id":"IZJCoemsSc","score":5.3945603},"content_source_id":{"raw":"64ba3d7d839aa3ffc1316ca9"},"updated_at":{"raw":"2023-07-21T08:10:40+00:00"},"last_updated":{"raw":"2023-07-21T08:10:40+00:00"},"id":{"raw":"IZJCoemsSc"}},{"extension":{"raw":"txt"},"comments":{"raw":"Comments for Foo Bar Baz"},"created_at":{"raw":"2023-07-21T08:10:40+00:00"},"language":{"raw":"EN"},"body":{"raw":"Content for Foo Bar Baz"},"title":{"raw":"Title for Foo Bar Baz"},"type":{"raw":"file"},"created_by":{"raw":"Mister Foo Bar Baz"},"url":{"raw":"http://127.0.0.1/foobarbaz.txt"},"tags":{"raw":["Foo","Bar","Baz"]},"path":{"raw":"/tmp/es/foobarbaz.txt"},"size":{"raw":21.0},"text_size":{"raw":11.0},"mime_type":{"raw":"text/plain"},"name":{"raw":"foobarbaz.txt"},"last_modified":{"raw":"2023-07-21T08:10:40+00:00"},"source":{"raw":"custom"},"_meta":{"source":"custom","content_source_id":"64ba3d7d839aa3ffc1316ca9","last_updated":"2023-07-21T08:10:41+00:00","id":"VyRnQEEAra","score":1.6781454},"content_source_id":{"raw":"64ba3d7d839aa3ffc1316ca9"},"updated_at":{"raw":"2023-07-21T08:10:41+00:00"},"last_updated":{"raw":"2023-07-21T08:10:41+00:00"},"id":{"raw":"VyRnQEEAra"}},{"extension":{"raw":"txt"},"comments":{"raw":"Comments for Baz"},"created_at":{"raw":"2023-07-21T08:10:40+00:00"},"language":{"raw":"DE"},"body":{"raw":"Content for Baz"},"title":{"raw":"Title for Baz"},"type":{"raw":"file"},"created_by":{"raw":"Mister Baz"},"url":{"raw":"http://127.0.0.1/baz.txt"},"tags":{"raw":["Baz"]},"path":{"raw":"/tmp/es/baz.txt"},"size":{"raw":13.0},"text_size":{"raw":3.0},"mime_type":{"raw":"text/plain"},"name":{"raw":"baz.txt"},"last_modified":{"raw":"2023-07-21T08:10:40+00:00"},"source":{"raw":"custom"},"_meta":{"source":"custom","content_source_id":"64ba3d7d839aa3ffc1316ca9","last_updated":"2023-07-21T08:10:40+00:00","id":"yHbVCGfVtE","score":0.32694307},"content_source_id":{"raw":"64ba3d7d839aa3ffc1316ca9"},"updated_at":{"raw":"2023-07-21T08:10:40+00:00"},"last_updated":{"raw":"2023-07-21T08:10:40+00:00"},"id":{"raw":"yHbVCGfVtE"}}]}
  1> 09:10:44,202 [1;31mFATAL[m [f.p.e.c.f.t.f.AbstractFSCrawlerTestCase] {"meta":{"page":{"current":1,"total_pages":1,"total_results":3,"size":10},"warnings":[],"sources":{"64ba3d7d839aa3ffc1316ca9":{"name":"fscrawler_hnxu0es5xsgy4i","service_type":"custom"}},"request_id":"82270f93-a139-4f1b-a6ab-d2e76e6088c3"},"results":[{"extension":{"raw":"txt"},"comments":{"raw":"Comments for Baz"},"created_at":{"raw":"2023-07-21T08:10:40+00:00"},"language":{"raw":"DE"},"body":{"raw":"Content for Baz"},"title":{"raw":"Title for Baz"},"type":{"raw":"file"},"created_by":{"raw":"Mister Baz"},"url":{"raw":"http://127.0.0.1/baz.txt"},"tags":{"raw":["Baz"]},"path":{"raw":"/tmp/es/baz.txt"},"size":{"raw":13.0},"text_size":{"raw":3.0},"mime_type":{"raw":"text/plain"},"name":{"raw":"baz.txt"},"last_modified":{"raw":"2023-07-21T08:10:40+00:00"},"source":{"raw":"custom"},"_meta":{"source":"custom","content_source_id":"64ba3d7d839aa3ffc1316ca9","last_updated":"2023-07-21T08:10:40+00:00","id":"yHbVCGfVtE","score":5.3945603},"content_source_id":{"raw":"64ba3d7d839aa3ffc1316ca9"},"updated_at":{"raw":"2023-07-21T08:10:40+00:00"},"last_updated":{"raw":"2023-07-21T08:10:40+00:00"},"id":{"raw":"yHbVCGfVtE"}},{"extension":{"raw":"txt"},"comments":{"raw":"Comments for Foo Bar Baz"},"created_at":{"raw":"2023-07-21T08:10:40+00:00"},"language":{"raw":"EN"},"body":{"raw":"Content for Foo Bar Baz"},"title":{"raw":"Title for Foo Bar Baz"},"type":{"raw":"file"},"created_by":{"raw":"Mister Foo Bar Baz"},"url":{"raw":"http://127.0.0.1/foobarbaz.txt"},"tags":{"raw":["Foo","Bar","Baz"]},"path":{"raw":"/tmp/es/foobarbaz.txt"},"size":{"raw":21.0},"text_size":{"raw":11.0},"mime_type":{"raw":"text/plain"},"name":{"raw":"foobarbaz.txt"},"last_modified":{"raw":"2023-07-21T08:10:40+00:00"},"source":{"raw":"custom"},"_meta":{"source":"custom","content_source_id":"64ba3d7d839aa3ffc1316ca9","last_updated":"2023-07-21T08:10:41+00:00","id":"VyRnQEEAra","score":1.6781454},"content_source_id":{"raw":"64ba3d7d839aa3ffc1316ca9"},"updated_at":{"raw":"2023-07-21T08:10:41+00:00"},"last_updated":{"raw":"2023-07-21T08:10:41+00:00"},"id":{"raw":"VyRnQEEAra"}},{"extension":{"raw":"txt"},"comments":{"raw":"Comments for Bar"},"created_at":{"raw":"2023-07-21T08:10:40+00:00"},"language":{"raw":"FR"},"body":{"raw":"Content for Bar"},"title":{"raw":"Title for Bar"},"type":{"raw":"file"},"created_by":{"raw":"Mister Bar"},"url":{"raw":"http://127.0.0.1/bar.txt"},"tags":{"raw":["Bar"]},"path":{"raw":"/tmp/es/bar.txt"},"size":{"raw":13.0},"text_size":{"raw":3.0},"mime_type":{"raw":"text/plain"},"name":{"raw":"bar.txt"},"last_modified":{"raw":"2023-07-21T08:10:40+00:00"},"source":{"raw":"custom"},"_meta":{"source":"custom","content_source_id":"64ba3d7d839aa3ffc1316ca9","last_updated":"2023-07-21T08:10:40+00:00","id":"IZJCoemsSc","score":0.32694307},"content_source_id":{"raw":"64ba3d7d839aa3ffc1316ca9"},"updated_at":{"raw":"2023-07-21T08:10:40+00:00"},"last_updated":{"raw":"2023-07-21T08:10:40+00:00"},"id":{"raw":"IZJCoemsSc"}}]}
  1> 09:10:44,788 [1;31mFATAL[m [f.p.e.c.f.t.f.AbstractFSCrawlerTestCase] {"meta":{"page":{"current":1,"total_pages":1,"total_results":3,"size":10},"warnings":[],"sources":{"64ba3d7d839aa3ffc1316ca9":{"name":"fscrawler_hnxu0es5xsgy4i","service_type":"custom"}},"request_id":"3b385291-2de4-493a-9a91-0a2bb67794bc"},"results":[{"extension":{"raw":"txt"},"comments":{"raw":"Comments for Foo Bar Baz"},"created_at":{"raw":"2023-07-21T08:10:40+00:00"},"language":{"raw":"EN"},"body":{"raw":"Content for Foo Bar Baz"},"title":{"raw":"Title for Foo Bar Baz"},"type":{"raw":"file"},"created_by":{"raw":"Mister Foo Bar Baz"},"url":{"raw":"http://127.0.0.1/foobarbaz.txt"},"tags":{"raw":["Foo","Bar","Baz"]},"path":{"raw":"/tmp/es/foobarbaz.txt"},"size":{"raw":21.0},"text_size":{"raw":11.0},"mime_type":{"raw":"text/plain"},"name":{"raw":"foobarbaz.txt"},"last_modified":{"raw":"2023-07-21T08:10:40+00:00"},"source":{"raw":"custom"},"_meta":{"source":"custom","content_source_id":"64ba3d7d839aa3ffc1316ca9","last_updated":"2023-07-21T08:10:41+00:00","id":"VyRnQEEAra","score":41.833767},"content_source_id":{"raw":"64ba3d7d839aa3ffc1316ca9"},"updated_at":{"raw":"2023-07-21T08:10:41+00:00"},"last_updated":{"raw":"2023-07-21T08:10:41+00:00"},"id":{"raw":"VyRnQEEAra"}},{"extension":{"raw":"txt"},"comments":{"raw":"Comments for Bar"},"created_at":{"raw":"2023-07-21T08:10:40+00:00"},"language":{"raw":"FR"},"body":{"raw":"Content for Bar"},"title":{"raw":"Title for Bar"},"type":{"raw":"file"},"created_by":{"raw":"Mister Bar"},"url":{"raw":"http://127.0.0.1/bar.txt"},"tags":{"raw":["Bar"]},"path":{"raw":"/tmp/es/bar.txt"},"size":{"raw":13.0},"text_size":{"raw":3.0},"mime_type":{"raw":"text/plain"},"name":{"raw":"bar.txt"},"last_modified":{"raw":"2023-07-21T08:10:40+00:00"},"source":{"raw":"custom"},"_meta":{"source":"custom","content_source_id":"64ba3d7d839aa3ffc1316ca9","last_updated":"2023-07-21T08:10:40+00:00","id":"IZJCoemsSc","score":0.81735766},"content_source_id":{"raw":"64ba3d7d839aa3ffc1316ca9"},"updated_at":{"raw":"2023-07-21T08:10:40+00:00"},"last_updated":{"raw":"2023-07-21T08:10:40+00:00"},"id":{"raw":"IZJCoemsSc"}},{"extension":{"raw":"txt"},"comments":{"raw":"Comments for Baz"},"created_at":{"raw":"2023-07-21T08:10:40+00:00"},"language":{"raw":"DE"},"body":{"raw":"Content for Baz"},"title":{"raw":"Title for Baz"},"type":{"raw":"file"},"created_by":{"raw":"Mister Baz"},"url":{"raw":"http://127.0.0.1/baz.txt"},"tags":{"raw":["Baz"]},"path":{"raw":"/tmp/es/baz.txt"},"size":{"raw":13.0},"text_size":{"raw":3.0},"mime_type":{"raw":"text/plain"},"name":{"raw":"baz.txt"},"last_modified":{"raw":"2023-07-21T08:10:40+00:00"},"source":{"raw":"custom"},"_meta":{"source":"custom","content_source_id":"64ba3d7d839aa3ffc1316ca9","last_updated":"2023-07-21T08:10:40+00:00","id":"yHbVCGfVtE","score":0.81735766},"content_source_id":{"raw":"64ba3d7d839aa3ffc1316ca9"},"updated_at":{"raw":"2023-07-21T08:10:40+00:00"},"last_updated":{"raw":"2023-07-21T08:10:40+00:00"},"id":{"raw":"yHbVCGfVtE"}}]}
  1> 09:10:44,791 [32mINFO [m [f.p.e.c.f.t.i.w.WPSearchClientIT]    --> removing one document
  1> 09:10:45,097 [32mINFO [m [f.p.e.c.f.t.f.AbstractFSCrawlerTestCase]   ---> Waiting up to 5s for 3 documents in workplace search
  1> 09:10:45,098 [36mDEBUG[m [f.p.e.c.f.c.ElasticsearchClient] refresh index [null]
  1> 09:10:45,098 [30mTRACE[m [f.p.e.c.f.c.ElasticsearchClient] Calling POST https://127.0.0.1:9200/_refresh with params []
  1> 09:10:45,291 [30mTRACE[m [f.p.e.c.f.c.ElasticsearchClient] POST https://127.0.0.1:9200/_refresh gives {"_shards":{"total":53,"successful":34,"failed":0}}
  1> 09:10:45,745 [32mINFO [m [f.p.e.c.f.t.i.w.WPSearchClientIT]    --> removing one document
  1> 09:10:46,002 [32mINFO [m [f.p.e.c.f.t.f.AbstractFSCrawlerTestCase]   ---> Waiting up to 5s for 2 documents in workplace search
  1> 09:10:46,002 [36mDEBUG[m [f.p.e.c.f.c.ElasticsearchClient] refresh index [null]
  1> 09:10:46,002 [30mTRACE[m [f.p.e.c.f.c.ElasticsearchClient] Calling POST https://127.0.0.1:9200/_refresh with params []
  1> 09:10:46,172 [30mTRACE[m [f.p.e.c.f.c.ElasticsearchClient] POST https://127.0.0.1:9200/_refresh gives {"_shards":{"total":61,"successful":38,"failed":0}}
  1> 09:10:46,596 [32mINFO [m [f.p.e.c.f.t.i.w.WPSearchClientIT]    --> removing one document
  1> 09:10:47,060 [32mINFO [m [f.p.e.c.f.t.f.AbstractFSCrawlerTestCase]   ---> Waiting up to 5s for 1 documents in workplace search
  1> 09:10:47,060 [36mDEBUG[m [f.p.e.c.f.c.ElasticsearchClient] refresh index [null]
  1> 09:10:47,060 [30mTRACE[m [f.p.e.c.f.c.ElasticsearchClient] Calling POST https://127.0.0.1:9200/_refresh with params []
  1> 09:10:47,095 [30mTRACE[m [f.p.e.c.f.c.ElasticsearchClient] POST https://127.0.0.1:9200/_refresh gives {"_shards":{"total":63,"successful":39,"failed":0}}
  1> 09:10:48,038 [32mINFO [m [f.p.e.c.f.t.i.w.WPSearchClientIT]    --> removing one document
  1> 09:10:48,468 [32mINFO [m [f.p.e.c.f.t.f.AbstractFSCrawlerTestCase]   ---> Waiting up to 5s for 0 documents in workplace search
  1> 09:10:48,468 [36mDEBUG[m [f.p.e.c.f.c.ElasticsearchClient] refresh index [null]
  1> 09:10:48,468 [30mTRACE[m [f.p.e.c.f.c.ElasticsearchClient] Calling POST https://127.0.0.1:9200/_refresh with params []
  1> 09:10:48,477 [30mTRACE[m [f.p.e.c.f.c.ElasticsearchClient] POST https://127.0.0.1:9200/_refresh gives {"_shards":{"total":71,"successful":43,"failed":0}}
  1> 09:10:49,335 [32mINFO [m [f.p.e.c.f.t.f.AbstractFSCrawlerTestCase]   --> creating the workplace search custom source client
  1> 09:10:49,540 [32mINFO [m [f.p.e.c.f.t.w.WPSearchClient] Wokplace Search Client connected to a service running version 8.8.1
  1> 09:10:51,052 [32mINFO [m [f.p.e.c.f.t.f.AbstractFSCrawlerTestCase]   --> Launching test [test_get_source_by_id]
  1> 09:10:51,053 [32mINFO [m [f.p.e.c.f.t.i.w.WPSearchClientIT]  -> Removing existing index [fscrawler_w_p_search_client_i_t_test_get_source_by_id*]
  1> 09:10:51,053 [36mDEBUG[m [f.p.e.c.f.c.ElasticsearchClient] delete index [fscrawler_w_p_search_client_i_t_test_get_source_by_id]
  1> 09:10:51,054 [30mTRACE[m [f.p.e.c.f.c.ElasticsearchClient] Calling DELETE https://127.0.0.1:9200/fscrawler_w_p_search_client_i_t_test_get_source_by_id with params []
  1> 09:10:51,058 [36mDEBUG[m [f.p.e.c.f.c.ElasticsearchClient] Error while running DELETE https://127.0.0.1:9200/fscrawler_w_p_search_client_i_t_test_get_source_by_id: {"error":{"root_cause":[{"type":"index_not_found_exception","reason":"no such index [fscrawler_w_p_search_client_i_t_test_get_source_by_id]","resource.type":"index_or_alias","resource.id":"fscrawler_w_p_search_client_i_t_test_get_source_by_id","index_uuid":"_na_","index":"fscrawler_w_p_search_client_i_t_test_get_source_by_id"}],"type":"index_not_found_exception","reason":"no such index [fscrawler_w_p_search_client_i_t_test_get_source_by_id]","resource.type":"index_or_alias","resource.id":"fscrawler_w_p_search_client_i_t_test_get_source_by_id","index_uuid":"_na_","index":"fscrawler_w_p_search_client_i_t_test_get_source_by_id"},"status":404}
  1> 09:10:51,058 [36mDEBUG[m [f.p.e.c.f.c.ElasticsearchClient] Index [fscrawler_w_p_search_client_i_t_test_get_source_by_id] was not found
  1> 09:10:51,058 [36mDEBUG[m [f.p.e.c.f.c.ElasticsearchClient] delete index [fscrawler_w_p_search_client_i_t_test_get_source_by_id_folder]
  1> 09:10:51,058 [30mTRACE[m [f.p.e.c.f.c.ElasticsearchClient] Calling DELETE https://127.0.0.1:9200/fscrawler_w_p_search_client_i_t_test_get_source_by_id_folder with params []
  1> 09:10:51,062 [36mDEBUG[m [f.p.e.c.f.c.ElasticsearchClient] Error while running DELETE https://127.0.0.1:9200/fscrawler_w_p_search_client_i_t_test_get_source_by_id_folder: {"error":{"root_cause":[{"type":"index_not_found_exception","reason":"no such index [fscrawler_w_p_search_client_i_t_test_get_source_by_id_folder]","resource.type":"index_or_alias","resource.id":"fscrawler_w_p_search_client_i_t_test_get_source_by_id_folder","index_uuid":"_na_","index":"fscrawler_w_p_search_client_i_t_test_get_source_by_id_folder"}],"type":"index_not_found_exception","reason":"no such index [fscrawler_w_p_search_client_i_t_test_get_source_by_id_folder]","resource.type":"index_or_alias","resource.id":"fscrawler_w_p_search_client_i_t_test_get_source_by_id_folder","index_uuid":"_na_","index":"fscrawler_w_p_search_client_i_t_test_get_source_by_id_folder"},"status":404}
  1> 09:10:51,063 [36mDEBUG[m [f.p.e.c.f.c.ElasticsearchClient] Index [fscrawler_w_p_search_client_i_t_test_get_source_by_id_folder] was not found
  1> 09:10:51,063 [32mINFO [m [f.p.e.c.f.t.f.AbstractFSCrawlerTestCase]   --> creating the workplace search custom source client
  1> 09:10:51,123 [32mINFO [m [f.p.e.c.f.t.w.WPSearchClient] Wokplace Search Client connected to a service running version 8.8.1
  1> 09:10:51,268 [32mINFO [m [f.p.e.c.f.t.f.AbstractFSCrawlerTestCase]   --> creating the workplace search custom source client
  1> 09:10:51,333 [32mINFO [m [f.p.e.c.f.t.w.WPSearchClient] Wokplace Search Client connected to a service running version 8.8.1
  1> 09:10:52,680 [32mINFO [m [f.p.e.c.f.t.f.AbstractFSCrawlerTestCase]   --> creating the workplace search custom source client
  1> 09:10:52,747 [32mINFO [m [f.p.e.c.f.t.w.WPSearchClient] Wokplace Search Client connected to a service running version 8.8.1
  1> 09:10:53,509 [32mINFO [m [f.p.e.c.f.t.f.AbstractFSCrawlerTestCase]   --> Launching test [test_non_running_service]
  1> 09:10:53,510 [32mINFO [m [f.p.e.c.f.t.i.w.WPSearchClientIT]  -> Removing existing index [fscrawler_w_p_search_client_i_t_test_non_running_service*]
  1> 09:10:53,510 [36mDEBUG[m [f.p.e.c.f.c.ElasticsearchClient] delete index [fscrawler_w_p_search_client_i_t_test_non_running_service]
  1> 09:10:53,510 [30mTRACE[m [f.p.e.c.f.c.ElasticsearchClient] Calling DELETE https://127.0.0.1:9200/fscrawler_w_p_search_client_i_t_test_non_running_service with params []
  1> 09:10:53,513 [36mDEBUG[m [f.p.e.c.f.c.ElasticsearchClient] Error while running DELETE https://127.0.0.1:9200/fscrawler_w_p_search_client_i_t_test_non_running_service: {"error":{"root_cause":[{"type":"index_not_found_exception","reason":"no such index [fscrawler_w_p_search_client_i_t_test_non_running_service]","resource.type":"index_or_alias","resource.id":"fscrawler_w_p_search_client_i_t_test_non_running_service","index_uuid":"_na_","index":"fscrawler_w_p_search_client_i_t_test_non_running_service"}],"type":"index_not_found_exception","reason":"no such index [fscrawler_w_p_search_client_i_t_test_non_running_service]","resource.type":"index_or_alias","resource.id":"fscrawler_w_p_search_client_i_t_test_non_running_service","index_uuid":"_na_","index":"fscrawler_w_p_search_client_i_t_test_non_running_service"},"status":404}
  1> 09:10:53,514 [36mDEBUG[m [f.p.e.c.f.c.ElasticsearchClient] Index [fscrawler_w_p_search_client_i_t_test_non_running_service] was not found
  1> 09:10:53,514 [36mDEBUG[m [f.p.e.c.f.c.ElasticsearchClient] delete index [fscrawler_w_p_search_client_i_t_test_non_running_service_folder]
  1> 09:10:53,514 [30mTRACE[m [f.p.e.c.f.c.ElasticsearchClient] Calling DELETE https://127.0.0.1:9200/fscrawler_w_p_search_client_i_t_test_non_running_service_folder with params []
  1> 09:10:53,517 [36mDEBUG[m [f.p.e.c.f.c.ElasticsearchClient] Error while running DELETE https://127.0.0.1:9200/fscrawler_w_p_search_client_i_t_test_non_running_service_folder: {"error":{"root_cause":[{"type":"index_not_found_exception","reason":"no such index [fscrawler_w_p_search_client_i_t_test_non_running_service_folder]","resource.type":"index_or_alias","resource.id":"fscrawler_w_p_search_client_i_t_test_non_running_service_folder","index_uuid":"_na_","index":"fscrawler_w_p_search_client_i_t_test_non_running_service_folder"}],"type":"index_not_found_exception","reason":"no such index [fscrawler_w_p_search_client_i_t_test_non_running_service_folder]","resource.type":"index_or_alias","resource.id":"fscrawler_w_p_search_client_i_t_test_non_running_service_folder","index_uuid":"_na_","index":"fscrawler_w_p_search_client_i_t_test_non_running_service_folder"},"status":404}
  1> 09:10:53,517 [36mDEBUG[m [f.p.e.c.f.c.ElasticsearchClient] Index [fscrawler_w_p_search_client_i_t_test_non_running_service_folder] was not found
  1> 09:10:53,517 [32mINFO [m [f.p.e.c.f.t.f.AbstractFSCrawlerTestCase]   --> creating the workplace search custom source client
  1> 09:10:53,559 [32mINFO [m [f.p.e.c.f.t.w.WPSearchClient] Wokplace Search Client connected to a service running version 8.8.1
  1> 09:10:54,536 [32mINFO [m [f.p.e.c.f.t.f.AbstractFSCrawlerTestCase]   --> creating the workplace search custom source client
  1> 09:10:54,562 [33mWARN [m [f.p.e.c.f.t.w.WPSearchClient] failed to create workplace search client on http://127.0.0.1:3012, disabling crawler...
  1> 09:10:54,563 [32mINFO [m [f.p.e.c.f.t.f.AbstractFSCrawlerTestCase]   --> creating the workplace search custom source client
  1> 09:10:54,644 [32mINFO [m [f.p.e.c.f.t.w.WPSearchClient] Wokplace Search Client connected to a service running version 8.8.1
  1> 09:10:54,790 [32mINFO [m [f.p.e.c.f.t.f.AbstractFSCrawlerTestCase]   --> Launching test [test_search]
  1> 09:10:54,790 [32mINFO [m [f.p.e.c.f.t.i.w.WPSearchClientIT]  -> Removing existing index [fscrawler_w_p_search_client_i_t_test_search*]
  1> 09:10:54,790 [36mDEBUG[m [f.p.e.c.f.c.ElasticsearchClient] delete index [fscrawler_w_p_search_client_i_t_test_search]
  1> 09:10:54,791 [30mTRACE[m [f.p.e.c.f.c.ElasticsearchClient] Calling DELETE https://127.0.0.1:9200/fscrawler_w_p_search_client_i_t_test_search with params []
  1> 09:10:54,794 [36mDEBUG[m [f.p.e.c.f.c.ElasticsearchClient] Error while running DELETE https://127.0.0.1:9200/fscrawler_w_p_search_client_i_t_test_search: {"error":{"root_cause":[{"type":"index_not_found_exception","reason":"no such index [fscrawler_w_p_search_client_i_t_test_search]","resource.type":"index_or_alias","resource.id":"fscrawler_w_p_search_client_i_t_test_search","index_uuid":"_na_","index":"fscrawler_w_p_search_client_i_t_test_search"}],"type":"index_not_found_exception","reason":"no such index [fscrawler_w_p_search_client_i_t_test_search]","resource.type":"index_or_alias","resource.id":"fscrawler_w_p_search_client_i_t_test_search","index_uuid":"_na_","index":"fscrawler_w_p_search_client_i_t_test_search"},"status":404}
  1> 09:10:54,794 [36mDEBUG[m [f.p.e.c.f.c.ElasticsearchClient] Index [fscrawler_w_p_search_client_i_t_test_search] was not found
  1> 09:10:54,794 [36mDEBUG[m [f.p.e.c.f.c.ElasticsearchClient] delete index [fscrawler_w_p_search_client_i_t_test_search_folder]
  1> 09:10:54,794 [30mTRACE[m [f.p.e.c.f.c.ElasticsearchClient] Calling DELETE https://127.0.0.1:9200/fscrawler_w_p_search_client_i_t_test_search_folder with params []
  1> 09:10:54,798 [36mDEBUG[m [f.p.e.c.f.c.ElasticsearchClient] Error while running DELETE https://127.0.0.1:9200/fscrawler_w_p_search_client_i_t_test_search_folder: {"error":{"root_cause":[{"type":"index_not_found_exception","reason":"no such index [fscrawler_w_p_search_client_i_t_test_search_folder]","resource.type":"index_or_alias","resource.id":"fscrawler_w_p_search_client_i_t_test_search_folder","index_uuid":"_na_","index":"fscrawler_w_p_search_client_i_t_test_search_folder"}],"type":"index_not_found_exception","reason":"no such index [fscrawler_w_p_search_client_i_t_test_search_folder]","resource.type":"index_or_alias","resource.id":"fscrawler_w_p_search_client_i_t_test_search_folder","index_uuid":"_na_","index":"fscrawler_w_p_search_client_i_t_test_search_folder"},"status":404}
  1> 09:10:54,798 [36mDEBUG[m [f.p.e.c.f.c.ElasticsearchClient] Index [fscrawler_w_p_search_client_i_t_test_search_folder] was not found
  1> 09:10:54,798 [32mINFO [m [f.p.e.c.f.t.f.AbstractFSCrawlerTestCase]   --> creating the workplace search custom source client
  1> 09:10:54,875 [32mINFO [m [f.p.e.c.f.t.w.WPSearchClient] Wokplace Search Client connected to a service running version 8.8.1
  1> 09:10:55,106 [32mINFO [m [f.p.e.c.f.t.f.AbstractFSCrawlerTestCase]   --> creating the workplace search custom source client
  1> 09:10:55,245 [32mINFO [m [f.p.e.c.f.t.w.WPSearchClient] Wokplace Search Client connected to a service running version 8.8.1
  1> 09:10:56,963 [33mWARN [m [f.p.e.c.f.t.w.WPSearchClient] Error while running POST /api/ws/v1/sources/64ba3d8f839aa3ffc1316cee/documents/bulk_create: {"errors":["Content source \u002764ba3d8f839aa3ffc1316cee\u0027 does not exist, or the authenticated user may not have appropriate permissions"]}
  1> 09:10:56,964 [1;31mERROR[m [f.p.e.c.f.t.w.WPSearchEngine] jakarta.ws.rs.NotFoundException: HTTP 404 Not Found
  1> 09:10:56,988 [32mINFO [m [f.p.e.c.f.t.f.AbstractFSCrawlerTestCase]   ---> Waiting up to 20s for 3 documents in .ent-search-engine-documents-custom-64ba3d8f839aa3ffc1316cee
  1> 09:10:56,990 [36mDEBUG[m [f.p.e.c.f.c.ElasticsearchClient] refresh index [null]
  1> 09:10:56,990 [30mTRACE[m [f.p.e.c.f.c.ElasticsearchClient] Calling POST https://127.0.0.1:9200/_refresh with params []
  1> 09:10:56,997 [30mTRACE[m [f.p.e.c.f.c.ElasticsearchClient] POST https://127.0.0.1:9200/_refresh gives {"_shards":{"total":97,"successful":55,"failed":0}}
  1> 09:10:56,998 [30mTRACE[m [f.p.e.c.f.c.ElasticsearchClient] Elasticsearch query to run: {}
  1> 09:10:56,998 [30mTRACE[m [f.p.e.c.f.c.ElasticsearchClient] Calling POST https://127.0.0.1:9200/.ent-search-engine-documents-custom-64ba3d8f839aa3ffc1316cee/_search with params [version=true]
  1> 09:10:57,005 [36mDEBUG[m [f.p.e.c.f.c.ElasticsearchClient] Error while running POST https://127.0.0.1:9200/.ent-search-engine-documents-custom-64ba3d8f839aa3ffc1316cee/_search: {"error":{"root_cause":[{"type":"index_not_found_exception","reason":"no such index [.ent-search-engine-documents-custom-64ba3d8f839aa3ffc1316cee]","resource.type":"index_or_alias","resource.id":".ent-search-engine-documents-custom-64ba3d8f839aa3ffc1316cee","index_uuid":"_na_","index":".ent-search-engine-documents-custom-64ba3d8f839aa3ffc1316cee"}],"type":"index_not_found_exception","reason":"no such index [.ent-search-engine-documents-custom-64ba3d8f839aa3ffc1316cee]","resource.type":"index_or_alias","resource.id":".ent-search-engine-documents-custom-64ba3d8f839aa3ffc1316cee","index_uuid":"_na_","index":".ent-search-engine-documents-custom-64ba3d8f839aa3ffc1316cee"},"status":404}
  1> 09:10:57,007 [36mDEBUG[m [f.p.e.c.f.c.ElasticsearchClient] index .ent-search-engine-documents-custom-64ba3d8f839aa3ffc1316cee does not exist.
  1> 09:10:57,009 [36mDEBUG[m [f.p.e.c.f.c.ElasticsearchClient] refresh index [null]
  1> 09:10:57,009 [30mTRACE[m [f.p.e.c.f.c.ElasticsearchClient] Calling POST https://127.0.0.1:9200/_refresh with params []
  1> 09:10:57,018 [30mTRACE[m [f.p.e.c.f.c.ElasticsearchClient] POST https://127.0.0.1:9200/_refresh gives {"_shards":{"total":97,"successful":55,"failed":0}}
  1> 09:10:57,018 [30mTRACE[m [f.p.e.c.f.c.ElasticsearchClient] Elasticsearch query to run: {}
  1> 09:10:57,018 [30mTRACE[m [f.p.e.c.f.c.ElasticsearchClient] Calling POST https://127.0.0.1:9200/.ent-search-engine-documents-custom-64ba3d8f839aa3ffc1316cee/_search with params [version=true]
  1> 09:10:57,023 [36mDEBUG[m [f.p.e.c.f.c.ElasticsearchClient] Error while running POST https://127.0.0.1:9200/.ent-search-engine-documents-custom-64ba3d8f839aa3ffc1316cee/_search: {"error":{"root_cause":[{"type":"index_not_found_exception","reason":"no such index [.ent-search-engine-documents-custom-64ba3d8f839aa3ffc1316cee]","resource.type":"index_or_alias","resource.id":".ent-search-engine-documents-custom-64ba3d8f839aa3ffc1316cee","index_uuid":"_na_","index":".ent-search-engine-documents-custom-64ba3d8f839aa3ffc1316cee"}],"type":"index_not_found_exception","reason":"no such index [.ent-search-engine-documents-custom-64ba3d8f839aa3ffc1316cee]","resource.type":"index_or_alias","resource.id":".ent-search-engine-documents-custom-64ba3d8f839aa3ffc1316cee","index_uuid":"_na_","index":".ent-search-engine-documents-custom-64ba3d8f839aa3ffc1316cee"},"status":404}
  1> 09:10:57,023 [36mDEBUG[m [f.p.e.c.f.c.ElasticsearchClient] index .ent-search-engine-documents-custom-64ba3d8f839aa3ffc1316cee does not exist.
  1> 09:10:57,025 [36mDEBUG[m [f.p.e.c.f.c.ElasticsearchClient] refresh index [null]
  1> 09:10:57,026 [30mTRACE[m [f.p.e.c.f.c.ElasticsearchClient] Calling POST https://127.0.0.1:9200/_refresh with params []
  1> 09:10:57,031 [30mTRACE[m [f.p.e.c.f.c.ElasticsearchClient] POST https://127.0.0.1:9200/_refresh gives {"_shards":{"total":97,"successful":55,"failed":0}}
  1> 09:10:57,031 [30mTRACE[m [f.p.e.c.f.c.ElasticsearchClient] Elasticsearch query to run: {}
  1> 09:10:57,031 [30mTRACE[m [f.p.e.c.f.c.ElasticsearchClient] Calling POST https://127.0.0.1:9200/.ent-search-engine-documents-custom-64ba3d8f839aa3ffc1316cee/_search with params [version=true]
  1> 09:10:57,035 [36mDEBUG[m [f.p.e.c.f.c.ElasticsearchClient] Error while running POST https://127.0.0.1:9200/.ent-search-engine-documents-custom-64ba3d8f839aa3ffc1316cee/_search: {"error":{"root_cause":[{"type":"index_not_found_exception","reason":"no such index [.ent-search-engine-documents-custom-64ba3d8f839aa3ffc1316cee]","resource.type":"index_or_alias","resource.id":".ent-search-engine-documents-custom-64ba3d8f839aa3ffc1316cee","index_uuid":"_na_","index":".ent-search-engine-documents-custom-64ba3d8f839aa3ffc1316cee"}],"type":"index_not_found_exception","reason":"no such index [.ent-search-engine-documents-custom-64ba3d8f839aa3ffc1316cee]","resource.type":"index_or_alias","resource.id":".ent-search-engine-documents-custom-64ba3d8f839aa3ffc1316cee","index_uuid":"_na_","index":".ent-search-engine-documents-custom-64ba3d8f839aa3ffc1316cee"},"status":404}
  1> 09:10:57,035 [36mDEBUG[m [f.p.e.c.f.c.ElasticsearchClient] index .ent-search-engine-documents-custom-64ba3d8f839aa3ffc1316cee does not exist.
  1> 09:10:57,039 [36mDEBUG[m [f.p.e.c.f.c.ElasticsearchClient] refresh index [null]
  1> 09:10:57,039 [30mTRACE[m [f.p.e.c.f.c.ElasticsearchClient] Calling POST https://127.0.0.1:9200/_refresh with params []
  1> 09:10:57,045 [30mTRACE[m [f.p.e.c.f.c.ElasticsearchClient] POST https://127.0.0.1:9200/_refresh gives {"_shards":{"total":97,"successful":55,"failed":0}}
  1> 09:10:57,045 [30mTRACE[m [f.p.e.c.f.c.ElasticsearchClient] Elasticsearch query to run: {}
  1> 09:10:57,045 [30mTRACE[m [f.p.e.c.f.c.ElasticsearchClient] Calling POST https://127.0.0.1:9200/.ent-search-engine-documents-custom-64ba3d8f839aa3ffc1316cee/_search with params [version=true]
  1> 09:10:57,049 [36mDEBUG[m [f.p.e.c.f.c.ElasticsearchClient] Error while running POST https://127.0.0.1:9200/.ent-search-engine-documents-custom-64ba3d8f839aa3ffc1316cee/_search: {"error":{"root_cause":[{"type":"index_not_found_exception","reason":"no such index [.ent-search-engine-documents-custom-64ba3d8f839aa3ffc1316cee]","resource.type":"index_or_alias","resource.id":".ent-search-engine-documents-custom-64ba3d8f839aa3ffc1316cee","index_uuid":"_na_","index":".ent-search-engine-documents-custom-64ba3d8f839aa3ffc1316cee"}],"type":"index_not_found_exception","reason":"no such index [.ent-search-engine-documents-custom-64ba3d8f839aa3ffc1316cee]","resource.type":"index_or_alias","resource.id":".ent-search-engine-documents-custom-64ba3d8f839aa3ffc1316cee","index_uuid":"_na_","index":".ent-search-engine-documents-custom-64ba3d8f839aa3ffc1316cee"},"status":404}
  1> 09:10:57,049 [36mDEBUG[m [f.p.e.c.f.c.ElasticsearchClient] index .ent-search-engine-documents-custom-64ba3d8f839aa3ffc1316cee does not exist.
  1> 09:10:57,057 [36mDEBUG[m [f.p.e.c.f.c.ElasticsearchClient] refresh index [null]
  1> 09:10:57,057 [30mTRACE[m [f.p.e.c.f.c.ElasticsearchClient] Calling POST https://127.0.0.1:9200/_refresh with params []
  1> 09:10:57,064 [30mTRACE[m [f.p.e.c.f.c.ElasticsearchClient] POST https://127.0.0.1:9200/_refresh gives {"_shards":{"total":97,"successful":55,"failed":0}}
  1> 09:10:57,064 [30mTRACE[m [f.p.e.c.f.c.ElasticsearchClient] Elasticsearch query to run: {}
  1> 09:10:57,064 [30mTRACE[m [f.p.e.c.f.c.ElasticsearchClient] Calling POST https://127.0.0.1:9200/.ent-search-engine-documents-custom-64ba3d8f839aa3ffc1316cee/_search with params [version=true]
  1> 09:10:57,070 [36mDEBUG[m [f.p.e.c.f.c.ElasticsearchClient] Error while running POST https://127.0.0.1:9200/.ent-search-engine-documents-custom-64ba3d8f839aa3ffc1316cee/_search: {"error":{"root_cause":[{"type":"index_not_found_exception","reason":"no such index [.ent-search-engine-documents-custom-64ba3d8f839aa3ffc1316cee]","resource.type":"index_or_alias","resource.id":".ent-search-engine-documents-custom-64ba3d8f839aa3ffc1316cee","index_uuid":"_na_","index":".ent-search-engine-documents-custom-64ba3d8f839aa3ffc1316cee"}],"type":"index_not_found_exception","reason":"no such index [.ent-search-engine-documents-custom-64ba3d8f839aa3ffc1316cee]","resource.type":"index_or_alias","resource.id":".ent-search-engine-documents-custom-64ba3d8f839aa3ffc1316cee","index_uuid":"_na_","index":".ent-search-engine-documents-custom-64ba3d8f839aa3ffc1316cee"},"status":404}
  1> 09:10:57,070 [36mDEBUG[m [f.p.e.c.f.c.ElasticsearchClient] index .ent-search-engine-documents-custom-64ba3d8f839aa3ffc1316cee does not exist.
  1> 09:10:57,086 [36mDEBUG[m [f.p.e.c.f.c.ElasticsearchClient] refresh index [null]
  1> 09:10:57,086 [30mTRACE[m [f.p.e.c.f.c.ElasticsearchClient] Calling POST https://127.0.0.1:9200/_refresh with params []
  1> 09:10:57,096 [30mTRACE[m [f.p.e.c.f.c.ElasticsearchClient] POST https://127.0.0.1:9200/_refresh gives {"_shards":{"total":97,"successful":55,"failed":0}}
  1> 09:10:57,097 [30mTRACE[m [f.p.e.c.f.c.ElasticsearchClient] Elasticsearch query to run: {}
  1> 09:10:57,097 [30mTRACE[m [f.p.e.c.f.c.ElasticsearchClient] Calling POST https://127.0.0.1:9200/.ent-search-engine-documents-custom-64ba3d8f839aa3ffc1316cee/_search with params [version=true]
  1> 09:10:57,102 [36mDEBUG[m [f.p.e.c.f.c.ElasticsearchClient] Error while running POST https://127.0.0.1:9200/.ent-search-engine-documents-custom-64ba3d8f839aa3ffc1316cee/_search: {"error":{"root_cause":[{"type":"index_not_found_exception","reason":"no such index [.ent-search-engine-documents-custom-64ba3d8f839aa3ffc1316cee]","resource.type":"index_or_alias","resource.id":".ent-search-engine-documents-custom-64ba3d8f839aa3ffc1316cee","index_uuid":"_na_","index":".ent-search-engine-documents-custom-64ba3d8f839aa3ffc1316cee"}],"type":"index_not_found_exception","reason":"no such index [.ent-search-engine-documents-custom-64ba3d8f839aa3ffc1316cee]","resource.type":"index_or_alias","resource.id":".ent-search-engine-documents-custom-64ba3d8f839aa3ffc1316cee","index_uuid":"_na_","index":".ent-search-engine-documents-custom-64ba3d8f839aa3ffc1316cee"},"status":404}
  1> 09:10:57,103 [36mDEBUG[m [f.p.e.c.f.c.ElasticsearchClient] index .ent-search-engine-documents-custom-64ba3d8f839aa3ffc1316cee does not exist.
  1> 09:10:57,135 [36mDEBUG[m [f.p.e.c.f.c.ElasticsearchClient] refresh index [null]
  1> 09:10:57,135 [30mTRACE[m [f.p.e.c.f.c.ElasticsearchClient] Calling POST https://127.0.0.1:9200/_refresh with params []
  1> 09:10:57,142 [30mTRACE[m [f.p.e.c.f.c.ElasticsearchClient] POST https://127.0.0.1:9200/_refresh gives {"_shards":{"total":97,"successful":55,"failed":0}}
  1> 09:10:57,142 [30mTRACE[m [f.p.e.c.f.c.ElasticsearchClient] Elasticsearch query to run: {}
  1> 09:10:57,143 [30mTRACE[m [f.p.e.c.f.c.ElasticsearchClient] Calling POST https://127.0.0.1:9200/.ent-search-engine-documents-custom-64ba3d8f839aa3ffc1316cee/_search with params [version=true]
  1> 09:10:57,148 [36mDEBUG[m [f.p.e.c.f.c.ElasticsearchClient] Error while running POST https://127.0.0.1:9200/.ent-search-engine-documents-custom-64ba3d8f839aa3ffc1316cee/_search: {"error":{"root_cause":[{"type":"index_not_found_exception","reason":"no such index [.ent-search-engine-documents-custom-64ba3d8f839aa3ffc1316cee]","resource.type":"index_or_alias","resource.id":".ent-search-engine-documents-custom-64ba3d8f839aa3ffc1316cee","index_uuid":"_na_","index":".ent-search-engine-documents-custom-64ba3d8f839aa3ffc1316cee"}],"type":"index_not_found_exception","reason":"no such index [.ent-search-engine-documents-custom-64ba3d8f839aa3ffc1316cee]","resource.type":"index_or_alias","resource.id":".ent-search-engine-documents-custom-64ba3d8f839aa3ffc1316cee","index_uuid":"_na_","index":".ent-search-engine-documents-custom-64ba3d8f839aa3ffc1316cee"},"status":404}
  1> 09:10:57,149 [36mDEBUG[m [f.p.e.c.f.c.ElasticsearchClient] index .ent-search-engine-documents-custom-64ba3d8f839aa3ffc1316cee does not exist.
  1> 09:10:57,213 [36mDEBUG[m [f.p.e.c.f.c.ElasticsearchClient] refresh index [null]
  1> 09:10:57,213 [30mTRACE[m [f.p.e.c.f.c.ElasticsearchClient] Calling POST https://127.0.0.1:9200/_refresh with params []
  1> 09:10:57,288 [30mTRACE[m [f.p.e.c.f.c.ElasticsearchClient] POST https://127.0.0.1:9200/_refresh gives {"_shards":{"total":99,"successful":56,"failed":0}}
  1> 09:10:57,288 [30mTRACE[m [f.p.e.c.f.c.ElasticsearchClient] Elasticsearch query to run: {}
  1> 09:10:57,289 [30mTRACE[m [f.p.e.c.f.c.ElasticsearchClient] Calling POST https://127.0.0.1:9200/.ent-search-engine-documents-custom-64ba3d8f839aa3ffc1316cee/_search with params [version=true]
  1> 09:10:57,292 [36mDEBUG[m [f.p.e.c.f.c.ElasticsearchClient] Error while running POST https://127.0.0.1:9200/.ent-search-engine-documents-custom-64ba3d8f839aa3ffc1316cee/_search: {"error":{"root_cause":[{"type":"index_not_found_exception","reason":"no such index [.ent-search-engine-documents-custom-64ba3d8f839aa3ffc1316cee]","resource.type":"index_or_alias","resource.id":".ent-search-engine-documents-custom-64ba3d8f839aa3ffc1316cee","index_uuid":"_na_","index":".ent-search-engine-documents-custom-64ba3d8f839aa3ffc1316cee"}],"type":"index_not_found_exception","reason":"no such index [.ent-search-engine-documents-custom-64ba3d8f839aa3ffc1316cee]","resource.type":"index_or_alias","resource.id":".ent-search-engine-documents-custom-64ba3d8f839aa3ffc1316cee","index_uuid":"_na_","index":".ent-search-engine-documents-custom-64ba3d8f839aa3ffc1316cee"},"status":404}
  1> 09:10:57,293 [36mDEBUG[m [f.p.e.c.f.c.ElasticsearchClient] index .ent-search-engine-documents-custom-64ba3d8f839aa3ffc1316cee does not exist.
  1> 09:10:57,421 [36mDEBUG[m [f.p.e.c.f.c.ElasticsearchClient] refresh index [null]
  1> 09:10:57,421 [30mTRACE[m [f.p.e.c.f.c.ElasticsearchClient] Calling POST https://127.0.0.1:9200/_refresh with params []
  1> 09:10:57,429 [30mTRACE[m [f.p.e.c.f.c.ElasticsearchClient] POST https://127.0.0.1:9200/_refresh gives {"_shards":{"total":101,"successful":57,"failed":0}}
  1> 09:10:57,429 [30mTRACE[m [f.p.e.c.f.c.ElasticsearchClient] Elasticsearch query to run: {}
  1> 09:10:57,430 [30mTRACE[m [f.p.e.c.f.c.ElasticsearchClient] Calling POST https://127.0.0.1:9200/.ent-search-engine-documents-custom-64ba3d8f839aa3ffc1316cee/_search with params [version=true]
  1> 09:10:57,436 [36mDEBUG[m [f.p.e.c.f.c.ElasticsearchClient] Error while running POST https://127.0.0.1:9200/.ent-search-engine-documents-custom-64ba3d8f839aa3ffc1316cee/_search: {"error":{"root_cause":[{"type":"index_not_found_exception","reason":"no such index [.ent-search-engine-documents-custom-64ba3d8f839aa3ffc1316cee]","resource.type":"index_or_alias","resource.id":".ent-search-engine-documents-custom-64ba3d8f839aa3ffc1316cee","index_uuid":"_na_","index":".ent-search-engine-documents-custom-64ba3d8f839aa3ffc1316cee"}],"type":"index_not_found_exception","reason":"no such index [.ent-search-engine-documents-custom-64ba3d8f839aa3ffc1316cee]","resource.type":"index_or_alias","resource.id":".ent-search-engine-documents-custom-64ba3d8f839aa3ffc1316cee","index_uuid":"_na_","index":".ent-search-engine-documents-custom-64ba3d8f839aa3ffc1316cee"},"status":404}
  1> 09:10:57,437 [36mDEBUG[m [f.p.e.c.f.c.ElasticsearchClient] index .ent-search-engine-documents-custom-64ba3d8f839aa3ffc1316cee does not exist.
  1> 09:10:57,693 [36mDEBUG[m [f.p.e.c.f.c.ElasticsearchClient] refresh index [null]
  1> 09:10:57,693 [30mTRACE[m [f.p.e.c.f.c.ElasticsearchClient] Calling POST https://127.0.0.1:9200/_refresh with params []
  1> 09:10:57,714 [30mTRACE[m [f.p.e.c.f.c.ElasticsearchClient] POST https://127.0.0.1:9200/_refresh gives {"_shards":{"total":103,"successful":59,"failed":0}}
  1> 09:10:57,714 [30mTRACE[m [f.p.e.c.f.c.ElasticsearchClient] Elasticsearch query to run: {}
  1> 09:10:57,714 [30mTRACE[m [f.p.e.c.f.c.ElasticsearchClient] Calling POST https://127.0.0.1:9200/.ent-search-engine-documents-custom-64ba3d8f839aa3ffc1316cee/_search with params [version=true]
  1> 09:10:57,724 [36mDEBUG[m [f.p.e.c.f.c.ElasticsearchClient] Error while running POST https://127.0.0.1:9200/.ent-search-engine-documents-custom-64ba3d8f839aa3ffc1316cee/_search: {"error":{"root_cause":[{"type":"index_not_found_exception","reason":"no such index [.ent-search-engine-documents-custom-64ba3d8f839aa3ffc1316cee]","resource.type":"index_or_alias","resource.id":".ent-search-engine-documents-custom-64ba3d8f839aa3ffc1316cee","index_uuid":"_na_","index":".ent-search-engine-documents-custom-64ba3d8f839aa3ffc1316cee"}],"type":"index_not_found_exception","reason":"no such index [.ent-search-engine-documents-custom-64ba3d8f839aa3ffc1316cee]","resource.type":"index_or_alias","resource.id":".ent-search-engine-documents-custom-64ba3d8f839aa3ffc1316cee","index_uuid":"_na_","index":".ent-search-engine-documents-custom-64ba3d8f839aa3ffc1316cee"},"status":404}
  1> 09:10:57,725 [36mDEBUG[m [f.p.e.c.f.c.ElasticsearchClient] index .ent-search-engine-documents-custom-64ba3d8f839aa3ffc1316cee does not exist.
  1> 09:10:58,237 [36mDEBUG[m [f.p.e.c.f.c.ElasticsearchClient] refresh index [null]
  1> 09:10:58,237 [30mTRACE[m [f.p.e.c.f.c.ElasticsearchClient] Calling POST https://127.0.0.1:9200/_refresh with params []
  1> 09:10:58,244 [30mTRACE[m [f.p.e.c.f.c.ElasticsearchClient] POST https://127.0.0.1:9200/_refresh gives {"_shards":{"total":107,"successful":61,"failed":0}}
  1> 09:10:58,245 [30mTRACE[m [f.p.e.c.f.c.ElasticsearchClient] Elasticsearch query to run: {}
  1> 09:10:58,245 [30mTRACE[m [f.p.e.c.f.c.ElasticsearchClient] Calling POST https://127.0.0.1:9200/.ent-search-engine-documents-custom-64ba3d8f839aa3ffc1316cee/_search with params [version=true]
  1> 09:10:58,249 [36mDEBUG[m [f.p.e.c.f.c.ElasticsearchClient] Error while running POST https://127.0.0.1:9200/.ent-search-engine-documents-custom-64ba3d8f839aa3ffc1316cee/_search: {"error":{"root_cause":[{"type":"index_not_found_exception","reason":"no such index [.ent-search-engine-documents-custom-64ba3d8f839aa3ffc1316cee]","resource.type":"index_or_alias","resource.id":".ent-search-engine-documents-custom-64ba3d8f839aa3ffc1316cee","index_uuid":"_na_","index":".ent-search-engine-documents-custom-64ba3d8f839aa3ffc1316cee"}],"type":"index_not_found_exception","reason":"no such index [.ent-search-engine-documents-custom-64ba3d8f839aa3ffc1316cee]","resource.type":"index_or_alias","resource.id":".ent-search-engine-documents-custom-64ba3d8f839aa3ffc1316cee","index_uuid":"_na_","index":".ent-search-engine-documents-custom-64ba3d8f839aa3ffc1316cee"},"status":404}
  1> 09:10:58,249 [36mDEBUG[m [f.p.e.c.f.c.ElasticsearchClient] index .ent-search-engine-documents-custom-64ba3d8f839aa3ffc1316cee does not exist.
  1> 09:10:59,250 [36mDEBUG[m [f.p.e.c.f.c.ElasticsearchClient] refresh index [null]
  1> 09:10:59,250 [30mTRACE[m [f.p.e.c.f.c.ElasticsearchClient] Calling POST https://127.0.0.1:9200/_refresh with params []
  1> 09:10:59,271 [30mTRACE[m [f.p.e.c.f.c.ElasticsearchClient] POST https://127.0.0.1:9200/_refresh gives {"_shards":{"total":111,"successful":63,"failed":0}}
  1> 09:10:59,271 [30mTRACE[m [f.p.e.c.f.c.ElasticsearchClient] Elasticsearch query to run: {}
  1> 09:10:59,271 [30mTRACE[m [f.p.e.c.f.c.ElasticsearchClient] Calling POST https://127.0.0.1:9200/.ent-search-engine-documents-custom-64ba3d8f839aa3ffc1316cee/_search with params [version=true]
  1> 09:10:59,275 [36mDEBUG[m [f.p.e.c.f.c.ElasticsearchClient] Error while running POST https://127.0.0.1:9200/.ent-search-engine-documents-custom-64ba3d8f839aa3ffc1316cee/_search: {"error":{"root_cause":[{"type":"index_not_found_exception","reason":"no such index [.ent-search-engine-documents-custom-64ba3d8f839aa3ffc1316cee]","resource.type":"index_or_alias","resource.id":".ent-search-engine-documents-custom-64ba3d8f839aa3ffc1316cee","index_uuid":"_na_","index":".ent-search-engine-documents-custom-64ba3d8f839aa3ffc1316cee"}],"type":"index_not_found_exception","reason":"no such index [.ent-search-engine-documents-custom-64ba3d8f839aa3ffc1316cee]","resource.type":"index_or_alias","resource.id":".ent-search-engine-documents-custom-64ba3d8f839aa3ffc1316cee","index_uuid":"_na_","index":".ent-search-engine-documents-custom-64ba3d8f839aa3ffc1316cee"},"status":404}
  1> 09:10:59,275 [36mDEBUG[m [f.p.e.c.f.c.ElasticsearchClient] index .ent-search-engine-documents-custom-64ba3d8f839aa3ffc1316cee does not exist.
  1> 09:11:00,275 [36mDEBUG[m [f.p.e.c.f.c.ElasticsearchClient] refresh index [null]
  1> 09:11:00,275 [30mTRACE[m [f.p.e.c.f.c.ElasticsearchClient] Calling POST https://127.0.0.1:9200/_refresh with params []
  1> 09:11:00,281 [30mTRACE[m [f.p.e.c.f.c.ElasticsearchClient] POST https://127.0.0.1:9200/_refresh gives {"_shards":{"total":111,"successful":63,"failed":0}}
  1> 09:11:00,281 [30mTRACE[m [f.p.e.c.f.c.ElasticsearchClient] Elasticsearch query to run: {}
  1> 09:11:00,281 [30mTRACE[m [f.p.e.c.f.c.ElasticsearchClient] Calling POST https://127.0.0.1:9200/.ent-search-engine-documents-custom-64ba3d8f839aa3ffc1316cee/_search with params [version=true]
  1> 09:11:00,285 [36mDEBUG[m [f.p.e.c.f.c.ElasticsearchClient] Error while running POST https://127.0.0.1:9200/.ent-search-engine-documents-custom-64ba3d8f839aa3ffc1316cee/_search: {"error":{"root_cause":[{"type":"index_not_found_exception","reason":"no such index [.ent-search-engine-documents-custom-64ba3d8f839aa3ffc1316cee]","resource.type":"index_or_alias","resource.id":".ent-search-engine-documents-custom-64ba3d8f839aa3ffc1316cee","index_uuid":"_na_","index":".ent-search-engine-documents-custom-64ba3d8f839aa3ffc1316cee"}],"type":"index_not_found_exception","reason":"no such index [.ent-search-engine-documents-custom-64ba3d8f839aa3ffc1316cee]","resource.type":"index_or_alias","resource.id":".ent-search-engine-documents-custom-64ba3d8f839aa3ffc1316cee","index_uuid":"_na_","index":".ent-search-engine-documents-custom-64ba3d8f839aa3ffc1316cee"},"status":404}
  1> 09:11:00,285 [36mDEBUG[m [f.p.e.c.f.c.ElasticsearchClient] index .ent-search-engine-documents-custom-64ba3d8f839aa3ffc1316cee does not exist.
  1> 09:11:01,285 [36mDEBUG[m [f.p.e.c.f.c.ElasticsearchClient] refresh index [null]
  1> 09:11:01,286 [30mTRACE[m [f.p.e.c.f.c.ElasticsearchClient] Calling POST https://127.0.0.1:9200/_refresh with params []
  1> 09:11:01,294 [30mTRACE[m [f.p.e.c.f.c.ElasticsearchClient] POST https://127.0.0.1:9200/_refresh gives {"_shards":{"total":113,"successful":64,"failed":0}}
  1> 09:11:01,294 [30mTRACE[m [f.p.e.c.f.c.ElasticsearchClient] Elasticsearch query to run: {}
  1> 09:11:01,295 [30mTRACE[m [f.p.e.c.f.c.ElasticsearchClient] Calling POST https://127.0.0.1:9200/.ent-search-engine-documents-custom-64ba3d8f839aa3ffc1316cee/_search with params [version=true]
  1> 09:11:01,300 [36mDEBUG[m [f.p.e.c.f.c.ElasticsearchClient] Error while running POST https://127.0.0.1:9200/.ent-search-engine-documents-custom-64ba3d8f839aa3ffc1316cee/_search: {"error":{"root_cause":[{"type":"index_not_found_exception","reason":"no such index [.ent-search-engine-documents-custom-64ba3d8f839aa3ffc1316cee]","resource.type":"index_or_alias","resource.id":".ent-search-engine-documents-custom-64ba3d8f839aa3ffc1316cee","index_uuid":"_na_","index":".ent-search-engine-documents-custom-64ba3d8f839aa3ffc1316cee"}],"type":"index_not_found_exception","reason":"no such index [.ent-search-engine-documents-custom-64ba3d8f839aa3ffc1316cee]","resource.type":"index_or_alias","resource.id":".ent-search-engine-documents-custom-64ba3d8f839aa3ffc1316cee","index_uuid":"_na_","index":".ent-search-engine-documents-custom-64ba3d8f839aa3ffc1316cee"},"status":404}
  1> 09:11:01,300 [36mDEBUG[m [f.p.e.c.f.c.ElasticsearchClient] index .ent-search-engine-documents-custom-64ba3d8f839aa3ffc1316cee does not exist.
  1> 09:11:02,300 [36mDEBUG[m [f.p.e.c.f.c.ElasticsearchClient] refresh index [null]
  1> 09:11:02,301 [30mTRACE[m [f.p.e.c.f.c.ElasticsearchClient] Calling POST https://127.0.0.1:9200/_refresh with params []
  1> 09:11:02,356 [30mTRACE[m [f.p.e.c.f.c.ElasticsearchClient] POST https://127.0.0.1:9200/_refresh gives {"_shards":{"total":115,"successful":64,"failed":0}}
  1> 09:11:02,356 [30mTRACE[m [f.p.e.c.f.c.ElasticsearchClient] Elasticsearch query to run: {}
  1> 09:11:02,356 [30mTRACE[m [f.p.e.c.f.c.ElasticsearchClient] Calling POST https://127.0.0.1:9200/.ent-search-engine-documents-custom-64ba3d8f839aa3ffc1316cee/_search with params [version=true]
  1> 09:11:02,360 [36mDEBUG[m [f.p.e.c.f.c.ElasticsearchClient] Error while running POST https://127.0.0.1:9200/.ent-search-engine-documents-custom-64ba3d8f839aa3ffc1316cee/_search: {"error":{"root_cause":[{"type":"index_not_found_exception","reason":"no such index [.ent-search-engine-documents-custom-64ba3d8f839aa3ffc1316cee]","resource.type":"index_or_alias","resource.id":".ent-search-engine-documents-custom-64ba3d8f839aa3ffc1316cee","index_uuid":"_na_","index":".ent-search-engine-documents-custom-64ba3d8f839aa3ffc1316cee"}],"type":"index_not_found_exception","reason":"no such index [.ent-search-engine-documents-custom-64ba3d8f839aa3ffc1316cee]","resource.type":"index_or_alias","resource.id":".ent-search-engine-documents-custom-64ba3d8f839aa3ffc1316cee","index_uuid":"_na_","index":".ent-search-engine-documents-custom-64ba3d8f839aa3ffc1316cee"},"status":404}
  1> 09:11:02,360 [36mDEBUG[m [f.p.e.c.f.c.ElasticsearchClient] index .ent-search-engine-documents-custom-64ba3d8f839aa3ffc1316cee does not exist.
  1> 09:11:03,361 [36mDEBUG[m [f.p.e.c.f.c.ElasticsearchClient] refresh index [null]
  1> 09:11:03,361 [30mTRACE[m [f.p.e.c.f.c.ElasticsearchClient] Calling POST https://127.0.0.1:9200/_refresh with params []
  1> 09:11:03,365 [30mTRACE[m [f.p.e.c.f.c.ElasticsearchClient] POST https://127.0.0.1:9200/_refresh gives {"_shards":{"total":117,"successful":65,"failed":0}}
  1> 09:11:03,365 [30mTRACE[m [f.p.e.c.f.c.ElasticsearchClient] Elasticsearch query to run: {}
  1> 09:11:03,365 [30mTRACE[m [f.p.e.c.f.c.ElasticsearchClient] Calling POST https://127.0.0.1:9200/.ent-search-engine-documents-custom-64ba3d8f839aa3ffc1316cee/_search with params [version=true]
  1> 09:11:03,369 [36mDEBUG[m [f.p.e.c.f.c.ElasticsearchClient] Error while running POST https://127.0.0.1:9200/.ent-search-engine-documents-custom-64ba3d8f839aa3ffc1316cee/_search: {"error":{"root_cause":[{"type":"index_not_found_exception","reason":"no such index [.ent-search-engine-documents-custom-64ba3d8f839aa3ffc1316cee]","resource.type":"index_or_alias","resource.id":".ent-search-engine-documents-custom-64ba3d8f839aa3ffc1316cee","index_uuid":"_na_","index":".ent-search-engine-documents-custom-64ba3d8f839aa3ffc1316cee"}],"type":"index_not_found_exception","reason":"no such index [.ent-search-engine-documents-custom-64ba3d8f839aa3ffc1316cee]","resource.type":"index_or_alias","resource.id":".ent-search-engine-documents-custom-64ba3d8f839aa3ffc1316cee","index_uuid":"_na_","index":".ent-search-engine-documents-custom-64ba3d8f839aa3ffc1316cee"},"status":404}
  1> 09:11:03,369 [36mDEBUG[m [f.p.e.c.f.c.ElasticsearchClient] index .ent-search-engine-documents-custom-64ba3d8f839aa3ffc1316cee does not exist.
  1> 09:11:04,369 [36mDEBUG[m [f.p.e.c.f.c.ElasticsearchClient] refresh index [null]
  1> 09:11:04,369 [30mTRACE[m [f.p.e.c.f.c.ElasticsearchClient] Calling POST https://127.0.0.1:9200/_refresh with params []
  1> 09:11:04,374 [30mTRACE[m [f.p.e.c.f.c.ElasticsearchClient] POST https://127.0.0.1:9200/_refresh gives {"_shards":{"total":119,"successful":67,"failed":0}}
  1> 09:11:04,374 [30mTRACE[m [f.p.e.c.f.c.ElasticsearchClient] Elasticsearch query to run: {}
  1> 09:11:04,375 [30mTRACE[m [f.p.e.c.f.c.ElasticsearchClient] Calling POST https://127.0.0.1:9200/.ent-search-engine-documents-custom-64ba3d8f839aa3ffc1316cee/_search with params [version=true]
  1> 09:11:04,378 [36mDEBUG[m [f.p.e.c.f.c.ElasticsearchClient] Error while running POST https://127.0.0.1:9200/.ent-search-engine-documents-custom-64ba3d8f839aa3ffc1316cee/_search: {"error":{"root_cause":[{"type":"index_not_found_exception","reason":"no such index [.ent-search-engine-documents-custom-64ba3d8f839aa3ffc1316cee]","resource.type":"index_or_alias","resource.id":".ent-search-engine-documents-custom-64ba3d8f839aa3ffc1316cee","index_uuid":"_na_","index":".ent-search-engine-documents-custom-64ba3d8f839aa3ffc1316cee"}],"type":"index_not_found_exception","reason":"no such index [.ent-search-engine-documents-custom-64ba3d8f839aa3ffc1316cee]","resource.type":"index_or_alias","resource.id":".ent-search-engine-documents-custom-64ba3d8f839aa3ffc1316cee","index_uuid":"_na_","index":".ent-search-engine-documents-custom-64ba3d8f839aa3ffc1316cee"},"status":404}
  1> 09:11:04,378 [36mDEBUG[m [f.p.e.c.f.c.ElasticsearchClient] index .ent-search-engine-documents-custom-64ba3d8f839aa3ffc1316cee does not exist.
  1> 09:11:05,378 [36mDEBUG[m [f.p.e.c.f.c.ElasticsearchClient] refresh index [null]
  1> 09:11:05,378 [30mTRACE[m [f.p.e.c.f.c.ElasticsearchClient] Calling POST https://127.0.0.1:9200/_refresh with params []
  1> 09:11:05,383 [30mTRACE[m [f.p.e.c.f.c.ElasticsearchClient] POST https://127.0.0.1:9200/_refresh gives {"_shards":{"total":119,"successful":67,"failed":0}}
  1> 09:11:05,383 [30mTRACE[m [f.p.e.c.f.c.ElasticsearchClient] Elasticsearch query to run: {}
  1> 09:11:05,383 [30mTRACE[m [f.p.e.c.f.c.ElasticsearchClient] Calling POST https://127.0.0.1:9200/.ent-search-engine-documents-custom-64ba3d8f839aa3ffc1316cee/_search with params [version=true]
  1> 09:11:05,387 [36mDEBUG[m [f.p.e.c.f.c.ElasticsearchClient] Error while running POST https://127.0.0.1:9200/.ent-search-engine-documents-custom-64ba3d8f839aa3ffc1316cee/_search: {"error":{"root_cause":[{"type":"index_not_found_exception","reason":"no such index [.ent-search-engine-documents-custom-64ba3d8f839aa3ffc1316cee]","resource.type":"index_or_alias","resource.id":".ent-search-engine-documents-custom-64ba3d8f839aa3ffc1316cee","index_uuid":"_na_","index":".ent-search-engine-documents-custom-64ba3d8f839aa3ffc1316cee"}],"type":"index_not_found_exception","reason":"no such index [.ent-search-engine-documents-custom-64ba3d8f839aa3ffc1316cee]","resource.type":"index_or_alias","resource.id":".ent-search-engine-documents-custom-64ba3d8f839aa3ffc1316cee","index_uuid":"_na_","index":".ent-search-engine-documents-custom-64ba3d8f839aa3ffc1316cee"},"status":404}
  1> 09:11:05,388 [36mDEBUG[m [f.p.e.c.f.c.ElasticsearchClient] index .ent-search-engine-documents-custom-64ba3d8f839aa3ffc1316cee does not exist.
  1> 09:11:06,388 [36mDEBUG[m [f.p.e.c.f.c.ElasticsearchClient] refresh index [null]
  1> 09:11:06,388 [30mTRACE[m [f.p.e.c.f.c.ElasticsearchClient] Calling POST https://127.0.0.1:9200/_refresh with params []
  1> 09:11:06,393 [30mTRACE[m [f.p.e.c.f.c.ElasticsearchClient] POST https://127.0.0.1:9200/_refresh gives {"_shards":{"total":117,"successful":65,"failed":0}}
  1> 09:11:06,394 [30mTRACE[m [f.p.e.c.f.c.ElasticsearchClient] Elasticsearch query to run: {}
  1> 09:11:06,394 [30mTRACE[m [f.p.e.c.f.c.ElasticsearchClient] Calling POST https://127.0.0.1:9200/.ent-search-engine-documents-custom-64ba3d8f839aa3ffc1316cee/_search with params [version=true]
  1> 09:11:06,398 [36mDEBUG[m [f.p.e.c.f.c.ElasticsearchClient] Error while running POST https://127.0.0.1:9200/.ent-search-engine-documents-custom-64ba3d8f839aa3ffc1316cee/_search: {"error":{"root_cause":[{"type":"index_not_found_exception","reason":"no such index [.ent-search-engine-documents-custom-64ba3d8f839aa3ffc1316cee]","resource.type":"index_or_alias","resource.id":".ent-search-engine-documents-custom-64ba3d8f839aa3ffc1316cee","index_uuid":"_na_","index":".ent-search-engine-documents-custom-64ba3d8f839aa3ffc1316cee"}],"type":"index_not_found_exception","reason":"no such index [.ent-search-engine-documents-custom-64ba3d8f839aa3ffc1316cee]","resource.type":"index_or_alias","resource.id":".ent-search-engine-documents-custom-64ba3d8f839aa3ffc1316cee","index_uuid":"_na_","index":".ent-search-engine-documents-custom-64ba3d8f839aa3ffc1316cee"},"status":404}
  1> 09:11:06,398 [36mDEBUG[m [f.p.e.c.f.c.ElasticsearchClient] index .ent-search-engine-documents-custom-64ba3d8f839aa3ffc1316cee does not exist.
  1> 09:11:07,399 [36mDEBUG[m [f.p.e.c.f.c.ElasticsearchClient] refresh index [null]
  1> 09:11:07,399 [30mTRACE[m [f.p.e.c.f.c.ElasticsearchClient] Calling POST https://127.0.0.1:9200/_refresh with params []
  1> 09:11:07,610 [30mTRACE[m [f.p.e.c.f.c.ElasticsearchClient] POST https://127.0.0.1:9200/_refresh gives {"_shards":{"total":121,"successful":67,"failed":0}}
  1> 09:11:07,611 [30mTRACE[m [f.p.e.c.f.c.ElasticsearchClient] Elasticsearch query to run: {}
  1> 09:11:07,611 [30mTRACE[m [f.p.e.c.f.c.ElasticsearchClient] Calling POST https://127.0.0.1:9200/.ent-search-engine-documents-custom-64ba3d8f839aa3ffc1316cee/_search with params [version=true]
  1> 09:11:07,616 [36mDEBUG[m [f.p.e.c.f.c.ElasticsearchClient] Error while running POST https://127.0.0.1:9200/.ent-search-engine-documents-custom-64ba3d8f839aa3ffc1316cee/_search: {"error":{"root_cause":[{"type":"index_not_found_exception","reason":"no such index [.ent-search-engine-documents-custom-64ba3d8f839aa3ffc1316cee]","resource.type":"index_or_alias","resource.id":".ent-search-engine-documents-custom-64ba3d8f839aa3ffc1316cee","index_uuid":"_na_","index":".ent-search-engine-documents-custom-64ba3d8f839aa3ffc1316cee"}],"type":"index_not_found_exception","reason":"no such index [.ent-search-engine-documents-custom-64ba3d8f839aa3ffc1316cee]","resource.type":"index_or_alias","resource.id":".ent-search-engine-documents-custom-64ba3d8f839aa3ffc1316cee","index_uuid":"_na_","index":".ent-search-engine-documents-custom-64ba3d8f839aa3ffc1316cee"},"status":404}
  1> 09:11:07,616 [36mDEBUG[m [f.p.e.c.f.c.ElasticsearchClient] index .ent-search-engine-documents-custom-64ba3d8f839aa3ffc1316cee does not exist.
  1> 09:11:08,616 [36mDEBUG[m [f.p.e.c.f.c.ElasticsearchClient] refresh index [null]
  1> 09:11:08,616 [30mTRACE[m [f.p.e.c.f.c.ElasticsearchClient] Calling POST https://127.0.0.1:9200/_refresh with params []
  1> 09:11:08,761 [30mTRACE[m [f.p.e.c.f.c.ElasticsearchClient] POST https://127.0.0.1:9200/_refresh gives {"_shards":{"total":123,"successful":69,"failed":0}}
  1> 09:11:08,761 [30mTRACE[m [f.p.e.c.f.c.ElasticsearchClient] Elasticsearch query to run: {}
  1> 09:11:08,761 [30mTRACE[m [f.p.e.c.f.c.ElasticsearchClient] Calling POST https://127.0.0.1:9200/.ent-search-engine-documents-custom-64ba3d8f839aa3ffc1316cee/_search with params [version=true]
  1> 09:11:08,765 [36mDEBUG[m [f.p.e.c.f.c.ElasticsearchClient] Error while running POST https://127.0.0.1:9200/.ent-search-engine-documents-custom-64ba3d8f839aa3ffc1316cee/_search: {"error":{"root_cause":[{"type":"index_not_found_exception","reason":"no such index [.ent-search-engine-documents-custom-64ba3d8f839aa3ffc1316cee]","resource.type":"index_or_alias","resource.id":".ent-search-engine-documents-custom-64ba3d8f839aa3ffc1316cee","index_uuid":"_na_","index":".ent-search-engine-documents-custom-64ba3d8f839aa3ffc1316cee"}],"type":"index_not_found_exception","reason":"no such index [.ent-search-engine-documents-custom-64ba3d8f839aa3ffc1316cee]","resource.type":"index_or_alias","resource.id":".ent-search-engine-documents-custom-64ba3d8f839aa3ffc1316cee","index_uuid":"_na_","index":".ent-search-engine-documents-custom-64ba3d8f839aa3ffc1316cee"},"status":404}
  1> 09:11:08,766 [36mDEBUG[m [f.p.e.c.f.c.ElasticsearchClient] index .ent-search-engine-documents-custom-64ba3d8f839aa3ffc1316cee does not exist.
  1> 09:11:09,767 [36mDEBUG[m [f.p.e.c.f.c.ElasticsearchClient] refresh index [null]
  1> 09:11:09,767 [30mTRACE[m [f.p.e.c.f.c.ElasticsearchClient] Calling POST https://127.0.0.1:9200/_refresh with params []
  1> 09:11:09,827 [30mTRACE[m [f.p.e.c.f.c.ElasticsearchClient] POST https://127.0.0.1:9200/_refresh gives {"_shards":{"total":125,"successful":70,"failed":0}}
  1> 09:11:09,828 [30mTRACE[m [f.p.e.c.f.c.ElasticsearchClient] Elasticsearch query to run: {}
  1> 09:11:09,828 [30mTRACE[m [f.p.e.c.f.c.ElasticsearchClient] Calling POST https://127.0.0.1:9200/.ent-search-engine-documents-custom-64ba3d8f839aa3ffc1316cee/_search with params [version=true]
  1> 09:11:09,846 [36mDEBUG[m [f.p.e.c.f.c.ElasticsearchClient] Error while running POST https://127.0.0.1:9200/.ent-search-engine-documents-custom-64ba3d8f839aa3ffc1316cee/_search: {"error":{"root_cause":[{"type":"index_not_found_exception","reason":"no such index [.ent-search-engine-documents-custom-64ba3d8f839aa3ffc1316cee]","resource.type":"index_or_alias","resource.id":".ent-search-engine-documents-custom-64ba3d8f839aa3ffc1316cee","index_uuid":"_na_","index":".ent-search-engine-documents-custom-64ba3d8f839aa3ffc1316cee"}],"type":"index_not_found_exception","reason":"no such index [.ent-search-engine-documents-custom-64ba3d8f839aa3ffc1316cee]","resource.type":"index_or_alias","resource.id":".ent-search-engine-documents-custom-64ba3d8f839aa3ffc1316cee","index_uuid":"_na_","index":".ent-search-engine-documents-custom-64ba3d8f839aa3ffc1316cee"},"status":404}
  1> 09:11:09,847 [36mDEBUG[m [f.p.e.c.f.c.ElasticsearchClient] index .ent-search-engine-documents-custom-64ba3d8f839aa3ffc1316cee does not exist.
  1> 09:11:10,847 [36mDEBUG[m [f.p.e.c.f.c.ElasticsearchClient] refresh index [null]
  1> 09:11:10,847 [30mTRACE[m [f.p.e.c.f.c.ElasticsearchClient] Calling POST https://127.0.0.1:9200/_refresh with params []
  1> 09:11:10,865 [30mTRACE[m [f.p.e.c.f.c.ElasticsearchClient] POST https://127.0.0.1:9200/_refresh gives {"_shards":{"total":127,"successful":71,"failed":0}}
  1> 09:11:10,865 [30mTRACE[m [f.p.e.c.f.c.ElasticsearchClient] Elasticsearch query to run: {}
  1> 09:11:10,865 [30mTRACE[m [f.p.e.c.f.c.ElasticsearchClient] Calling POST https://127.0.0.1:9200/.ent-search-engine-documents-custom-64ba3d8f839aa3ffc1316cee/_search with params [version=true]
  1> 09:11:10,868 [36mDEBUG[m [f.p.e.c.f.c.ElasticsearchClient] Error while running POST https://127.0.0.1:9200/.ent-search-engine-documents-custom-64ba3d8f839aa3ffc1316cee/_search: {"error":{"root_cause":[{"type":"index_not_found_exception","reason":"no such index [.ent-search-engine-documents-custom-64ba3d8f839aa3ffc1316cee]","resource.type":"index_or_alias","resource.id":".ent-search-engine-documents-custom-64ba3d8f839aa3ffc1316cee","index_uuid":"_na_","index":".ent-search-engine-documents-custom-64ba3d8f839aa3ffc1316cee"}],"type":"index_not_found_exception","reason":"no such index [.ent-search-engine-documents-custom-64ba3d8f839aa3ffc1316cee]","resource.type":"index_or_alias","resource.id":".ent-search-engine-documents-custom-64ba3d8f839aa3ffc1316cee","index_uuid":"_na_","index":".ent-search-engine-documents-custom-64ba3d8f839aa3ffc1316cee"},"status":404}
  1> 09:11:10,869 [36mDEBUG[m [f.p.e.c.f.c.ElasticsearchClient] index .ent-search-engine-documents-custom-64ba3d8f839aa3ffc1316cee does not exist.
  1> 09:11:11,869 [36mDEBUG[m [f.p.e.c.f.c.ElasticsearchClient] refresh index [null]
  1> 09:11:11,869 [30mTRACE[m [f.p.e.c.f.c.ElasticsearchClient] Calling POST https://127.0.0.1:9200/_refresh with params []
  1> 09:11:11,883 [30mTRACE[m [f.p.e.c.f.c.ElasticsearchClient] POST https://127.0.0.1:9200/_refresh gives {"_shards":{"total":127,"successful":71,"failed":0}}
  1> 09:11:11,884 [30mTRACE[m [f.p.e.c.f.c.ElasticsearchClient] Elasticsearch query to run: {}
  1> 09:11:11,884 [30mTRACE[m [f.p.e.c.f.c.ElasticsearchClient] Calling POST https://127.0.0.1:9200/.ent-search-engine-documents-custom-64ba3d8f839aa3ffc1316cee/_search with params [version=true]
  1> 09:11:11,890 [36mDEBUG[m [f.p.e.c.f.c.ElasticsearchClient] Error while running POST https://127.0.0.1:9200/.ent-search-engine-documents-custom-64ba3d8f839aa3ffc1316cee/_search: {"error":{"root_cause":[{"type":"index_not_found_exception","reason":"no such index [.ent-search-engine-documents-custom-64ba3d8f839aa3ffc1316cee]","resource.type":"index_or_alias","resource.id":".ent-search-engine-documents-custom-64ba3d8f839aa3ffc1316cee","index_uuid":"_na_","index":".ent-search-engine-documents-custom-64ba3d8f839aa3ffc1316cee"}],"type":"index_not_found_exception","reason":"no such index [.ent-search-engine-documents-custom-64ba3d8f839aa3ffc1316cee]","resource.type":"index_or_alias","resource.id":".ent-search-engine-documents-custom-64ba3d8f839aa3ffc1316cee","index_uuid":"_na_","index":".ent-search-engine-documents-custom-64ba3d8f839aa3ffc1316cee"},"status":404}
  1> 09:11:11,890 [36mDEBUG[m [f.p.e.c.f.c.ElasticsearchClient] index .ent-search-engine-documents-custom-64ba3d8f839aa3ffc1316cee does not exist.
  1> 09:11:12,890 [36mDEBUG[m [f.p.e.c.f.c.ElasticsearchClient] refresh index [null]
  1> 09:11:12,890 [30mTRACE[m [f.p.e.c.f.c.ElasticsearchClient] Calling POST https://127.0.0.1:9200/_refresh with params []
  1> 09:11:12,895 [30mTRACE[m [f.p.e.c.f.c.ElasticsearchClient] POST https://127.0.0.1:9200/_refresh gives {"_shards":{"total":125,"successful":69,"failed":0}}
  1> 09:11:12,895 [30mTRACE[m [f.p.e.c.f.c.ElasticsearchClient] Elasticsearch query to run: {}
  1> 09:11:12,896 [30mTRACE[m [f.p.e.c.f.c.ElasticsearchClient] Calling POST https://127.0.0.1:9200/.ent-search-engine-documents-custom-64ba3d8f839aa3ffc1316cee/_search with params [version=true]
  1> 09:11:12,900 [36mDEBUG[m [f.p.e.c.f.c.ElasticsearchClient] Error while running POST https://127.0.0.1:9200/.ent-search-engine-documents-custom-64ba3d8f839aa3ffc1316cee/_search: {"error":{"root_cause":[{"type":"index_not_found_exception","reason":"no such index [.ent-search-engine-documents-custom-64ba3d8f839aa3ffc1316cee]","resource.type":"index_or_alias","resource.id":".ent-search-engine-documents-custom-64ba3d8f839aa3ffc1316cee","index_uuid":"_na_","index":".ent-search-engine-documents-custom-64ba3d8f839aa3ffc1316cee"}],"type":"index_not_found_exception","reason":"no such index [.ent-search-engine-documents-custom-64ba3d8f839aa3ffc1316cee]","resource.type":"index_or_alias","resource.id":".ent-search-engine-documents-custom-64ba3d8f839aa3ffc1316cee","index_uuid":"_na_","index":".ent-search-engine-documents-custom-64ba3d8f839aa3ffc1316cee"},"status":404}
  1> 09:11:12,900 [36mDEBUG[m [f.p.e.c.f.c.ElasticsearchClient] index .ent-search-engine-documents-custom-64ba3d8f839aa3ffc1316cee does not exist.
  1> 09:11:13,900 [36mDEBUG[m [f.p.e.c.f.c.ElasticsearchClient] refresh index [null]
  1> 09:11:13,900 [30mTRACE[m [f.p.e.c.f.c.ElasticsearchClient] Calling POST https://127.0.0.1:9200/_refresh with params []
  1> 09:11:13,915 [30mTRACE[m [f.p.e.c.f.c.ElasticsearchClient] POST https://127.0.0.1:9200/_refresh gives {"_shards":{"total":127,"successful":70,"failed":0}}
  1> 09:11:13,915 [30mTRACE[m [f.p.e.c.f.c.ElasticsearchClient] Elasticsearch query to run: {}
  1> 09:11:13,915 [30mTRACE[m [f.p.e.c.f.c.ElasticsearchClient] Calling POST https://127.0.0.1:9200/.ent-search-engine-documents-custom-64ba3d8f839aa3ffc1316cee/_search with params [version=true]
  1> 09:11:13,917 [36mDEBUG[m [f.p.e.c.f.c.ElasticsearchClient] Error while running POST https://127.0.0.1:9200/.ent-search-engine-documents-custom-64ba3d8f839aa3ffc1316cee/_search: {"error":{"root_cause":[{"type":"index_not_found_exception","reason":"no such index [.ent-search-engine-documents-custom-64ba3d8f839aa3ffc1316cee]","resource.type":"index_or_alias","resource.id":".ent-search-engine-documents-custom-64ba3d8f839aa3ffc1316cee","index_uuid":"_na_","index":".ent-search-engine-documents-custom-64ba3d8f839aa3ffc1316cee"}],"type":"index_not_found_exception","reason":"no such index [.ent-search-engine-documents-custom-64ba3d8f839aa3ffc1316cee]","resource.type":"index_or_alias","resource.id":".ent-search-engine-documents-custom-64ba3d8f839aa3ffc1316cee","index_uuid":"_na_","index":".ent-search-engine-documents-custom-64ba3d8f839aa3ffc1316cee"},"status":404}
  1> 09:11:13,918 [36mDEBUG[m [f.p.e.c.f.c.ElasticsearchClient] index .ent-search-engine-documents-custom-64ba3d8f839aa3ffc1316cee does not exist.
  1> 09:11:14,918 [36mDEBUG[m [f.p.e.c.f.c.ElasticsearchClient] refresh index [null]
  1> 09:11:14,918 [30mTRACE[m [f.p.e.c.f.c.ElasticsearchClient] Calling POST https://127.0.0.1:9200/_refresh with params []
  1> 09:11:14,923 [30mTRACE[m [f.p.e.c.f.c.ElasticsearchClient] POST https://127.0.0.1:9200/_refresh gives {"_shards":{"total":129,"successful":71,"failed":0}}
  1> 09:11:14,924 [30mTRACE[m [f.p.e.c.f.c.ElasticsearchClient] Elasticsearch query to run: {}
  1> 09:11:14,924 [30mTRACE[m [f.p.e.c.f.c.ElasticsearchClient] Calling POST https://127.0.0.1:9200/.ent-search-engine-documents-custom-64ba3d8f839aa3ffc1316cee/_search with params [version=true]
  1> 09:11:14,928 [36mDEBUG[m [f.p.e.c.f.c.ElasticsearchClient] Error while running POST https://127.0.0.1:9200/.ent-search-engine-documents-custom-64ba3d8f839aa3ffc1316cee/_search: {"error":{"root_cause":[{"type":"index_not_found_exception","reason":"no such index [.ent-search-engine-documents-custom-64ba3d8f839aa3ffc1316cee]","resource.type":"index_or_alias","resource.id":".ent-search-engine-documents-custom-64ba3d8f839aa3ffc1316cee","index_uuid":"_na_","index":".ent-search-engine-documents-custom-64ba3d8f839aa3ffc1316cee"}],"type":"index_not_found_exception","reason":"no such index [.ent-search-engine-documents-custom-64ba3d8f839aa3ffc1316cee]","resource.type":"index_or_alias","resource.id":".ent-search-engine-documents-custom-64ba3d8f839aa3ffc1316cee","index_uuid":"_na_","index":".ent-search-engine-documents-custom-64ba3d8f839aa3ffc1316cee"},"status":404}
  1> 09:11:14,928 [36mDEBUG[m [f.p.e.c.f.c.ElasticsearchClient] index .ent-search-engine-documents-custom-64ba3d8f839aa3ffc1316cee does not exist.
  1> 09:11:15,928 [36mDEBUG[m [f.p.e.c.f.c.ElasticsearchClient] refresh index [null]
  1> 09:11:15,928 [30mTRACE[m [f.p.e.c.f.c.ElasticsearchClient] Calling POST https://127.0.0.1:9200/_refresh with params []
  1> 09:11:15,932 [30mTRACE[m [f.p.e.c.f.c.ElasticsearchClient] POST https://127.0.0.1:9200/_refresh gives {"_shards":{"total":131,"successful":73,"failed":0}}
  1> 09:11:15,933 [30mTRACE[m [f.p.e.c.f.c.ElasticsearchClient] Elasticsearch query to run: {}
  1> 09:11:15,933 [30mTRACE[m [f.p.e.c.f.c.ElasticsearchClient] Calling POST https://127.0.0.1:9200/.ent-search-engine-documents-custom-64ba3d8f839aa3ffc1316cee/_search with params [version=true]
  1> 09:11:15,935 [36mDEBUG[m [f.p.e.c.f.c.ElasticsearchClient] Error while running POST https://127.0.0.1:9200/.ent-search-engine-documents-custom-64ba3d8f839aa3ffc1316cee/_search: {"error":{"root_cause":[{"type":"index_not_found_exception","reason":"no such index [.ent-search-engine-documents-custom-64ba3d8f839aa3ffc1316cee]","resource.type":"index_or_alias","resource.id":".ent-search-engine-documents-custom-64ba3d8f839aa3ffc1316cee","index_uuid":"_na_","index":".ent-search-engine-documents-custom-64ba3d8f839aa3ffc1316cee"}],"type":"index_not_found_exception","reason":"no such index [.ent-search-engine-documents-custom-64ba3d8f839aa3ffc1316cee]","resource.type":"index_or_alias","resource.id":".ent-search-engine-documents-custom-64ba3d8f839aa3ffc1316cee","index_uuid":"_na_","index":".ent-search-engine-documents-custom-64ba3d8f839aa3ffc1316cee"},"status":404}
  1> 09:11:15,935 [36mDEBUG[m [f.p.e.c.f.c.ElasticsearchClient] index .ent-search-engine-documents-custom-64ba3d8f839aa3ffc1316cee does not exist.
  1> 09:11:17,913 [36mDEBUG[m [f.p.e.c.f.c.ElasticsearchClient] refresh index [null]
  1> 09:11:17,913 [30mTRACE[m [f.p.e.c.f.c.ElasticsearchClient] Calling POST https://127.0.0.1:9200/_refresh with params []
  1> 09:11:17,920 [30mTRACE[m [f.p.e.c.f.c.ElasticsearchClient] POST https://127.0.0.1:9200/_refresh gives {"_shards":{"total":131,"successful":73,"failed":0}}
  1> 09:11:17,921 [30mTRACE[m [f.p.e.c.f.c.ElasticsearchClient] Elasticsearch query to run: {}
  1> 09:11:17,921 [30mTRACE[m [f.p.e.c.f.c.ElasticsearchClient] Calling POST https://127.0.0.1:9200/.ent-search-engine-documents-custom-64ba3d8f839aa3ffc1316cee/_search with params [version=true]
  1> 09:11:17,924 [36mDEBUG[m [f.p.e.c.f.c.ElasticsearchClient] Error while running POST https://127.0.0.1:9200/.ent-search-engine-documents-custom-64ba3d8f839aa3ffc1316cee/_search: {"error":{"root_cause":[{"type":"index_not_found_exception","reason":"no such index [.ent-search-engine-documents-custom-64ba3d8f839aa3ffc1316cee]","resource.type":"index_or_alias","resource.id":".ent-search-engine-documents-custom-64ba3d8f839aa3ffc1316cee","index_uuid":"_na_","index":".ent-search-engine-documents-custom-64ba3d8f839aa3ffc1316cee"}],"type":"index_not_found_exception","reason":"no such index [.ent-search-engine-documents-custom-64ba3d8f839aa3ffc1316cee]","resource.type":"index_or_alias","resource.id":".ent-search-engine-documents-custom-64ba3d8f839aa3ffc1316cee","index_uuid":"_na_","index":".ent-search-engine-documents-custom-64ba3d8f839aa3ffc1316cee"},"status":404}
  1> 09:11:17,924 [36mDEBUG[m [f.p.e.c.f.c.ElasticsearchClient] index .ent-search-engine-documents-custom-64ba3d8f839aa3ffc1316cee does not exist.
  1> 09:11:17,925 [33mWARN [m [f.p.e.c.f.t.f.AbstractFSCrawlerTestCase]      ---> expecting [3] but got [-1] documents in .ent-search-engine-documents-custom-64ba3d8f839aa3ffc1316cee
  1> 09:11:17,927 [32mINFO [m [f.p.e.c.f.t.f.AbstractFSCrawlerTestCase]   --> creating the workplace search custom source client
  1> 09:11:17,999 [32mINFO [m [f.p.e.c.f.t.w.WPSearchClient] Wokplace Search Client connected to a service running version 8.8.1
  2> REPRODUCE WITH:
  2> mvn integration-test -Dtests.seed=BB20867B2B555493 -Dtests.class=fr.pilato.elasticsearch.crawler.fs.test.integration.workplacesearch.WPSearchClientIT -Dtests.method="testSearch" -Dtests.locale=et -Dtests.timezone=Africa/Algiers
FAILURE 23.5s J3 | WPSearchClientIT.testSearch <<<
   > Throwable #1: java.lang.AssertionError: 
   > Expected: <3L>
   >      but: was <-1L>
   > 	at __randomizedtesting.SeedInfo.seed([BB20867B2B555493:2999132E6F4C0C3C]:0)
   > 	at org.hamcrest.MatcherAssert.assertThat(MatcherAssert.java:20)
   > 	at org.hamcrest.MatcherAssert.assertThat(MatcherAssert.java:8)
   > 	at fr.pilato.elasticsearch.crawler.fs.test.integration.AbstractITCase.countTestHelper(AbstractITCase.java:410)
   > 	at fr.pilato.elasticsearch.crawler.fs.test.integration.AbstractITCase.countTestHelper(AbstractITCase.java:353)
   > 	at fr.pilato.elasticsearch.crawler.fs.test.integration.workplacesearch.WPSearchClientIT.testSearch(WPSearchClientIT.java:209)
   > 	at java.base/jdk.internal.reflect.NativeMethodAccessorImpl.invoke0(Native Method)
   > 	at java.base/jdk.internal.reflect.NativeMethodAccessorImpl.invoke(NativeMethodAccessorImpl.java:62)
   > 	at java.base/jdk.internal.reflect.DelegatingMethodAccessorImpl.invoke(DelegatingMethodAccessorImpl.java:43)
   > 	at java.base/java.lang.reflect.Method.invoke(Method.java:566)
   > 	at com.carrotsearch.randomizedtesting.RandomizedRunner.invoke(RandomizedRunner.java:1758)
   > 	at com.carrotsearch.randomizedtesting.RandomizedRunner$8.evaluate(RandomizedRunner.java:946)
   > 	at com.carrotsearch.randomizedtesting.RandomizedRunner$9.evaluate(RandomizedRunner.java:982)
   > 	at com.carrotsearch.randomizedtesting.RandomizedRunner$10.evaluate(RandomizedRunner.java:996)
   > 	at org.junit.rules.TestWatcher$1.evaluate(TestWatcher.java:61)
   > 	at com.carrotsearch.randomizedtesting.rules.StatementAdapter.evaluate(StatementAdapter.java:36)
   > 	at com.carrotsearch.randomizedtesting.ThreadLeakControl$StatementRunner.run(ThreadLeakControl.java:390)
   > 	at com.carrotsearch.randomizedtesting.ThreadLeakControl.forkTimeoutingTask(ThreadLeakControl.java:843)
   > 	at com.carrotsearch.randomizedtesting.ThreadLeakControl$3.evaluate(ThreadLeakControl.java:490)
   > 	at com.carrotsearch.randomizedtesting.RandomizedRunner.runSingleTest(RandomizedRunner.java:955)
   > 	at com.carrotsearch.randomizedtesting.RandomizedRunner$5.evaluate(RandomizedRunner.java:840)
   > 	at com.carrotsearch.randomizedtesting.RandomizedRunner$6.evaluate(RandomizedRunner.java:891)
   > 	at com.carrotsearch.randomizedtesting.RandomizedRunner$7.evaluate(RandomizedRunner.java:902)
   > 	at org.junit.rules.ExternalResource$1.evaluate(ExternalResource.java:54)
   > 	at com.carrotsearch.randomizedtesting.rules.StatementAdapter.evaluate(StatementAdapter.java:36)
   > 	at com.carrotsearch.randomizedtesting.ThreadLeakControl$StatementRunner.run(ThreadLeakControl.java:390)
   > 	at com.carrotsearch.randomizedtesting.ThreadLeakControl.lambda$forkTimeoutingTask$0(ThreadLeakControl.java:850)
   > 	at java.base/java.lang.Thread.run(Thread.java:829)
  1> 09:11:18,247 [32mINFO [m [f.p.e.c.f.t.f.AbstractFSCrawlerTestCase]   --> Launching test [test_get_document]
  1> 09:11:18,247 [32mINFO [m [f.p.e.c.f.t.i.w.WPSearchClientIT]  -> Removing existing index [fscrawler_w_p_search_client_i_t_test_get_document*]
  1> 09:11:18,248 [36mDEBUG[m [f.p.e.c.f.c.ElasticsearchClient] delete index [fscrawler_w_p_search_client_i_t_test_get_document]
  1> 09:11:18,248 [30mTRACE[m [f.p.e.c.f.c.ElasticsearchClient] Calling DELETE https://127.0.0.1:9200/fscrawler_w_p_search_client_i_t_test_get_document with params []
  1> 09:11:18,250 [36mDEBUG[m [f.p.e.c.f.c.ElasticsearchClient] Error while running DELETE https://127.0.0.1:9200/fscrawler_w_p_search_client_i_t_test_get_document: {"error":{"root_cause":[{"type":"index_not_found_exception","reason":"no such index [fscrawler_w_p_search_client_i_t_test_get_document]","resource.type":"index_or_alias","resource.id":"fscrawler_w_p_search_client_i_t_test_get_document","index_uuid":"_na_","index":"fscrawler_w_p_search_client_i_t_test_get_document"}],"type":"index_not_found_exception","reason":"no such index [fscrawler_w_p_search_client_i_t_test_get_document]","resource.type":"index_or_alias","resource.id":"fscrawler_w_p_search_client_i_t_test_get_document","index_uuid":"_na_","index":"fscrawler_w_p_search_client_i_t_test_get_document"},"status":404}
  1> 09:11:18,250 [36mDEBUG[m [f.p.e.c.f.c.ElasticsearchClient] Index [fscrawler_w_p_search_client_i_t_test_get_document] was not found
  1> 09:11:18,250 [36mDEBUG[m [f.p.e.c.f.c.ElasticsearchClient] delete index [fscrawler_w_p_search_client_i_t_test_get_document_folder]
  1> 09:11:18,251 [30mTRACE[m [f.p.e.c.f.c.ElasticsearchClient] Calling DELETE https://127.0.0.1:9200/fscrawler_w_p_search_client_i_t_test_get_document_folder with params []
  1> 09:11:18,253 [36mDEBUG[m [f.p.e.c.f.c.ElasticsearchClient] Error while running DELETE https://127.0.0.1:9200/fscrawler_w_p_search_client_i_t_test_get_document_folder: {"error":{"root_cause":[{"type":"index_not_found_exception","reason":"no such index [fscrawler_w_p_search_client_i_t_test_get_document_folder]","resource.type":"index_or_alias","resource.id":"fscrawler_w_p_search_client_i_t_test_get_document_folder","index_uuid":"_na_","index":"fscrawler_w_p_search_client_i_t_test_get_document_folder"}],"type":"index_not_found_exception","reason":"no such index [fscrawler_w_p_search_client_i_t_test_get_document_folder]","resource.type":"index_or_alias","resource.id":"fscrawler_w_p_search_client_i_t_test_get_document_folder","index_uuid":"_na_","index":"fscrawler_w_p_search_client_i_t_test_get_document_folder"},"status":404}
  1> 09:11:18,253 [36mDEBUG[m [f.p.e.c.f.c.ElasticsearchClient] Index [fscrawler_w_p_search_client_i_t_test_get_document_folder] was not found
  1> 09:11:18,254 [32mINFO [m [f.p.e.c.f.t.f.AbstractFSCrawlerTestCase]   --> creating the workplace search custom source client
  1> 09:11:18,325 [32mINFO [m [f.p.e.c.f.t.w.WPSearchClient] Wokplace Search Client connected to a service running version 8.8.1
  1> 09:11:18,538 [32mINFO [m [f.p.e.c.f.t.f.AbstractFSCrawlerTestCase]   --> creating the workplace search custom source client
  1> 09:11:18,602 [32mINFO [m [f.p.e.c.f.t.w.WPSearchClient] Wokplace Search Client connected to a service running version 8.8.1
  1> 09:11:26,344 [36mDEBUG[m [f.p.e.c.f.c.WorkplaceSearchClientUtil] Transforming date to RFC_3339 [2023-07-21T09:11:26.343+0100] -> [2023-07-21T09:11:26+0100] -> [2023-07-21T09:11:26+01:00]
  1> 09:11:26,344 [36mDEBUG[m [f.p.e.c.f.c.WorkplaceSearchClientUtil] Transforming date to RFC_3339 [2023-07-21T09:11:26.343+0100] -> [2023-07-21T09:11:26+0100] -> [2023-07-21T09:11:26+01:00]
  1> 09:11:26,879 [32mINFO [m [f.p.e.c.f.t.f.AbstractFSCrawlerTestCase]   ---> Waiting up to 5s for 1 documents in workplace search
  1> 09:11:26,879 [36mDEBUG[m [f.p.e.c.f.c.ElasticsearchClient] refresh index [null]
  1> 09:11:26,880 [30mTRACE[m [f.p.e.c.f.c.ElasticsearchClient] Calling POST https://127.0.0.1:9200/_refresh with params []
  1> 09:11:26,903 [30mTRACE[m [f.p.e.c.f.c.ElasticsearchClient] POST https://127.0.0.1:9200/_refresh gives {"_shards":{"total":137,"successful":77,"failed":0}}
  1> 09:11:27,441 [32mINFO [m [f.p.e.c.f.t.f.AbstractFSCrawlerTestCase]   --> creating the workplace search custom source client
  1> 09:11:27,497 [32mINFO [m [f.p.e.c.f.t.w.WPSearchClient] Wokplace Search Client connected to a service running version 8.8.1
  1> 09:11:28,122 [32mINFO [m [f.p.e.c.f.t.f.AbstractFSCrawlerTestCase]   --> Launching test [test_send_and_remove_a_document]
  1> 09:11:28,123 [32mINFO [m [f.p.e.c.f.t.i.w.WPSearchClientIT]  -> Removing existing index [fscrawler_w_p_search_client_i_t_test_send_and_remove_a_document*]
  1> 09:11:28,123 [36mDEBUG[m [f.p.e.c.f.c.ElasticsearchClient] delete index [fscrawler_w_p_search_client_i_t_test_send_and_remove_a_document]
  1> 09:11:28,123 [30mTRACE[m [f.p.e.c.f.c.ElasticsearchClient] Calling DELETE https://127.0.0.1:9200/fscrawler_w_p_search_client_i_t_test_send_and_remove_a_document with params []
  1> 09:11:28,126 [36mDEBUG[m [f.p.e.c.f.c.ElasticsearchClient] Error while running DELETE https://127.0.0.1:9200/fscrawler_w_p_search_client_i_t_test_send_and_remove_a_document: {"error":{"root_cause":[{"type":"index_not_found_exception","reason":"no such index [fscrawler_w_p_search_client_i_t_test_send_and_remove_a_document]","resource.type":"index_or_alias","resource.id":"fscrawler_w_p_search_client_i_t_test_send_and_remove_a_document","index_uuid":"_na_","index":"fscrawler_w_p_search_client_i_t_test_send_and_remove_a_document"}],"type":"index_not_found_exception","reason":"no such index [fscrawler_w_p_search_client_i_t_test_send_and_remove_a_document]","resource.type":"index_or_alias","resource.id":"fscrawler_w_p_search_client_i_t_test_send_and_remove_a_document","index_uuid":"_na_","index":"fscrawler_w_p_search_client_i_t_test_send_and_remove_a_document"},"status":404}
  1> 09:11:28,127 [36mDEBUG[m [f.p.e.c.f.c.ElasticsearchClient] Index [fscrawler_w_p_search_client_i_t_test_send_and_remove_a_document] was not found
  1> 09:11:28,127 [36mDEBUG[m [f.p.e.c.f.c.ElasticsearchClient] delete index [fscrawler_w_p_search_client_i_t_test_send_and_remove_a_document_folder]
  1> 09:11:28,127 [30mTRACE[m [f.p.e.c.f.c.ElasticsearchClient] Calling DELETE https://127.0.0.1:9200/fscrawler_w_p_search_client_i_t_test_send_and_remove_a_document_folder with params []
  1> 09:11:28,130 [36mDEBUG[m [f.p.e.c.f.c.ElasticsearchClient] Error while running DELETE https://127.0.0.1:9200/fscrawler_w_p_search_client_i_t_test_send_and_remove_a_document_folder: {"error":{"root_cause":[{"type":"index_not_found_exception","reason":"no such index [fscrawler_w_p_search_client_i_t_test_send_and_remove_a_document_folder]","resource.type":"index_or_alias","resource.id":"fscrawler_w_p_search_client_i_t_test_send_and_remove_a_document_folder","index_uuid":"_na_","index":"fscrawler_w_p_search_client_i_t_test_send_and_remove_a_document_folder"}],"type":"index_not_found_exception","reason":"no such index [fscrawler_w_p_search_client_i_t_test_send_and_remove_a_document_folder]","resource.type":"index_or_alias","resource.id":"fscrawler_w_p_search_client_i_t_test_send_and_remove_a_document_folder","index_uuid":"_na_","index":"fscrawler_w_p_search_client_i_t_test_send_and_remove_a_document_folder"},"status":404}
  1> 09:11:28,130 [36mDEBUG[m [f.p.e.c.f.c.ElasticsearchClient] Index [fscrawler_w_p_search_client_i_t_test_send_and_remove_a_document_folder] was not found
  1> 09:11:28,130 [32mINFO [m [f.p.e.c.f.t.f.AbstractFSCrawlerTestCase]   --> creating the workplace search custom source client
  1> 09:11:28,201 [32mINFO [m [f.p.e.c.f.t.w.WPSearchClient] Wokplace Search Client connected to a service running version 8.8.1
  1> 09:11:28,349 [32mINFO [m [f.p.e.c.f.t.f.AbstractFSCrawlerTestCase]   --> creating the workplace search custom source client
  1> 09:11:28,381 [32mINFO [m [f.p.e.c.f.t.w.WPSearchClient] Wokplace Search Client connected to a service running version 8.8.1
  1> 09:11:31,324 [32mINFO [m [f.p.e.c.f.t.f.AbstractFSCrawlerTestCase]   --> creating the workplace search custom source client
  1> 09:11:31,387 [32mINFO [m [f.p.e.c.f.t.w.WPSearchClient] Wokplace Search Client connected to a service running version 8.8.1
  1> 09:11:32,746 [32mINFO [m [f.p.e.c.f.t.f.AbstractFSCrawlerTestCase]   --> Launching test [test_get_source_by_name]
  1> 09:11:32,747 [32mINFO [m [f.p.e.c.f.t.i.w.WPSearchClientIT]  -> Removing existing index [fscrawler_w_p_search_client_i_t_test_get_source_by_name*]
  1> 09:11:32,747 [36mDEBUG[m [f.p.e.c.f.c.ElasticsearchClient] delete index [fscrawler_w_p_search_client_i_t_test_get_source_by_name]
  1> 09:11:32,747 [30mTRACE[m [f.p.e.c.f.c.ElasticsearchClient] Calling DELETE https://127.0.0.1:9200/fscrawler_w_p_search_client_i_t_test_get_source_by_name with params []
  1> 09:11:32,749 [36mDEBUG[m [f.p.e.c.f.c.ElasticsearchClient] Error while running DELETE https://127.0.0.1:9200/fscrawler_w_p_search_client_i_t_test_get_source_by_name: {"error":{"root_cause":[{"type":"index_not_found_exception","reason":"no such index [fscrawler_w_p_search_client_i_t_test_get_source_by_name]","resource.type":"index_or_alias","resource.id":"fscrawler_w_p_search_client_i_t_test_get_source_by_name","index_uuid":"_na_","index":"fscrawler_w_p_search_client_i_t_test_get_source_by_name"}],"type":"index_not_found_exception","reason":"no such index [fscrawler_w_p_search_client_i_t_test_get_source_by_name]","resource.type":"index_or_alias","resource.id":"fscrawler_w_p_search_client_i_t_test_get_source_by_name","index_uuid":"_na_","index":"fscrawler_w_p_search_client_i_t_test_get_source_by_name"},"status":404}
  1> 09:11:32,749 [36mDEBUG[m [f.p.e.c.f.c.ElasticsearchClient] Index [fscrawler_w_p_search_client_i_t_test_get_source_by_name] was not found
  1> 09:11:32,749 [36mDEBUG[m [f.p.e.c.f.c.ElasticsearchClient] delete index [fscrawler_w_p_search_client_i_t_test_get_source_by_name_folder]
  1> 09:11:32,749 [30mTRACE[m [f.p.e.c.f.c.ElasticsearchClient] Calling DELETE https://127.0.0.1:9200/fscrawler_w_p_search_client_i_t_test_get_source_by_name_folder with params []
  1> 09:11:32,752 [36mDEBUG[m [f.p.e.c.f.c.ElasticsearchClient] Error while running DELETE https://127.0.0.1:9200/fscrawler_w_p_search_client_i_t_test_get_source_by_name_folder: {"error":{"root_cause":[{"type":"index_not_found_exception","reason":"no such index [fscrawler_w_p_search_client_i_t_test_get_source_by_name_folder]","resource.type":"index_or_alias","resource.id":"fscrawler_w_p_search_client_i_t_test_get_source_by_name_folder","index_uuid":"_na_","index":"fscrawler_w_p_search_client_i_t_test_get_source_by_name_folder"}],"type":"index_not_found_exception","reason":"no such index [fscrawler_w_p_search_client_i_t_test_get_source_by_name_folder]","resource.type":"index_or_alias","resource.id":"fscrawler_w_p_search_client_i_t_test_get_source_by_name_folder","index_uuid":"_na_","index":"fscrawler_w_p_search_client_i_t_test_get_source_by_name_folder"},"status":404}
  1> 09:11:32,752 [36mDEBUG[m [f.p.e.c.f.c.ElasticsearchClient] Index [fscrawler_w_p_search_client_i_t_test_get_source_by_name_folder] was not found
  1> 09:11:32,752 [32mINFO [m [f.p.e.c.f.t.f.AbstractFSCrawlerTestCase]   --> creating the workplace search custom source client
  1> 09:11:32,798 [32mINFO [m [f.p.e.c.f.t.w.WPSearchClient] Wokplace Search Client connected to a service running version 8.8.1
  1> 09:11:33,054 [32mINFO [m [f.p.e.c.f.t.f.AbstractFSCrawlerTestCase]   --> creating the workplace search custom source client
  1> 09:11:33,086 [32mINFO [m [f.p.e.c.f.t.w.WPSearchClient] Wokplace Search Client connected to a service running version 8.8.1
  1> 09:11:35,539 [32mINFO [m [f.p.e.c.f.t.f.AbstractFSCrawlerTestCase]   --> creating the workplace search custom source client
  1> 09:11:35,594 [32mINFO [m [f.p.e.c.f.t.w.WPSearchClient] Wokplace Search Client connected to a service running version 8.8.1
  1> 09:11:36,305 [32mINFO [m [f.p.e.c.f.t.f.AbstractFSCrawlerTestCase]   --> Launching test [test_get_version]
  1> 09:11:36,306 [32mINFO [m [f.p.e.c.f.t.i.w.WPSearchClientIT]  -> Removing existing index [fscrawler_w_p_search_client_i_t_test_get_version*]
  1> 09:11:36,306 [36mDEBUG[m [f.p.e.c.f.c.ElasticsearchClient] delete index [fscrawler_w_p_search_client_i_t_test_get_version]
  1> 09:11:36,306 [30mTRACE[m [f.p.e.c.f.c.ElasticsearchClient] Calling DELETE https://127.0.0.1:9200/fscrawler_w_p_search_client_i_t_test_get_version with params []
  1> 09:11:36,308 [36mDEBUG[m [f.p.e.c.f.c.ElasticsearchClient] Error while running DELETE https://127.0.0.1:9200/fscrawler_w_p_search_client_i_t_test_get_version: {"error":{"root_cause":[{"type":"index_not_found_exception","reason":"no such index [fscrawler_w_p_search_client_i_t_test_get_version]","resource.type":"index_or_alias","resource.id":"fscrawler_w_p_search_client_i_t_test_get_version","index_uuid":"_na_","index":"fscrawler_w_p_search_client_i_t_test_get_version"}],"type":"index_not_found_exception","reason":"no such index [fscrawler_w_p_search_client_i_t_test_get_version]","resource.type":"index_or_alias","resource.id":"fscrawler_w_p_search_client_i_t_test_get_version","index_uuid":"_na_","index":"fscrawler_w_p_search_client_i_t_test_get_version"},"status":404}
  1> 09:11:36,308 [36mDEBUG[m [f.p.e.c.f.c.ElasticsearchClient] Index [fscrawler_w_p_search_client_i_t_test_get_version] was not found
  1> 09:11:36,308 [36mDEBUG[m [f.p.e.c.f.c.ElasticsearchClient] delete index [fscrawler_w_p_search_client_i_t_test_get_version_folder]
  1> 09:11:36,308 [30mTRACE[m [f.p.e.c.f.c.ElasticsearchClient] Calling DELETE https://127.0.0.1:9200/fscrawler_w_p_search_client_i_t_test_get_version_folder with params []
  1> 09:11:36,310 [36mDEBUG[m [f.p.e.c.f.c.ElasticsearchClient] Error while running DELETE https://127.0.0.1:9200/fscrawler_w_p_search_client_i_t_test_get_version_folder: {"error":{"root_cause":[{"type":"index_not_found_exception","reason":"no such index [fscrawler_w_p_search_client_i_t_test_get_version_folder]","resource.type":"index_or_alias","resource.id":"fscrawler_w_p_search_client_i_t_test_get_version_folder","index_uuid":"_na_","index":"fscrawler_w_p_search_client_i_t_test_get_version_folder"}],"type":"index_not_found_exception","reason":"no such index [fscrawler_w_p_search_client_i_t_test_get_version_folder]","resource.type":"index_or_alias","resource.id":"fscrawler_w_p_search_client_i_t_test_get_version_folder","index_uuid":"_na_","index":"fscrawler_w_p_search_client_i_t_test_get_version_folder"},"status":404}
  1> 09:11:36,310 [36mDEBUG[m [f.p.e.c.f.c.ElasticsearchClient] Index [fscrawler_w_p_search_client_i_t_test_get_version_folder] was not found
  1> 09:11:36,310 [32mINFO [m [f.p.e.c.f.t.f.AbstractFSCrawlerTestCase]   --> creating the workplace search custom source client
  1> 09:11:36,346 [32mINFO [m [f.p.e.c.f.t.w.WPSearchClient] Wokplace Search Client connected to a service running version 8.8.1
  1> 09:11:36,518 [32mINFO [m [f.p.e.c.f.t.f.AbstractFSCrawlerTestCase]   --> creating the workplace search custom source client
  1> 09:11:36,587 [32mINFO [m [f.p.e.c.f.t.w.WPSearchClient] Wokplace Search Client connected to a service running version 8.8.1
  1> 09:11:36,651 [32mINFO [m [f.p.e.c.f.t.i.w.WPSearchClientIT] Current workplace search version: [8.8.1]
  1> 09:11:36,652 [32mINFO [m [f.p.e.c.f.t.f.AbstractFSCrawlerTestCase]   --> creating the workplace search custom source client
  1> 09:11:36,758 [32mINFO [m [f.p.e.c.f.t.w.WPSearchClient] Wokplace Search Client connected to a service running version 8.8.1
  1> 09:11:37,155 [32mINFO [m [f.p.e.c.f.t.f.AbstractFSCrawlerTestCase] Stopping integration tests against an external cluster
  1> 09:11:37,155 [36mDEBUG[m [f.p.e.c.f.c.ElasticsearchClient] Closing Elasticsearch client manager
  1> 09:11:37,156 [32mINFO [m [f.p.e.c.f.t.f.AbstractFSCrawlerTestCase] Document service stopped
  1> 09:11:37,156 [36mDEBUG[m [f.p.e.c.f.c.ElasticsearchClient] Closing Elasticsearch client manager
  1> 09:11:37,157 [32mINFO [m [f.p.e.c.f.t.f.AbstractFSCrawlerTestCase] Management service stopped
HEARTBEAT J1 PID(1382423@scs-dev-server): 2023-07-21T11:11:52, stalled for 10.8s at: FsCrawlerImplAllDocumentsIT (suite)
HEARTBEAT J1 PID(1382423@scs-dev-server): 2023-07-21T11:12:02, stalled for 20.9s at: FsCrawlerImplAllDocumentsIT (suite)
HEARTBEAT J3 PID(1382437@scs-dev-server): 2023-07-21T11:12:12, stalled for 10.6s at: FsCrawlerRestIT.testUploadAllDocuments
HEARTBEAT J3 PID(1382437@scs-dev-server): 2023-07-21T11:12:34, stalled for 10.1s at: FsCrawlerRestIT.testAllDocumentsWithRestExternalIndex

Tests with failures [seed: BB20867B2B555493]:
  - fr.pilato.elasticsearch.crawler.fs.test.integration.workplacesearch.WPSearchAllDocumentsIT.testAllDocuments
  - fr.pilato.elasticsearch.crawler.fs.test.integration.workplacesearch.WPSearchClientIT.testSearch


[[1;34mINFO[m] JVM J0:     1.08 ..    95.54 =    94.46s
[[1;34mINFO[m] JVM J1:     0.82 ..   106.82 =   105.99s
[[1;34mINFO[m] JVM J2:     0.83 ..    94.02 =    93.19s
[[1;34mINFO[m] JVM J3:     0.83 ..   154.77 =   153.94s
[[1;34mINFO[m] Execution time total: 2 minutes 34 seconds
[[1;34mINFO[m] Tests summary: 33 suites, 126 tests, 1 error, 1 failure, 4 ignored (1 assumption)
[[1;34mINFO[m] [1m------------------------------------------------------------------------[m
[[1;34mINFO[m] [1mReactor Summary for FSCrawler 2.10-SNAPSHOT:[m
[[1;34mINFO[m] 
[[1;34mINFO[m] FSCrawler .......................................... [1;32mSUCCESS[m [  0.365 s]
[[1;34mINFO[m] FSCrawler Test Framework ........................... [1;32mSUCCESS[m [  5.027 s]
[[1;34mINFO[m] FSCrawler Framework ................................ [1;32mSUCCESS[m [  2.320 s]
[[1;34mINFO[m] FSCrawler Settings ................................. [1;32mSUCCESS[m [  4.906 s]
[[1;34mINFO[m] FSCrawler Test Documents ........................... [1;32mSUCCESS[m [  0.196 s]
[[1;34mINFO[m] FSCrawler Beans .................................... [1;32mSUCCESS[m [  3.060 s]
[[1;34mINFO[m] FSCrawler 3rd Party libraries ...................... [1;32mSUCCESS[m [  0.013 s]
[[1;34mINFO[m] FSCrawler Workplace Search Client .................. [1;32mSUCCESS[m [  1.224 s]
[[1;34mINFO[m] FSCrawler Elasticsearch Client ..................... [1;32mSUCCESS[m [  3.238 s]
[[1;34mINFO[m] FSCrawler Tika ..................................... [1;32mSUCCESS[m [ 24.623 s]
[[1;34mINFO[m] FSCrawler Crawlers ................................. [1;32mSUCCESS[m [  0.015 s]
[[1;34mINFO[m] FSCrawler Abstract Crawler ......................... [1;32mSUCCESS[m [  0.297 s]
[[1;34mINFO[m] FSCrawler Crawlers: FS ............................. [1;32mSUCCESS[m [  1.293 s]
[[1;34mINFO[m] FSCrawler Crawlers: FTP ............................ [1;32mSUCCESS[m [  3.562 s]
[[1;34mINFO[m] FSCrawler Crawlers: SSH ............................ [1;32mSUCCESS[m [  1.349 s]
[[1;34mINFO[m] FSCrawler Core ..................................... [1;32mSUCCESS[m [  3.387 s]
[[1;34mINFO[m] FSCrawler Rest Server .............................. [1;32mSUCCESS[m [  1.283 s]
[[1;34mINFO[m] FSCrawler Integration Tests ........................ [1;31mFAILURE[m [04:12 min]
[[1;34mINFO[m] FSCrawler Cli ...................................... [1;33mSKIPPED[m
[[1;34mINFO[m] FSCrawler ZIP Distribution ......................... [1;33mSKIPPED[m
[[1;34mINFO[m] FSCrawler Documentation ............................ [1;33mSKIPPED[m
[[1;34mINFO[m] FSCrawler Contribution Examples .................... [1;33mSKIPPED[m
[[1;34mINFO[m] [1m------------------------------------------------------------------------[m
[[1;34mINFO[m] [1;31mBUILD FAILURE[m
[[1;34mINFO[m] [1m------------------------------------------------------------------------[m
[[1;34mINFO[m] Total time:  05:08 min
[[1;34mINFO[m] Finished at: 2023-07-21T11:13:03+03:00
[[1;34mINFO[m] [1m------------------------------------------------------------------------[m
[[1;31mERROR[m] Failed to execute goal [32mcom.carrotsearch.randomizedtesting:junit4-maven-plugin:2.8.1:junit4[m [1m(integration-tests)[m on project [36mfscrawler-it[m: [1;31mThere were test failures: 33 suites, 126 tests, 1 error, 1 failure, 4 ignored (1 assumption) [seed: BB20867B2B555493][m -> [1m[Help 1][m
[1;31morg.apache.maven.lifecycle.LifecycleExecutionException[m: [1;31mFailed to execute goal [32mcom.carrotsearch.randomizedtesting:junit4-maven-plugin:2.8.1:junit4[m [1m(integration-tests)[m on project [36mfscrawler-it[m: [1;31mThere were test failures: 33 suites, 126 tests, 1 error, 1 failure, 4 ignored (1 assumption) [seed: BB20867B2B555493][m[m
    [1mat[m org.apache.maven.lifecycle.internal.MojoExecutor.execute ([1mMojoExecutor.java:215[m)
    [1mat[m org.apache.maven.lifecycle.internal.MojoExecutor.execute ([1mMojoExecutor.java:156[m)
    [1mat[m org.apache.maven.lifecycle.internal.MojoExecutor.execute ([1mMojoExecutor.java:148[m)
    [1mat[m org.apache.maven.lifecycle.internal.LifecycleModuleBuilder.buildProject ([1mLifecycleModuleBuilder.java:117[m)
    [1mat[m org.apache.maven.lifecycle.internal.LifecycleModuleBuilder.buildProject ([1mLifecycleModuleBuilder.java:81[m)
    [1mat[m org.apache.maven.lifecycle.internal.builder.singlethreaded.SingleThreadedBuilder.build ([1mSingleThreadedBuilder.java:56[m)
    [1mat[m org.apache.maven.lifecycle.internal.LifecycleStarter.execute ([1mLifecycleStarter.java:128[m)
    [1mat[m org.apache.maven.DefaultMaven.doExecute ([1mDefaultMaven.java:305[m)
    [1mat[m org.apache.maven.DefaultMaven.doExecute ([1mDefaultMaven.java:192[m)
    [1mat[m org.apache.maven.DefaultMaven.execute ([1mDefaultMaven.java:105[m)
    [1mat[m org.apache.maven.cli.MavenCli.execute ([1mMavenCli.java:957[m)
    [1mat[m org.apache.maven.cli.MavenCli.doMain ([1mMavenCli.java:289[m)
    [1mat[m org.apache.maven.cli.MavenCli.main ([1mMavenCli.java:193[m)
    [1mat[m jdk.internal.reflect.NativeMethodAccessorImpl.invoke0 ([1mNative Method[m)
    [1mat[m jdk.internal.reflect.NativeMethodAccessorImpl.invoke ([1mNativeMethodAccessorImpl.java:62[m)
    [1mat[m jdk.internal.reflect.DelegatingMethodAccessorImpl.invoke ([1mDelegatingMethodAccessorImpl.java:43[m)
    [1mat[m java.lang.reflect.Method.invoke ([1mMethod.java:566[m)
    [1mat[m org.codehaus.plexus.classworlds.launcher.Launcher.launchEnhanced ([1mLauncher.java:282[m)
    [1mat[m org.codehaus.plexus.classworlds.launcher.Launcher.launch ([1mLauncher.java:225[m)
    [1mat[m org.codehaus.plexus.classworlds.launcher.Launcher.mainWithExitCode ([1mLauncher.java:406[m)
    [1mat[m org.codehaus.plexus.classworlds.launcher.Launcher.main ([1mLauncher.java:347[m)
[1mCaused by[m: org.apache.maven.plugin.MojoExecutionException: [1;31mThere were test failures: 33 suites, 126 tests, 1 error, 1 failure, 4 ignored (1 assumption) [seed: BB20867B2B555493][m
    [1mat[m com.carrotsearch.maven.plugins.junit4.JUnit4Mojo.execute ([1mJUnit4Mojo.java:551[m)
    [1mat[m org.apache.maven.plugin.DefaultBuildPluginManager.executeMojo ([1mDefaultBuildPluginManager.java:137[m)
    [1mat[m org.apache.maven.lifecycle.internal.MojoExecutor.execute ([1mMojoExecutor.java:210[m)
    [1mat[m org.apache.maven.lifecycle.internal.MojoExecutor.execute ([1mMojoExecutor.java:156[m)
    [1mat[m org.apache.maven.lifecycle.internal.MojoExecutor.execute ([1mMojoExecutor.java:148[m)
    [1mat[m org.apache.maven.lifecycle.internal.LifecycleModuleBuilder.buildProject ([1mLifecycleModuleBuilder.java:117[m)
    [1mat[m org.apache.maven.lifecycle.internal.LifecycleModuleBuilder.buildProject ([1mLifecycleModuleBuilder.java:81[m)
    [1mat[m org.apache.maven.lifecycle.internal.builder.singlethreaded.SingleThreadedBuilder.build ([1mSingleThreadedBuilder.java:56[m)
    [1mat[m org.apache.maven.lifecycle.internal.LifecycleStarter.execute ([1mLifecycleStarter.java:128[m)
    [1mat[m org.apache.maven.DefaultMaven.doExecute ([1mDefaultMaven.java:305[m)
    [1mat[m org.apache.maven.DefaultMaven.doExecute ([1mDefaultMaven.java:192[m)
    [1mat[m org.apache.maven.DefaultMaven.execute ([1mDefaultMaven.java:105[m)
    [1mat[m org.apache.maven.cli.MavenCli.execute ([1mMavenCli.java:957[m)
    [1mat[m org.apache.maven.cli.MavenCli.doMain ([1mMavenCli.java:289[m)
    [1mat[m org.apache.maven.cli.MavenCli.main ([1mMavenCli.java:193[m)
    [1mat[m jdk.internal.reflect.NativeMethodAccessorImpl.invoke0 ([1mNative Method[m)
    [1mat[m jdk.internal.reflect.NativeMethodAccessorImpl.invoke ([1mNativeMethodAccessorImpl.java:62[m)
    [1mat[m jdk.internal.reflect.DelegatingMethodAccessorImpl.invoke ([1mDelegatingMethodAccessorImpl.java:43[m)
    [1mat[m java.lang.reflect.Method.invoke ([1mMethod.java:566[m)
    [1mat[m org.codehaus.plexus.classworlds.launcher.Launcher.launchEnhanced ([1mLauncher.java:282[m)
    [1mat[m org.codehaus.plexus.classworlds.launcher.Launcher.launch ([1mLauncher.java:225[m)
    [1mat[m org.codehaus.plexus.classworlds.launcher.Launcher.mainWithExitCode ([1mLauncher.java:406[m)
    [1mat[m org.codehaus.plexus.classworlds.launcher.Launcher.main ([1mLauncher.java:347[m)
[[1;31mERROR[m] 
[[1;31mERROR[m] Re-run Maven using the [1m-X[m switch to enable full debug logging.
[[1;31mERROR[m] 
[[1;31mERROR[m] For more information about the errors and possible solutions, please read the following articles:
[[1;31mERROR[m] [1m[Help 1][m http://cwiki.apache.org/confluence/display/MAVEN/MojoExecutionException
[[1;31mERROR[m] 
[[1;31mERROR[m] After correcting the problems, you can resume the build with the command
[[1;31mERROR[m]   [1mmvn <args> -rf :fscrawler-it[m
